Running 30s test @ http://localhost:8080/wrk2-api/post/compose
  1 threads and 2 connections
  Thread calibration: mean lat.: 4.848ms, rate sampling interval: 14ms
  Thread Stats   Avg      Stdev     99%   +/- Stdev
    Latency     4.88ms    2.20ms  13.22ms   86.31%
    Req/Sec   206.35    114.31   466.00     64.37%
  Latency Distribution (HdrHistogram - Recorded Latency)
 50.000%    3.95ms
 75.000%    5.53ms
 90.000%    7.58ms
 99.000%   13.22ms
 99.900%   20.66ms
 99.990%   24.24ms
 99.999%   24.24ms
100.000%   24.24ms

  Detailed Percentile spectrum:
       Value   Percentile   TotalCount 1/(1-Percentile)

       2.605     0.000000            1         1.00
       3.345     0.100000          399         1.11
       3.505     0.200000          802         1.25
       3.645     0.300000         1198         1.43
       3.781     0.400000         1599         1.67
       3.951     0.500000         1995         2.00
       4.063     0.550000         2194         2.22
       4.231     0.600000         2395         2.50
       4.479     0.650000         2593         2.86
       4.871     0.700000         2793         3.33
       5.531     0.750000         2992         4.00
       5.803     0.775000         3092         4.44
       6.099     0.800000         3194         5.00
       6.519     0.825000         3295         5.71
       6.879     0.850000         3391         6.67
       7.207     0.875000         3491         8.00
       7.399     0.887500         3542         8.89
       7.587     0.900000         3593        10.00
       7.819     0.912500         3640        11.43
       8.147     0.925000         3691        13.33
       8.655     0.937500         3740        16.00
       8.895     0.943750         3767        17.78
       9.279     0.950000         3790        20.00
       9.695     0.956250         3815        22.86
      10.063     0.962500         3840        26.67
      10.519     0.968750         3865        32.00
      10.847     0.971875         3877        35.56
      11.087     0.975000         3890        40.00
      11.503     0.978125         3902        45.71
      11.783     0.981250         3915        53.33
      12.047     0.984375         3927        64.00
      12.287     0.985938         3933        71.11
      12.583     0.987500         3940        80.00
      13.055     0.989062         3946        91.43
      13.255     0.990625         3952       106.67
      13.735     0.992188         3958       128.00
      14.015     0.992969         3961       142.22
      14.991     0.993750         3965       160.00
      15.431     0.994531         3968       182.86
      15.695     0.995313         3971       213.33
      16.279     0.996094         3974       256.00
      16.495     0.996484         3975       284.44
      16.591     0.996875         3977       320.00
      16.959     0.997266         3979       365.71
      16.975     0.997656         3981       426.67
      19.199     0.998047         3982       512.00
      19.199     0.998242         3982       568.89
      19.279     0.998437         3983       640.00
      19.535     0.998633         3984       731.43
      20.655     0.998828         3985       853.33
      21.439     0.999023         3986      1024.00
      21.439     0.999121         3986      1137.78
      21.439     0.999219         3986      1280.00
      22.511     0.999316         3987      1462.86
      22.511     0.999414         3987      1706.67
      23.775     0.999512         3988      2048.00
      23.775     0.999561         3988      2275.56
      23.775     0.999609         3988      2560.00
      23.775     0.999658         3988      2925.71
      23.775     0.999707         3988      3413.33
      24.239     0.999756         3989      4096.00
      24.239     1.000000         3989          inf
#[Mean    =        4.877, StdDeviation   =        2.204]
#[Max     =       24.224, Total count    =         3989]
#[Buckets =           27, SubBuckets     =         2048]
----------------------------------------------------------
  5992 requests in 30.00s, 1.23MB read
Requests/sec:    199.72
Transfer/sec:     41.93KB
