Running 30s test @ http://localhost:8080/wrk2-api/post/compose
  1 threads and 7 connections
  Thread calibration: mean lat.: 5.693ms, rate sampling interval: 19ms
  Thread Stats   Avg      Stdev     99%   +/- Stdev
    Latency     5.74ms    3.87ms  21.58ms   89.20%
    Req/Sec   708.12    171.92     1.05k    63.01%
  Latency Distribution (HdrHistogram - Recorded Latency)
 50.000%    4.46ms
 75.000%    6.65ms
 90.000%    9.94ms
 99.000%   21.58ms
 99.900%   36.42ms
 99.990%   43.97ms
 99.999%   43.97ms
100.000%   43.97ms

  Detailed Percentile spectrum:
       Value   Percentile   TotalCount 1/(1-Percentile)

       2.099     0.000000            1         1.00
       2.923     0.100000         1383         1.11
       3.243     0.200000         2759         1.25
       3.577     0.300000         4141         1.43
       3.977     0.400000         5517         1.67
       4.459     0.500000         6898         2.00
       4.763     0.550000         7588         2.22
       5.123     0.600000         8277         2.50
       5.563     0.650000         8967         2.86
       6.027     0.700000         9654         3.33
       6.647     0.750000        10344         4.00
       6.987     0.775000        10690         4.44
       7.383     0.800000        11034         5.00
       7.863     0.825000        11377         5.71
       8.375     0.850000        11722         6.67
       9.079     0.875000        12070         8.00
       9.455     0.887500        12239         8.89
       9.935     0.900000        12412        10.00
      10.431     0.912500        12584        11.43
      11.023     0.925000        12757        13.33
      11.847     0.937500        12929        16.00
      12.255     0.943750        13018        17.78
      12.807     0.950000        13101        20.00
      13.511     0.956250        13187        22.86
      14.215     0.962500        13273        26.67
      15.047     0.968750        13360        32.00
      15.527     0.971875        13403        35.56
      16.111     0.975000        13447        40.00
      16.815     0.978125        13489        45.71
      17.839     0.981250        13532        53.33
      18.767     0.984375        13575        64.00
      19.263     0.985938        13597        71.11
      19.903     0.987500        13618        80.00
      20.815     0.989062        13640        91.43
      22.223     0.990625        13661       106.67
      23.823     0.992188        13683       128.00
      24.335     0.992969        13694       142.22
      25.503     0.993750        13704       160.00
      26.047     0.994531        13716       182.86
      26.959     0.995313        13726       213.33
      28.303     0.996094        13737       256.00
      28.959     0.996484        13742       284.44
      30.639     0.996875        13747       320.00
      31.103     0.997266        13753       365.71
      32.367     0.997656        13758       426.67
      33.247     0.998047        13764       512.00
      34.367     0.998242        13766       568.89
      35.263     0.998437        13770       640.00
      35.455     0.998633        13772       731.43
      35.967     0.998828        13774       853.33
      36.639     0.999023        13777      1024.00
      36.735     0.999121        13778      1137.78
      37.023     0.999219        13780      1280.00
      38.271     0.999316        13781      1462.86
      38.879     0.999414        13782      1706.67
      39.167     0.999512        13784      2048.00
      39.167     0.999561        13784      2275.56
      39.519     0.999609        13785      2560.00
      40.639     0.999658        13786      2925.71
      40.639     0.999707        13786      3413.33
      42.463     0.999756        13787      4096.00
      42.463     0.999780        13787      4551.11
      43.039     0.999805        13788      5120.00
      43.039     0.999829        13788      5851.43
      43.039     0.999854        13788      6826.67
      43.967     0.999878        13790      8192.00
      43.967     1.000000        13790          inf
#[Mean    =        5.737, StdDeviation   =        3.868]
#[Max     =       43.936, Total count    =        13790]
#[Buckets =           27, SubBuckets     =         2048]
----------------------------------------------------------
  20764 requests in 30.00s, 4.26MB read
Requests/sec:    692.13
Transfer/sec:    145.32KB
