Running 30s test @ http://localhost:8080/wrk2-api/post/compose
  1 threads and 5 connections
  Thread calibration: mean lat.: 4.359ms, rate sampling interval: 13ms
  Thread Stats   Avg      Stdev     99%   +/- Stdev
    Latency     4.08ms    1.70ms  10.44ms   85.26%
    Req/Sec   519.85    184.53     0.92k    65.19%
  Latency Distribution (HdrHistogram - Recorded Latency)
 50.000%    3.47ms
 75.000%    4.57ms
 90.000%    6.37ms
 99.000%   10.44ms
 99.900%   14.45ms
 99.990%   17.44ms
 99.999%   20.11ms
100.000%   20.11ms

  Detailed Percentile spectrum:
       Value   Percentile   TotalCount 1/(1-Percentile)

       2.101     0.000000            1         1.00
       2.721     0.100000         1000         1.11
       2.913     0.200000         2004         1.25
       3.083     0.300000         3010         1.43
       3.255     0.400000         4000         1.67
       3.471     0.500000         5008         2.00
       3.601     0.550000         5504         2.22
       3.745     0.600000         6003         2.50
       3.945     0.650000         6505         2.86
       4.211     0.700000         7001         3.33
       4.575     0.750000         7503         4.00
       4.807     0.775000         7751         4.44
       5.075     0.800000         8001         5.00
       5.351     0.825000         8250         5.71
       5.655     0.850000         8506         6.67
       5.959     0.875000         8755         8.00
       6.155     0.887500         8879         8.89
       6.371     0.900000         9001        10.00
       6.575     0.912500         9127        11.43
       6.831     0.925000         9250        13.33
       7.139     0.937500         9375        16.00
       7.295     0.943750         9437        17.78
       7.523     0.950000         9500        20.00
       7.747     0.956250         9564        22.86
       8.035     0.962500         9625        26.67
       8.319     0.968750         9687        32.00
       8.503     0.971875         9719        35.56
       8.663     0.975000         9750        40.00
       8.919     0.978125         9781        45.71
       9.303     0.981250         9812        53.33
       9.647     0.984375         9843        64.00
       9.855     0.985938         9859        71.11
      10.047     0.987500         9875        80.00
      10.255     0.989062         9891        91.43
      10.591     0.990625         9906       106.67
      10.823     0.992188         9921       128.00
      10.975     0.992969         9929       142.22
      11.263     0.993750         9937       160.00
      11.455     0.994531         9945       182.86
      11.615     0.995313         9953       213.33
      11.935     0.996094         9960       256.00
      12.135     0.996484         9964       284.44
      12.351     0.996875         9968       320.00
      12.999     0.997266         9972       365.71
      13.375     0.997656         9976       426.67
      13.567     0.998047         9980       512.00
      13.599     0.998242         9982       568.89
      13.975     0.998437         9984       640.00
      14.023     0.998633         9986       731.43
      14.311     0.998828         9988       853.33
      14.623     0.999023         9990      1024.00
      14.655     0.999121         9991      1137.78
      14.719     0.999219         9992      1280.00
      15.151     0.999316         9993      1462.86
      15.167     0.999414         9994      1706.67
      16.007     0.999512         9995      2048.00
      16.007     0.999561         9995      2275.56
      16.527     0.999609         9996      2560.00
      16.527     0.999658         9996      2925.71
      17.071     0.999707         9997      3413.33
      17.071     0.999756         9997      4096.00
      17.071     0.999780         9997      4551.11
      17.439     0.999805         9998      5120.00
      17.439     0.999829         9998      5851.43
      17.439     0.999854         9998      6826.67
      17.439     0.999878         9998      8192.00
      17.439     0.999890         9998      9102.22
      20.111     0.999902         9999     10240.00
      20.111     1.000000         9999          inf
#[Mean    =        4.082, StdDeviation   =        1.698]
#[Max     =       20.096, Total count    =         9999]
#[Buckets =           27, SubBuckets     =         2048]
----------------------------------------------------------
  14981 requests in 30.00s, 3.07MB read
Requests/sec:    499.34
Transfer/sec:    104.84KB
