Running 30s test @ http://localhost:8080/wrk2-api/post/compose
  1 threads and 3 connections
  Thread calibration: mean lat.: 3.946ms, rate sampling interval: 12ms
  Thread Stats   Avg      Stdev     99%   +/- Stdev
    Latency     3.83ms    1.61ms  10.36ms   86.32%
    Req/Sec   310.77    150.94   727.00     74.76%
  Latency Distribution (HdrHistogram - Recorded Latency)
 50.000%    3.25ms
 75.000%    3.98ms
 90.000%    5.91ms
 99.000%   10.36ms
 99.900%   14.97ms
 99.990%   17.49ms
 99.999%   23.41ms
100.000%   23.41ms

  Detailed Percentile spectrum:
       Value   Percentile   TotalCount 1/(1-Percentile)

       2.271     0.000000            1         1.00
       2.701     0.100000          604         1.11
       2.853     0.200000         1198         1.25
       2.977     0.300000         1793         1.43
       3.105     0.400000         2392         1.67
       3.251     0.500000         2983         2.00
       3.331     0.550000         3278         2.22
       3.423     0.600000         3579         2.50
       3.551     0.650000         3874         2.86
       3.737     0.700000         4174         3.33
       3.985     0.750000         4470         4.00
       4.231     0.775000         4621         4.44
       4.511     0.800000         4768         5.00
       4.895     0.825000         4918         5.71
       5.247     0.850000         5066         6.67
       5.607     0.875000         5215         8.00
       5.747     0.887500         5289         8.89
       5.911     0.900000         5364        10.00
       6.095     0.912500         5441        11.43
       6.259     0.925000         5513        13.33
       6.499     0.937500         5589        16.00
       6.651     0.943750         5624        17.78
       6.815     0.950000         5663        20.00
       7.047     0.956250         5699        22.86
       7.279     0.962500         5736        26.67
       7.663     0.968750         5773        32.00
       7.831     0.971875         5792        35.56
       8.059     0.975000         5811        40.00
       8.303     0.978125         5829        45.71
       8.839     0.981250         5848        53.33
       9.239     0.984375         5866        64.00
       9.455     0.985938         5876        71.11
       9.919     0.987500         5885        80.00
      10.271     0.989062         5894        91.43
      10.511     0.990625         5904       106.67
      10.799     0.992188         5914       128.00
      11.223     0.992969         5918       142.22
      11.351     0.993750         5922       160.00
      11.863     0.994531         5927       182.86
      12.623     0.995313         5932       213.33
      13.103     0.996094         5936       256.00
      13.183     0.996484         5939       284.44
      13.239     0.996875         5941       320.00
      13.359     0.997266         5943       365.71
      13.855     0.997656         5946       426.67
      14.295     0.998047         5948       512.00
      14.575     0.998242         5949       568.89
      14.599     0.998437         5950       640.00
      14.879     0.998633         5951       731.43
      14.967     0.998828         5953       853.33
      14.991     0.999023         5954      1024.00
      14.991     0.999121         5954      1137.78
      15.799     0.999219         5955      1280.00
      15.799     0.999316         5955      1462.86
      16.135     0.999414         5956      1706.67
      16.231     0.999512         5957      2048.00
      16.231     0.999561         5957      2275.56
      16.231     0.999609         5957      2560.00
      16.231     0.999658         5957      2925.71
      17.487     0.999707         5958      3413.33
      17.487     0.999756         5958      4096.00
      17.487     0.999780         5958      4551.11
      17.487     0.999805         5958      5120.00
      17.487     0.999829         5958      5851.43
      23.407     0.999854         5959      6826.67
      23.407     1.000000         5959          inf
#[Mean    =        3.828, StdDeviation   =        1.607]
#[Max     =       23.392, Total count    =         5959]
#[Buckets =           27, SubBuckets     =         2048]
----------------------------------------------------------
  8959 requests in 30.00s, 1.84MB read
Requests/sec:    298.60
Transfer/sec:     62.69KB
