Running 30s test @ http://localhost:8080/wrk2-api/post/compose
  1 threads and 6 connections
  Thread calibration: mean lat.: 4.540ms, rate sampling interval: 14ms
  Thread Stats   Avg      Stdev     99%   +/- Stdev
    Latency     4.39ms    1.94ms  11.61ms   85.57%
    Req/Sec   616.89    191.40     1.00k    71.08%
  Latency Distribution (HdrHistogram - Recorded Latency)
 50.000%    3.70ms
 75.000%    5.01ms
 90.000%    6.92ms
 99.000%   11.61ms
 99.900%   15.99ms
 99.990%   21.10ms
 99.999%   24.11ms
100.000%   24.11ms

  Detailed Percentile spectrum:
       Value   Percentile   TotalCount 1/(1-Percentile)

       2.123     0.000000            1         1.00
       2.805     0.100000         1195         1.11
       3.019     0.200000         2384         1.25
       3.217     0.300000         3574         1.43
       3.435     0.400000         4764         1.67
       3.705     0.500000         5949         2.00
       3.877     0.550000         6547         2.22
       4.069     0.600000         7141         2.50
       4.315     0.650000         7744         2.86
       4.611     0.700000         8329         3.33
       5.011     0.750000         8923         4.00
       5.267     0.775000         9219         4.44
       5.519     0.800000         9520         5.00
       5.795     0.825000         9815         5.71
       6.107     0.850000        10111         6.67
       6.487     0.875000        10411         8.00
       6.699     0.887500        10562         8.89
       6.919     0.900000        10705        10.00
       7.155     0.912500        10854        11.43
       7.495     0.925000        11002        13.33
       7.875     0.937500        11153        16.00
       8.063     0.943750        11226        17.78
       8.311     0.950000        11300        20.00
       8.599     0.956250        11374        22.86
       8.831     0.962500        11450        26.67
       9.191     0.968750        11523        32.00
       9.439     0.971875        11560        35.56
       9.695     0.975000        11597        40.00
       9.951     0.978125        11634        45.71
      10.239     0.981250        11671        53.33
      10.615     0.984375        11710        64.00
      10.783     0.985938        11727        71.11
      11.023     0.987500        11746        80.00
      11.383     0.989062        11764        91.43
      11.711     0.990625        11783       106.67
      12.287     0.992188        11802       128.00
      12.471     0.992969        11811       142.22
      12.767     0.993750        11821       160.00
      13.103     0.994531        11830       182.86
      13.471     0.995313        11839       213.33
      13.823     0.996094        11849       256.00
      13.991     0.996484        11853       284.44
      14.279     0.996875        11857       320.00
      14.735     0.997266        11862       365.71
      14.935     0.997656        11867       426.67
      15.143     0.998047        11872       512.00
      15.271     0.998242        11874       568.89
      15.351     0.998437        11876       640.00
      15.495     0.998633        11878       731.43
      15.983     0.998828        11881       853.33
      16.047     0.999023        11883      1024.00
      16.271     0.999121        11884      1137.78
      16.303     0.999219        11885      1280.00
      16.367     0.999316        11886      1462.86
      17.455     0.999414        11888      1706.67
      17.823     0.999512        11889      2048.00
      17.823     0.999561        11889      2275.56
      18.847     0.999609        11890      2560.00
      18.847     0.999658        11890      2925.71
      19.135     0.999707        11891      3413.33
      20.303     0.999756        11892      4096.00
      20.303     0.999780        11892      4551.11
      20.303     0.999805        11892      5120.00
      20.303     0.999829        11892      5851.43
      21.103     0.999854        11893      6826.67
      21.103     0.999878        11893      8192.00
      21.103     0.999890        11893      9102.22
      21.103     0.999902        11893     10240.00
      21.103     0.999915        11893     11702.86
      24.111     0.999927        11894     13653.33
      24.111     1.000000        11894          inf
#[Mean    =        4.386, StdDeviation   =        1.943]
#[Max     =       24.096, Total count    =        11894]
#[Buckets =           27, SubBuckets     =         2048]
----------------------------------------------------------
  17889 requests in 30.00s, 3.67MB read
Requests/sec:    596.30
Transfer/sec:    125.20KB
