Running 30s test @ http://localhost:8080/wrk2-api/post/compose
  1 threads and 11 connections
  Thread calibration: mean lat.: 128.920ms, rate sampling interval: 526ms
  Thread Stats   Avg      Stdev     99%   +/- Stdev
    Latency   437.12ms  306.11ms   1.26s    65.40%
    Req/Sec     1.06k    23.30     1.11k    76.32%
  Latency Distribution (HdrHistogram - Recorded Latency)
 50.000%  379.90ms
 75.000%  592.38ms
 90.000%  905.22ms
 99.000%    1.26s 
 99.900%    1.39s 
 99.990%    1.41s 
 99.999%    1.42s 
100.000%    1.42s 

  Detailed Percentile spectrum:
       Value   Percentile   TotalCount 1/(1-Percentile)

       5.287     0.000000            1         1.00
      86.399     0.100000         2117         1.11
     162.303     0.200000         4235         1.25
     235.519     0.300000         6351         1.43
     305.151     0.400000         8475         1.67
     379.903     0.500000        10591         2.00
     416.767     0.550000        11644         2.22
     451.839     0.600000        12710         2.50
     487.423     0.650000        13765         2.86
     527.359     0.700000        14828         3.33
     592.383     0.750000        15876         4.00
     659.967     0.775000        16411         4.44
     729.087     0.800000        16935         5.00
     775.679     0.825000        17465         5.71
     817.663     0.850000        17997         6.67
     861.695     0.875000        18523         8.00
     885.759     0.887500        18791         8.89
     905.215     0.900000        19052        10.00
     930.815     0.912500        19316        11.43
     960.511     0.925000        19580        13.33
     987.135     0.937500        19847        16.00
    1008.639     0.943750        19979        17.78
    1026.559     0.950000        20110        20.00
    1047.551     0.956250        20245        22.86
    1068.031     0.962500        20377        26.67
    1099.775     0.968750        20507        32.00
    1116.159     0.971875        20573        35.56
    1134.591     0.975000        20639        40.00
    1149.951     0.978125        20706        45.71
    1169.407     0.981250        20771        53.33
    1204.223     0.984375        20838        64.00
    1225.727     0.985938        20871        71.11
    1240.063     0.987500        20904        80.00
    1250.303     0.989062        20937        91.43
    1274.879     0.990625        20970       106.67
    1305.599     0.992188        21004       128.00
    1312.767     0.992969        21020       142.22
    1324.031     0.993750        21036       160.00
    1334.271     0.994531        21052       182.86
    1341.439     0.995313        21070       213.33
    1350.655     0.996094        21085       256.00
    1355.775     0.996484        21093       284.44
    1358.847     0.996875        21101       320.00
    1363.967     0.997266        21111       365.71
    1368.063     0.997656        21120       426.67
    1372.159     0.998047        21127       512.00
    1375.231     0.998242        21130       568.89
    1378.303     0.998437        21134       640.00
    1382.399     0.998633        21139       731.43
    1387.519     0.998828        21146       853.33
    1388.543     0.999023        21147      1024.00
    1389.567     0.999121        21149      1137.78
    1393.663     0.999219        21151      1280.00
    1396.735     0.999316        21154      1462.86
    1398.783     0.999414        21155      1706.67
    1402.879     0.999512        21157      2048.00
    1404.927     0.999561        21158      2275.56
    1406.975     0.999609        21159      2560.00
    1407.999     0.999658        21160      2925.71
    1410.047     0.999707        21162      3413.33
    1410.047     0.999756        21162      4096.00
    1411.071     0.999780        21163      4551.11
    1411.071     0.999805        21163      5120.00
    1413.119     0.999829        21165      5851.43
    1413.119     0.999854        21165      6826.67
    1413.119     0.999878        21165      8192.00
    1413.119     0.999890        21165      9102.22
    1413.119     0.999902        21165     10240.00
    1422.335     0.999915        21166     11702.86
    1422.335     0.999927        21166     13653.33
    1422.335     0.999939        21166     16384.00
    1422.335     0.999945        21166     18204.44
    1422.335     0.999951        21166     20480.00
    1423.359     0.999957        21167     23405.71
    1423.359     1.000000        21167          inf
#[Mean    =      437.122, StdDeviation   =      306.109]
#[Max     =     1422.336, Total count    =        21167]
#[Buckets =           27, SubBuckets     =         2048]
----------------------------------------------------------
  31899 requests in 30.00s, 6.54MB read
Requests/sec:   1063.30
Transfer/sec:    223.25KB
