Running 30s test @ http://localhost:8080/wrk2-api/post/compose
  1 threads and 9 connections
  Thread calibration: mean lat.: 7.587ms, rate sampling interval: 26ms
  Thread Stats   Avg      Stdev     99%   +/- Stdev
    Latency     7.51ms    4.85ms  25.60ms   86.44%
    Req/Sec     0.91k   148.67     1.20k    66.75%
  Latency Distribution (HdrHistogram - Recorded Latency)
 50.000%    5.97ms
 75.000%    9.11ms
 90.000%   13.53ms
 99.000%   25.60ms
 99.900%   39.10ms
 99.990%   46.24ms
 99.999%   48.29ms
100.000%   48.29ms

  Detailed Percentile spectrum:
       Value   Percentile   TotalCount 1/(1-Percentile)

       2.213     0.000000            1         1.00
       3.417     0.100000         1793         1.11
       3.991     0.200000         3582         1.25
       4.575     0.300000         5379         1.43
       5.223     0.400000         7169         1.67
       5.967     0.500000         8947         2.00
       6.379     0.550000         9848         2.22
       6.919     0.600000        10744         2.50
       7.523     0.650000        11632         2.86
       8.215     0.700000        12532         3.33
       9.111     0.750000        13426         4.00
       9.599     0.775000        13868         4.44
      10.159     0.800000        14317         5.00
      10.799     0.825000        14763         5.71
      11.583     0.850000        15208         6.67
      12.439     0.875000        15655         8.00
      12.967     0.887500        15879         8.89
      13.535     0.900000        16105        10.00
      14.159     0.912500        16326        11.43
      14.967     0.925000        16552        13.33
      15.847     0.937500        16775        16.00
      16.511     0.943750        16886        17.78
      17.167     0.950000        16997        20.00
      17.919     0.956250        17109        22.86
      18.671     0.962500        17221        26.67
      19.855     0.968750        17335        32.00
      20.303     0.971875        17388        35.56
      20.863     0.975000        17444        40.00
      21.551     0.978125        17501        45.71
      22.319     0.981250        17556        53.33
      23.519     0.984375        17612        64.00
      24.063     0.985938        17641        71.11
      24.655     0.987500        17668        80.00
      25.167     0.989062        17696        91.43
      25.983     0.990625        17724       106.67
      27.007     0.992188        17752       128.00
      27.519     0.992969        17766       142.22
      28.367     0.993750        17780       160.00
      29.279     0.994531        17794       182.86
      30.127     0.995313        17809       213.33
      31.167     0.996094        17822       256.00
      31.871     0.996484        17829       284.44
      32.863     0.996875        17836       320.00
      34.079     0.997266        17843       365.71
      34.399     0.997656        17850       426.67
      35.359     0.998047        17857       512.00
      35.743     0.998242        17860       568.89
      36.191     0.998437        17864       640.00
      37.567     0.998633        17867       731.43
      39.007     0.998828        17871       853.33
      39.359     0.999023        17874      1024.00
      41.119     0.999121        17876      1137.78
      41.535     0.999219        17878      1280.00
      42.111     0.999316        17879      1462.86
      42.431     0.999414        17881      1706.67
      44.191     0.999512        17884      2048.00
      44.191     0.999561        17884      2275.56
      44.319     0.999609        17885      2560.00
      44.319     0.999658        17885      2925.71
      44.351     0.999707        17886      3413.33
      44.991     0.999756        17887      4096.00
      45.247     0.999780        17888      4551.11
      45.247     0.999805        17888      5120.00
      45.247     0.999829        17888      5851.43
      46.239     0.999854        17889      6826.67
      46.239     0.999878        17889      8192.00
      47.519     0.999890        17890      9102.22
      47.519     0.999902        17890     10240.00
      47.519     0.999915        17890     11702.86
      47.519     0.999927        17890     13653.33
      47.519     0.999939        17890     16384.00
      48.287     0.999945        17891     18204.44
      48.287     1.000000        17891          inf
#[Mean    =        7.505, StdDeviation   =        4.851]
#[Max     =       48.256, Total count    =        17891]
#[Buckets =           27, SubBuckets     =         2048]
----------------------------------------------------------
  26851 requests in 30.00s, 5.51MB read
Requests/sec:    895.05
Transfer/sec:    187.93KB
