Running 30s test @ http://localhost:8080/wrk2-api/post/compose
  1 threads and 4 connections
  Thread calibration: mean lat.: 4.260ms, rate sampling interval: 13ms
  Thread Stats   Avg      Stdev     99%   +/- Stdev
    Latency     4.02ms    1.65ms  10.01ms   85.72%
    Req/Sec   410.92    169.18   833.00     64.88%
  Latency Distribution (HdrHistogram - Recorded Latency)
 50.000%    3.42ms
 75.000%    4.39ms
 90.000%    6.23ms
 99.000%   10.01ms
 99.900%   15.63ms
 99.990%   22.05ms
 99.999%   23.25ms
100.000%   23.25ms

  Detailed Percentile spectrum:
       Value   Percentile   TotalCount 1/(1-Percentile)

       2.241     0.000000            1         1.00
       2.753     0.100000          793         1.11
       2.929     0.200000         1589         1.25
       3.079     0.300000         2374         1.43
       3.231     0.400000         3170         1.67
       3.421     0.500000         3963         2.00
       3.539     0.550000         4353         2.22
       3.665     0.600000         4751         2.50
       3.835     0.650000         5144         2.86
       4.077     0.700000         5546         3.33
       4.387     0.750000         5938         4.00
       4.615     0.775000         6132         4.44
       4.923     0.800000         6331         5.00
       5.211     0.825000         6528         5.71
       5.551     0.850000         6727         6.67
       5.851     0.875000         6923         8.00
       6.019     0.887500         7023         8.89
       6.227     0.900000         7121        10.00
       6.435     0.912500         7220        11.43
       6.667     0.925000         7321        13.33
       6.923     0.937500         7420        16.00
       7.111     0.943750         7468        17.78
       7.339     0.950000         7518        20.00
       7.519     0.956250         7566        22.86
       7.783     0.962500         7616        26.67
       8.123     0.968750         7665        32.00
       8.303     0.971875         7690        35.56
       8.495     0.975000         7715        40.00
       8.695     0.978125         7739        45.71
       8.935     0.981250         7764        53.33
       9.271     0.984375         7790        64.00
       9.447     0.985938         7801        71.11
       9.735     0.987500         7814        80.00
       9.903     0.989062         7826        91.43
      10.079     0.990625         7838       106.67
      10.583     0.992188         7851       128.00
      10.767     0.992969         7857       142.22
      10.919     0.993750         7863       160.00
      11.111     0.994531         7870       182.86
      11.263     0.995313         7875       213.33
      11.839     0.996094         7882       256.00
      11.967     0.996484         7885       284.44
      12.063     0.996875         7888       320.00
      12.215     0.997266         7891       365.71
      12.647     0.997656         7894       426.67
      13.007     0.998047         7897       512.00
      13.535     0.998242         7899       568.89
      13.775     0.998437         7900       640.00
      14.015     0.998633         7902       731.43
      14.423     0.998828         7903       853.33
      15.855     0.999023         7905      1024.00
      16.079     0.999121         7906      1137.78
      16.079     0.999219         7906      1280.00
      16.559     0.999316         7907      1462.86
      18.303     0.999414         7908      1706.67
      18.991     0.999512         7909      2048.00
      18.991     0.999561         7909      2275.56
      18.991     0.999609         7909      2560.00
      20.319     0.999658         7910      2925.71
      20.319     0.999707         7910      3413.33
      22.047     0.999756         7911      4096.00
      22.047     0.999780         7911      4551.11
      22.047     0.999805         7911      5120.00
      22.047     0.999829         7911      5851.43
      22.047     0.999854         7911      6826.67
      23.247     0.999878         7912      8192.00
      23.247     1.000000         7912          inf
#[Mean    =        4.018, StdDeviation   =        1.651]
#[Max     =       23.232, Total count    =         7912]
#[Buckets =           27, SubBuckets     =         2048]
----------------------------------------------------------
  11916 requests in 30.00s, 2.44MB read
Requests/sec:    397.20
Transfer/sec:     83.40KB
