Running 30s test @ http://localhost:8080/wrk2-api/post/compose
  1 threads and 8 connections
  Thread calibration: mean lat.: 6.187ms, rate sampling interval: 20ms
  Thread Stats   Avg      Stdev     99%   +/- Stdev
    Latency     5.95ms    3.50ms  19.17ms   87.23%
    Req/Sec   815.62    171.03     1.20k    66.10%
  Latency Distribution (HdrHistogram - Recorded Latency)
 50.000%    4.82ms
 75.000%    7.05ms
 90.000%   10.17ms
 99.000%   19.17ms
 99.900%   33.09ms
 99.990%   42.65ms
 99.999%   45.73ms
100.000%   45.73ms

  Detailed Percentile spectrum:
       Value   Percentile   TotalCount 1/(1-Percentile)

       2.233     0.000000            1         1.00
       3.103     0.100000         1597         1.11
       3.499     0.200000         3188         1.25
       3.869     0.300000         4779         1.43
       4.303     0.400000         6382         1.67
       4.823     0.500000         7964         2.00
       5.155     0.550000         8753         2.22
       5.515     0.600000         9547         2.50
       5.935     0.650000        10346         2.86
       6.447     0.700000        11137         3.33
       7.051     0.750000        11934         4.00
       7.387     0.775000        12335         4.44
       7.795     0.800000        12730         5.00
       8.223     0.825000        13128         5.71
       8.759     0.850000        13526         6.67
       9.407     0.875000        13921         8.00
       9.783     0.887500        14120         8.89
      10.167     0.900000        14319        10.00
      10.639     0.912500        14518        11.43
      11.199     0.925000        14719        13.33
      11.943     0.937500        14916        16.00
      12.295     0.943750        15014        17.78
      12.703     0.950000        15113        20.00
      13.215     0.956250        15213        22.86
      13.791     0.962500        15312        26.67
      14.343     0.968750        15411        32.00
      14.823     0.971875        15462        35.56
      15.167     0.975000        15511        40.00
      15.815     0.978125        15561        45.71
      16.431     0.981250        15610        53.33
      17.215     0.984375        15660        64.00
      17.551     0.985938        15685        71.11
      18.239     0.987500        15711        80.00
      18.831     0.989062        15735        91.43
      19.423     0.990625        15759       106.67
      20.271     0.992188        15785       128.00
      20.639     0.992969        15797       142.22
      21.087     0.993750        15809       160.00
      21.519     0.994531        15823       182.86
      22.063     0.995313        15834       213.33
      22.879     0.996094        15846       256.00
      23.295     0.996484        15853       284.44
      23.855     0.996875        15859       320.00
      24.687     0.997266        15865       365.71
      25.103     0.997656        15871       426.67
      26.047     0.998047        15877       512.00
      26.847     0.998242        15881       568.89
      28.783     0.998437        15884       640.00
      30.303     0.998633        15887       731.43
      31.311     0.998828        15890       853.33
      33.631     0.999023        15893      1024.00
      35.007     0.999121        15895      1137.78
      35.039     0.999219        15896      1280.00
      35.615     0.999316        15898      1462.86
      36.191     0.999414        15899      1706.67
      37.567     0.999512        15901      2048.00
      39.551     0.999561        15902      2275.56
      39.551     0.999609        15902      2560.00
      39.679     0.999658        15903      2925.71
      41.727     0.999707        15904      3413.33
      41.791     0.999756        15905      4096.00
      41.791     0.999780        15905      4551.11
      41.791     0.999805        15905      5120.00
      42.655     0.999829        15906      5851.43
      42.655     0.999854        15906      6826.67
      43.711     0.999878        15907      8192.00
      43.711     0.999890        15907      9102.22
      43.711     0.999902        15907     10240.00
      43.711     0.999915        15907     11702.86
      43.711     0.999927        15907     13653.33
      45.727     0.999939        15908     16384.00
      45.727     1.000000        15908          inf
#[Mean    =        5.949, StdDeviation   =        3.497]
#[Max     =       45.696, Total count    =        15908]
#[Buckets =           27, SubBuckets     =         2048]
----------------------------------------------------------
  23887 requests in 30.00s, 4.90MB read
Requests/sec:    796.24
Transfer/sec:    167.18KB
