Running 30s test @ http://localhost:8080/wrk2-api/post/compose
  1 threads and 13 connections
  Thread calibration: mean lat.: 1261.639ms, rate sampling interval: 4296ms
  Thread Stats   Avg      Stdev     99%   +/- Stdev
    Latency     4.31s     1.31s    7.25s    63.16%
    Req/Sec     0.99k    34.45     1.03k    50.00%
  Latency Distribution (HdrHistogram - Recorded Latency)
 50.000%    4.28s 
 75.000%    5.32s 
 90.000%    6.03s 
 99.000%    7.25s 
 99.900%    7.75s 
 99.990%    7.79s 
 99.999%    7.81s 
100.000%    7.81s 

  Detailed Percentile spectrum:
       Value   Percentile   TotalCount 1/(1-Percentile)

    1376.255     0.000000            1         1.00
    2574.335     0.100000         1981         1.11
    2998.271     0.200000         3963         1.25
    3520.511     0.300000         5946         1.43
    3913.727     0.400000         7928         1.67
    4284.415     0.500000         9920         2.00
    4554.751     0.550000        10901         2.22
    4747.263     0.600000        11896         2.50
    4890.623     0.650000        12869         2.86
    5128.191     0.700000        13864         3.33
    5316.607     0.750000        14856         4.00
    5398.527     0.775000        15347         4.44
    5488.639     0.800000        15840         5.00
    5578.751     0.825000        16332         5.71
    5709.823     0.850000        16832         6.67
    5890.047     0.875000        17328         8.00
    5980.159     0.887500        17580         8.89
    6033.407     0.900000        17822        10.00
    6094.847     0.912500        18069        11.43
    6160.383     0.925000        18313        13.33
    6266.879     0.937500        18557        16.00
    6365.183     0.943750        18687        17.78
    6438.911     0.950000        18809        20.00
    6508.543     0.956250        18937        22.86
    6586.367     0.962500        19060        26.67
    6643.711     0.968750        19178        32.00
    6696.959     0.971875        19240        35.56
    6770.687     0.975000        19301        40.00
    6815.743     0.978125        19372        45.71
    6844.415     0.981250        19424        53.33
    6955.007     0.984375        19485        64.00
    7020.543     0.985938        19517        71.11
    7106.559     0.987500        19549        80.00
    7176.191     0.989062        19579        91.43
    7270.399     0.990625        19609       106.67
    7331.839     0.992188        19640       128.00
    7405.567     0.992969        19655       142.22
    7446.527     0.993750        19671       160.00
    7495.679     0.994531        19686       182.86
    7557.119     0.995313        19702       213.33
    7602.175     0.996094        19719       256.00
    7618.559     0.996484        19725       284.44
    7671.807     0.996875        19734       320.00
    7696.383     0.997266        19740       365.71
    7712.767     0.997656        19748       426.67
    7729.151     0.998047        19757       512.00
    7733.247     0.998242        19761       568.89
    7737.343     0.998437        19768       640.00
    7737.343     0.998633        19768       731.43
    7745.535     0.998828        19774       853.33
    7749.631     0.999023        19778      1024.00
    7749.631     0.999121        19778      1137.78
    7753.727     0.999219        19781      1280.00
    7753.727     0.999316        19781      1462.86
    7757.823     0.999414        19784      1706.67
    7766.015     0.999512        19785      2048.00
    7774.207     0.999561        19786      2275.56
    7778.303     0.999609        19787      2560.00
    7782.399     0.999658        19788      2925.71
    7786.495     0.999707        19791      3413.33
    7786.495     0.999756        19791      4096.00
    7786.495     0.999780        19791      4551.11
    7786.495     0.999805        19791      5120.00
    7786.495     0.999829        19791      5851.43
    7794.687     0.999854        19792      6826.67
    7794.687     0.999878        19792      8192.00
    7794.687     0.999890        19792      9102.22
    7798.783     0.999902        19793     10240.00
    7798.783     0.999915        19793     11702.86
    7798.783     0.999927        19793     13653.33
    7798.783     0.999939        19793     16384.00
    7798.783     0.999945        19793     18204.44
    7806.975     0.999951        19794     20480.00
    7806.975     1.000000        19794          inf
#[Mean    =     4308.334, StdDeviation   =     1305.675]
#[Max     =     7802.880, Total count    =        19794]
#[Buckets =           27, SubBuckets     =         2048]
----------------------------------------------------------
  29803 requests in 30.00s, 6.11MB read
Requests/sec:    993.41
Transfer/sec:    208.58KB
