Running 30s test @ http://localhost:8080/wrk2-api/post/compose
  1 threads and 10 connections
  Thread calibration: mean lat.: 11.326ms, rate sampling interval: 43ms
  Thread Stats   Avg      Stdev     99%   +/- Stdev
    Latency    10.32ms    8.18ms  43.20ms   88.06%
    Req/Sec     1.01k   114.64     1.21k    69.83%
  Latency Distribution (HdrHistogram - Recorded Latency)
 50.000%    7.66ms
 75.000%   12.52ms
 90.000%   19.98ms
 99.000%   43.20ms
 99.900%   65.98ms
 99.990%   73.92ms
 99.999%   79.36ms
100.000%   79.36ms

  Detailed Percentile spectrum:
       Value   Percentile   TotalCount 1/(1-Percentile)

       2.215     0.000000            1         1.00
       3.833     0.100000         2002         1.11
       4.659     0.200000         4013         1.25
       5.487     0.300000         6015         1.43
       6.471     0.400000         8011         1.67
       7.655     0.500000        10007         2.00
       8.383     0.550000        11012         2.22
       9.207     0.600000        12012         2.50
      10.111     0.650000        13009         2.86
      11.199     0.700000        14014         3.33
      12.519     0.750000        15009         4.00
      13.335     0.775000        15515         4.44
      14.263     0.800000        16014         5.00
      15.255     0.825000        16513         5.71
      16.495     0.850000        17015         6.67
      18.079     0.875000        17511         8.00
      19.023     0.887500        17765         8.89
      19.983     0.900000        18020        10.00
      21.231     0.912500        18261        11.43
      22.607     0.925000        18512        13.33
      24.175     0.937500        18763        16.00
      25.151     0.943750        18887        17.78
      26.271     0.950000        19012        20.00
      27.759     0.956250        19137        22.86
      29.183     0.962500        19262        26.67
      31.247     0.968750        19388        32.00
      32.607     0.971875        19451        35.56
      34.143     0.975000        19513        40.00
      35.295     0.978125        19577        45.71
      37.023     0.981250        19637        53.33
      38.911     0.984375        19701        64.00
      39.871     0.985938        19733        71.11
      41.023     0.987500        19763        80.00
      42.271     0.989062        19794        91.43
      43.711     0.990625        19825       106.67
      45.183     0.992188        19856       128.00
      46.239     0.992969        19872       142.22
      47.167     0.993750        19887       160.00
      48.543     0.994531        19903       182.86
      50.399     0.995313        19919       213.33
      52.255     0.996094        19934       256.00
      53.599     0.996484        19942       284.44
      54.623     0.996875        19950       320.00
      55.551     0.997266        19958       365.71
      57.567     0.997656        19966       426.67
      59.551     0.998047        19973       512.00
      60.607     0.998242        19977       568.89
      62.463     0.998437        19981       640.00
      63.679     0.998633        19985       731.43
      65.215     0.998828        19989       853.33
      66.047     0.999023        19993      1024.00
      66.495     0.999121        19995      1137.78
      66.879     0.999219        19997      1280.00
      67.327     0.999316        19999      1462.86
      68.607     0.999414        20001      1706.67
      68.927     0.999512        20003      2048.00
      68.991     0.999561        20004      2275.56
      69.951     0.999609        20005      2560.00
      70.463     0.999658        20006      2925.71
      70.591     0.999707        20007      3413.33
      72.255     0.999756        20008      4096.00
      72.255     0.999780        20008      4551.11
      72.511     0.999805        20009      5120.00
      72.511     0.999829        20009      5851.43
      73.919     0.999854        20010      6826.67
      73.919     0.999878        20010      8192.00
      73.919     0.999890        20010      9102.22
      77.695     0.999902        20011     10240.00
      77.695     0.999915        20011     11702.86
      77.695     0.999927        20011     13653.33
      77.695     0.999939        20011     16384.00
      77.695     0.999945        20011     18204.44
      79.359     0.999951        20012     20480.00
      79.359     1.000000        20012          inf
#[Mean    =       10.316, StdDeviation   =        8.178]
#[Max     =       79.296, Total count    =        20012]
#[Buckets =           27, SubBuckets     =         2048]
----------------------------------------------------------
  29929 requests in 30.00s, 6.14MB read
Requests/sec:    997.64
Transfer/sec:    209.47KB
