Running 30s test @ http://localhost:8080/wrk2-api/post/compose
  1 threads and 12 connections
  Thread calibration: mean lat.: 586.960ms, rate sampling interval: 2265ms
  Thread Stats   Avg      Stdev     99%   +/- Stdev
    Latency     2.16s   824.66ms   4.33s    64.96%
    Req/Sec     1.06k    14.12     1.09k    62.50%
  Latency Distribution (HdrHistogram - Recorded Latency)
 50.000%    2.09s 
 75.000%    2.74s 
 90.000%    3.20s 
 99.000%    4.33s 
 99.900%    4.45s 
 99.990%    4.46s 
 99.999%    4.46s 
100.000%    4.46s 

  Detailed Percentile spectrum:
       Value   Percentile   TotalCount 1/(1-Percentile)

     400.127     0.000000            1         1.00
    1111.039     0.100000         2122         1.11
    1409.023     0.200000         4242         1.25
    1661.951     0.300000         6362         1.43
    1915.903     0.400000         8486         1.67
    2085.887     0.500000        10601         2.00
    2177.023     0.550000        11662         2.22
    2318.335     0.600000        12731         2.50
    2439.167     0.650000        13775         2.86
    2594.815     0.700000        14847         3.33
    2744.319     0.750000        15906         4.00
    2807.807     0.775000        16430         4.44
    2891.775     0.800000        16961         5.00
    2971.647     0.825000        17485         5.71
    3035.135     0.850000        18028         6.67
    3108.863     0.875000        18544         8.00
    3149.823     0.887500        18816         8.89
    3198.975     0.900000        19078        10.00
    3256.319     0.912500        19340        11.43
    3364.863     0.925000        19609        13.33
    3459.071     0.937500        19870        16.00
    3565.567     0.943750        20001        17.78
    3684.351     0.950000        20135        20.00
    3782.655     0.956250        20265        22.86
    3848.191     0.962500        20399        26.67
    3893.247     0.968750        20534        32.00
    3932.159     0.971875        20596        35.56
    3989.503     0.975000        20664        40.00
    4089.855     0.978125        20729        45.71
    4155.391     0.981250        20795        53.33
    4222.975     0.984375        20863        64.00
    4263.935     0.985938        20896        71.11
    4284.415     0.987500        20930        80.00
    4304.895     0.989062        20963        91.43
    4337.663     0.990625        20996       106.67
    4374.527     0.992188        21027       128.00
    4390.911     0.992969        21047       142.22
    4399.103     0.993750        21074       160.00
    4403.199     0.994531        21086       182.86
    4407.295     0.995313        21095       213.33
    4415.487     0.996094        21114       256.00
    4419.583     0.996484        21121       284.44
    4423.679     0.996875        21129       320.00
    4427.775     0.997266        21136       365.71
    4431.871     0.997656        21146       426.67
    4435.967     0.998047        21156       512.00
    4435.967     0.998242        21156       568.89
    4440.063     0.998437        21163       640.00
    4444.159     0.998633        21170       731.43
    4444.159     0.998828        21170       853.33
    4448.255     0.999023        21179      1024.00
    4448.255     0.999121        21179      1137.78
    4448.255     0.999219        21179      1280.00
    4448.255     0.999316        21179      1462.86
    4452.351     0.999414        21184      1706.67
    4452.351     0.999512        21184      2048.00
    4452.351     0.999561        21184      2275.56
    4452.351     0.999609        21184      2560.00
    4456.447     0.999658        21189      2925.71
    4456.447     0.999707        21189      3413.33
    4456.447     0.999756        21189      4096.00
    4456.447     0.999780        21189      4551.11
    4456.447     0.999805        21189      5120.00
    4456.447     0.999829        21189      5851.43
    4456.447     0.999854        21189      6826.67
    4460.543     0.999878        21191      8192.00
    4460.543     0.999890        21191      9102.22
    4460.543     0.999902        21191     10240.00
    4460.543     0.999915        21191     11702.86
    4460.543     0.999927        21191     13653.33
    4460.543     0.999939        21191     16384.00
    4460.543     0.999945        21191     18204.44
    4460.543     0.999951        21191     20480.00
    4464.639     0.999957        21192     23405.71
    4464.639     1.000000        21192          inf
#[Mean    =     2161.414, StdDeviation   =      824.662]
#[Max     =     4460.544, Total count    =        21192]
#[Buckets =           27, SubBuckets     =         2048]
----------------------------------------------------------
  31839 requests in 30.00s, 6.53MB read
Requests/sec:   1061.31
Transfer/sec:    222.83KB
