Running 30s test @ http://localhost:8080/wrk2-api/post/compose
  1 threads and 1 connections
  Thread calibration: mean lat.: 4.922ms, rate sampling interval: 15ms
  Thread Stats   Avg      Stdev     99%   +/- Stdev
    Latency     4.86ms    1.94ms  12.02ms   83.76%
    Req/Sec   101.27     76.39   285.00     60.42%
  Latency Distribution (HdrHistogram - Recorded Latency)
 50.000%    3.95ms
 75.000%    5.45ms
 90.000%    7.48ms
 99.000%   12.02ms
 99.900%   15.59ms
 99.990%   17.97ms
 99.999%   17.97ms
100.000%   17.97ms

  Detailed Percentile spectrum:
       Value   Percentile   TotalCount 1/(1-Percentile)

       3.031     0.000000            1         1.00
       3.521     0.100000          199         1.11
       3.649     0.200000          394         1.25
       3.749     0.300000          591         1.43
       3.837     0.400000          789         1.67
       3.955     0.500000          984         2.00
       4.029     0.550000         1085         2.22
       4.151     0.600000         1183         2.50
       4.387     0.650000         1277         2.86
       4.823     0.700000         1375         3.33
       5.451     0.750000         1474         4.00
       5.819     0.775000         1523         4.44
       6.127     0.800000         1573         5.00
       6.555     0.825000         1621         5.71
       7.007     0.850000         1670         6.67
       7.279     0.875000         1720         8.00
       7.379     0.887500         1744         8.89
       7.479     0.900000         1768        10.00
       7.647     0.912500         1793        11.43
       7.863     0.925000         1817        13.33
       8.215     0.937500         1843        16.00
       8.359     0.943750         1854        17.78
       8.591     0.950000         1866        20.00
       8.887     0.956250         1879        22.86
       9.327     0.962500         1891        26.67
       9.663     0.968750         1903        32.00
      10.151     0.971875         1909        35.56
      10.351     0.975000         1915        40.00
      10.679     0.978125         1922        45.71
      11.047     0.981250         1928        53.33
      11.367     0.984375         1934        64.00
      11.463     0.985938         1937        71.11
      11.847     0.987500         1940        80.00
      11.967     0.989062         1943        91.43
      12.063     0.990625         1946       106.67
      12.231     0.992188         1949       128.00
      12.503     0.992969         1951       142.22
      12.519     0.993750         1952       160.00
      13.399     0.994531         1954       182.86
      13.935     0.995313         1955       213.33
      14.159     0.996094         1957       256.00
      14.791     0.996484         1958       284.44
      14.791     0.996875         1958       320.00
      15.119     0.997266         1959       365.71
      15.351     0.997656         1960       426.67
      15.527     0.998047         1961       512.00
      15.527     0.998242         1961       568.89
      15.527     0.998437         1961       640.00
      15.591     0.998633         1962       731.43
      15.591     0.998828         1962       853.33
      17.695     0.999023         1963      1024.00
      17.695     0.999121         1963      1137.78
      17.695     0.999219         1963      1280.00
      17.695     0.999316         1963      1462.86
      17.695     0.999414         1963      1706.67
      17.967     0.999512         1964      2048.00
      17.967     1.000000         1964          inf
#[Mean    =        4.857, StdDeviation   =        1.936]
#[Max     =       17.952, Total count    =         1964]
#[Buckets =           27, SubBuckets     =         2048]
----------------------------------------------------------
  3000 requests in 30.00s, 629.88KB read
Requests/sec:     99.99
Transfer/sec:     20.99KB
