Running 30s test @ http://localhost:8080/wrk2-api/post/compose
  1 threads and 9 connections
  Thread calibration: mean lat.: 4.226ms, rate sampling interval: 13ms
  Thread Stats   Avg      Stdev     99%   +/- Stdev
    Latency     4.11ms    2.03ms  11.73ms   87.21%
    Req/Sec     0.93k   248.36     1.50k    69.08%
  Latency Distribution (HdrHistogram - Recorded Latency)
 50.000%    3.40ms
 75.000%    4.77ms
 90.000%    6.65ms
 99.000%   11.73ms
 99.900%   18.13ms
 99.990%   21.02ms
 99.999%   25.84ms
100.000%   25.84ms

  Detailed Percentile spectrum:
       Value   Percentile   TotalCount 1/(1-Percentile)

       2.057     0.000000            1         1.00
       2.497     0.100000         1794         1.11
       2.697     0.200000         3583         1.25
       2.889     0.300000         5369         1.43
       3.115     0.400000         7158         1.67
       3.397     0.500000         8949         2.00
       3.573     0.550000         9848         2.22
       3.797     0.600000        10742         2.50
       4.053     0.650000        11632         2.86
       4.375     0.700000        12533         3.33
       4.771     0.750000        13425         4.00
       4.983     0.775000        13871         4.44
       5.235     0.800000        14320         5.00
       5.511     0.825000        14766         5.71
       5.823     0.850000        15211         6.67
       6.195     0.875000        15660         8.00
       6.403     0.887500        15884         8.89
       6.651     0.900000        16107        10.00
       6.927     0.912500        16328        11.43
       7.219     0.925000        16552        13.33
       7.587     0.937500        16775        16.00
       7.815     0.943750        16889        17.78
       8.067     0.950000        16999        20.00
       8.359     0.956250        17110        22.86
       8.735     0.962500        17223        26.67
       9.135     0.968750        17333        32.00
       9.359     0.971875        17389        35.56
       9.615     0.975000        17445        40.00
       9.887     0.978125        17501        45.71
      10.199     0.981250        17557        53.33
      10.695     0.984375        17614        64.00
      10.919     0.985938        17642        71.11
      11.199     0.987500        17669        80.00
      11.527     0.989062        17697        91.43
      11.895     0.990625        17725       106.67
      12.263     0.992188        17753       128.00
      12.631     0.992969        17767       142.22
      13.127     0.993750        17782       160.00
      13.431     0.994531        17795       182.86
      13.887     0.995313        17809       213.33
      14.311     0.996094        17823       256.00
      14.847     0.996484        17830       284.44
      15.383     0.996875        17837       320.00
      15.711     0.997266        17844       365.71
      16.039     0.997656        17851       426.67
      16.559     0.998047        17858       512.00
      16.783     0.998242        17861       568.89
      17.343     0.998437        17865       640.00
      17.455     0.998633        17868       731.43
      17.887     0.998828        17872       853.33
      18.335     0.999023        17876      1024.00
      18.575     0.999121        17877      1137.78
      18.751     0.999219        17880      1280.00
      18.751     0.999316        17880      1462.86
      18.991     0.999414        17882      1706.67
      19.295     0.999512        17884      2048.00
      19.359     0.999561        17885      2275.56
      19.375     0.999609        17886      2560.00
      19.375     0.999658        17886      2925.71
      19.727     0.999707        17887      3413.33
      20.607     0.999756        17888      4096.00
      20.943     0.999780        17889      4551.11
      20.943     0.999805        17889      5120.00
      20.943     0.999829        17889      5851.43
      21.023     0.999854        17890      6826.67
      21.023     0.999878        17890      8192.00
      23.199     0.999890        17891      9102.22
      23.199     0.999902        17891     10240.00
      23.199     0.999915        17891     11702.86
      23.199     0.999927        17891     13653.33
      23.199     0.999939        17891     16384.00
      25.839     0.999945        17892     18204.44
      25.839     1.000000        17892          inf
#[Mean    =        4.115, StdDeviation   =        2.028]
#[Max     =       25.824, Total count    =        17892]
#[Buckets =           27, SubBuckets     =         2048]
----------------------------------------------------------
  26852 requests in 30.00s, 5.51MB read
Requests/sec:    895.05
Transfer/sec:    187.93KB
