Running 30s test @ http://localhost:8080/wrk2-api/post/compose
  1 threads and 1 connections
  Thread calibration: mean lat.: 3.154ms, rate sampling interval: 10ms
  Thread Stats   Avg      Stdev     99%   +/- Stdev
    Latency     3.65ms    1.39ms   9.20ms   85.49%
    Req/Sec   103.48     99.24   333.00     48.26%
  Latency Distribution (HdrHistogram - Recorded Latency)
 50.000%    3.21ms
 75.000%    3.84ms
 90.000%    5.59ms
 99.000%    9.20ms
 99.900%   11.19ms
 99.990%   12.63ms
 99.999%   12.63ms
100.000%   12.63ms

  Detailed Percentile spectrum:
       Value   Percentile   TotalCount 1/(1-Percentile)

       2.189     0.000000            1         1.00
       2.537     0.100000          197         1.11
       2.709     0.200000          393         1.25
       2.855     0.300000          591         1.43
       3.021     0.400000          790         1.67
       3.215     0.500000          985         2.00
       3.307     0.550000         1081         2.22
       3.389     0.600000         1179         2.50
       3.519     0.650000         1279         2.86
       3.647     0.700000         1375         3.33
       3.837     0.750000         1473         4.00
       4.011     0.775000         1523         4.44
       4.179     0.800000         1572         5.00
       4.591     0.825000         1621         5.71
       4.963     0.850000         1671         6.67
       5.235     0.875000         1720         8.00
       5.399     0.887500         1744         8.89
       5.591     0.900000         1768        10.00
       5.747     0.912500         1793        11.43
       5.939     0.925000         1817        13.33
       6.179     0.937500         1842        16.00
       6.283     0.943750         1854        17.78
       6.483     0.950000         1866        20.00
       6.715     0.956250         1879        22.86
       6.927     0.962500         1891        26.67
       7.227     0.968750         1903        32.00
       7.451     0.971875         1909        35.56
       7.495     0.975000         1915        40.00
       7.863     0.978125         1922        45.71
       8.019     0.981250         1928        53.33
       8.367     0.984375         1934        64.00
       8.431     0.985938         1937        71.11
       8.903     0.987500         1940        80.00
       9.031     0.989062         1943        91.43
       9.255     0.990625         1946       106.67
       9.575     0.992188         1949       128.00
       9.759     0.992969         1951       142.22
       9.767     0.993750         1952       160.00
       9.903     0.994531         1954       182.86
       9.975     0.995313         1955       213.33
      10.655     0.996094         1957       256.00
      10.679     0.996484         1958       284.44
      10.679     0.996875         1958       320.00
      10.783     0.997266         1959       365.71
      11.079     0.997656         1960       426.67
      11.111     0.998047         1961       512.00
      11.111     0.998242         1961       568.89
      11.111     0.998437         1961       640.00
      11.191     0.998633         1962       731.43
      11.191     0.998828         1962       853.33
      12.303     0.999023         1963      1024.00
      12.303     0.999121         1963      1137.78
      12.303     0.999219         1963      1280.00
      12.303     0.999316         1963      1462.86
      12.303     0.999414         1963      1706.67
      12.631     0.999512         1964      2048.00
      12.631     1.000000         1964          inf
#[Mean    =        3.648, StdDeviation   =        1.392]
#[Max     =       12.624, Total count    =         1964]
#[Buckets =           27, SubBuckets     =         2048]
----------------------------------------------------------
  3000 requests in 30.00s, 629.88KB read
Requests/sec:     99.98
Transfer/sec:     20.99KB
