Running 30s test @ http://localhost:8080/wrk2-api/post/compose
  1 threads and 7 connections
  Thread calibration: mean lat.: 3.605ms, rate sampling interval: 10ms
  Thread Stats   Avg      Stdev     99%   +/- Stdev
    Latency     3.63ms    1.49ms   9.21ms   86.07%
    Req/Sec   726.89    255.76     1.33k    63.92%
  Latency Distribution (HdrHistogram - Recorded Latency)
 50.000%    3.07ms
 75.000%    4.03ms
 90.000%    5.59ms
 99.000%    9.21ms
 99.900%   12.67ms
 99.990%   14.72ms
 99.999%   15.92ms
100.000%   15.92ms

  Detailed Percentile spectrum:
       Value   Percentile   TotalCount 1/(1-Percentile)

       2.057     0.000000            1         1.00
       2.457     0.100000         1382         1.11
       2.601     0.200000         2784         1.25
       2.735     0.300000         4147         1.43
       2.887     0.400000         5532         1.67
       3.065     0.500000         6900         2.00
       3.179     0.550000         7588         2.22
       3.315     0.600000         8281         2.50
       3.499     0.650000         8967         2.86
       3.729     0.700000         9660         3.33
       4.027     0.750000        10347         4.00
       4.247     0.775000        10694         4.44
       4.471     0.800000        11035         5.00
       4.727     0.825000        11380         5.71
       4.995     0.850000        11725         6.67
       5.275     0.875000        12071         8.00
       5.419     0.887500        12242         8.89
       5.595     0.900000        12416        10.00
       5.803     0.912500        12587        11.43
       6.035     0.925000        12761        13.33
       6.363     0.937500        12933        16.00
       6.523     0.943750        13018        17.78
       6.719     0.950000        13104        20.00
       6.915     0.956250        13190        22.86
       7.195     0.962500        13277        26.67
       7.503     0.968750        13362        32.00
       7.691     0.971875        13407        35.56
       7.855     0.975000        13449        40.00
       8.055     0.978125        13493        45.71
       8.255     0.981250        13535        53.33
       8.535     0.984375        13578        64.00
       8.687     0.985938        13601        71.11
       8.911     0.987500        13621        80.00
       9.071     0.989062        13644        91.43
       9.287     0.990625        13664       106.67
       9.495     0.992188        13686       128.00
       9.631     0.992969        13698       142.22
       9.751     0.993750        13707       160.00
       9.999     0.994531        13719       182.86
      10.183     0.995313        13729       213.33
      10.463     0.996094        13740       256.00
      10.695     0.996484        13745       284.44
      10.807     0.996875        13751       320.00
      11.111     0.997266        13756       365.71
      11.463     0.997656        13762       426.67
      11.847     0.998047        13767       512.00
      11.919     0.998242        13769       568.89
      12.135     0.998437        13772       640.00
      12.359     0.998633        13775       731.43
      12.407     0.998828        13777       853.33
      12.799     0.999023        13780      1024.00
      12.863     0.999121        13781      1137.78
      13.055     0.999219        13783      1280.00
      13.247     0.999316        13784      1462.86
      13.511     0.999414        13785      1706.67
      14.071     0.999512        13789      2048.00
      14.071     0.999561        13789      2275.56
      14.071     0.999609        13789      2560.00
      14.071     0.999658        13789      2925.71
      14.071     0.999707        13789      3413.33
      14.295     0.999756        13790      4096.00
      14.295     0.999780        13790      4551.11
      14.319     0.999805        13791      5120.00
      14.319     0.999829        13791      5851.43
      14.319     0.999854        13791      6826.67
      14.719     0.999878        13792      8192.00
      14.719     0.999890        13792      9102.22
      14.719     0.999902        13792     10240.00
      14.719     0.999915        13792     11702.86
      14.719     0.999927        13792     13653.33
      15.919     0.999939        13793     16384.00
      15.919     1.000000        13793          inf
#[Mean    =        3.625, StdDeviation   =        1.491]
#[Max     =       15.912, Total count    =        13793]
#[Buckets =           27, SubBuckets     =         2048]
----------------------------------------------------------
  20769 requests in 30.00s, 4.26MB read
Requests/sec:    692.29
Transfer/sec:    145.35KB
