Running 30s test @ http://localhost:8080/wrk2-api/post/compose
  1 threads and 8 connections
  Thread calibration: mean lat.: 4.074ms, rate sampling interval: 12ms
  Thread Stats   Avg      Stdev     99%   +/- Stdev
    Latency     3.99ms    1.85ms  10.97ms   86.81%
    Req/Sec   830.02    243.92     1.36k    62.07%
  Latency Distribution (HdrHistogram - Recorded Latency)
 50.000%    3.32ms
 75.000%    4.59ms
 90.000%    6.35ms
 99.000%   10.97ms
 99.900%   15.68ms
 99.990%   18.99ms
 99.999%   20.45ms
100.000%   20.45ms

  Detailed Percentile spectrum:
       Value   Percentile   TotalCount 1/(1-Percentile)

       2.022     0.000000            1         1.00
       2.547     0.100000         1608         1.11
       2.721     0.200000         3193         1.25
       2.889     0.300000         4782         1.43
       3.081     0.400000         6368         1.67
       3.315     0.500000         7959         2.00
       3.459     0.550000         8759         2.22
       3.643     0.600000         9543         2.50
       3.867     0.650000        10340         2.86
       4.179     0.700000        11137         3.33
       4.595     0.750000        11930         4.00
       4.815     0.775000        12330         4.44
       5.019     0.800000        12725         5.00
       5.287     0.825000        13126         5.71
       5.583     0.850000        13520         6.67
       5.943     0.875000        13918         8.00
       6.135     0.887500        14117         8.89
       6.351     0.900000        14316        10.00
       6.611     0.912500        14515        11.43
       6.887     0.925000        14713        13.33
       7.239     0.937500        14912        16.00
       7.479     0.943750        15011        17.78
       7.707     0.950000        15110        20.00
       7.999     0.956250        15210        22.86
       8.295     0.962500        15309        26.67
       8.703     0.968750        15409        32.00
       8.927     0.971875        15458        35.56
       9.183     0.975000        15509        40.00
       9.423     0.978125        15559        45.71
       9.743     0.981250        15607        53.33
      10.143     0.984375        15657        64.00
      10.319     0.985938        15682        71.11
      10.655     0.987500        15707        80.00
      10.823     0.989062        15732        91.43
      11.079     0.990625        15756       106.67
      11.367     0.992188        15781       128.00
      11.671     0.992969        15794       142.22
      12.079     0.993750        15806       160.00
      12.279     0.994531        15819       182.86
      12.623     0.995313        15831       213.33
      13.103     0.996094        15844       256.00
      13.295     0.996484        15850       284.44
      13.535     0.996875        15856       320.00
      13.911     0.997266        15862       365.71
      14.167     0.997656        15868       426.67
      14.343     0.998047        15874       512.00
      14.583     0.998242        15878       568.89
      14.679     0.998437        15881       640.00
      14.887     0.998633        15884       731.43
      15.335     0.998828        15887       853.33
      15.871     0.999023        15890      1024.00
      16.079     0.999121        15892      1137.78
      16.159     0.999219        15893      1280.00
      16.879     0.999316        15895      1462.86
      16.895     0.999414        15896      1706.67
      17.631     0.999512        15898      2048.00
      17.775     0.999561        15899      2275.56
      17.775     0.999609        15899      2560.00
      18.335     0.999658        15900      2925.71
      18.463     0.999707        15901      3413.33
      18.623     0.999756        15902      4096.00
      18.623     0.999780        15902      4551.11
      18.623     0.999805        15902      5120.00
      18.991     0.999829        15903      5851.43
      18.991     0.999854        15903      6826.67
      19.983     0.999878        15904      8192.00
      19.983     0.999890        15904      9102.22
      19.983     0.999902        15904     10240.00
      19.983     0.999915        15904     11702.86
      19.983     0.999927        15904     13653.33
      20.447     0.999939        15905     16384.00
      20.447     1.000000        15905          inf
#[Mean    =        3.995, StdDeviation   =        1.848]
#[Max     =       20.432, Total count    =        15905]
#[Buckets =           27, SubBuckets     =         2048]
----------------------------------------------------------
  23887 requests in 30.00s, 4.90MB read
Requests/sec:    796.21
Transfer/sec:    167.17KB
