Running 30s test @ http://localhost:8080/wrk2-api/post/compose
  1 threads and 4 connections
  Thread calibration: mean lat.: 3.176ms, rate sampling interval: 10ms
  Thread Stats   Avg      Stdev     99%   +/- Stdev
    Latency     3.14ms    1.12ms   7.28ms   85.82%
    Req/Sec   416.54    197.68     0.90k    69.32%
  Latency Distribution (HdrHistogram - Recorded Latency)
 50.000%    2.74ms
 75.000%    3.27ms
 90.000%    4.78ms
 99.000%    7.28ms
 99.900%   10.66ms
 99.990%   16.58ms
 99.999%   24.46ms
100.000%   24.46ms

  Detailed Percentile spectrum:
       Value   Percentile   TotalCount 1/(1-Percentile)

       2.016     0.000000            1         1.00
       2.353     0.100000          798         1.11
       2.449     0.200000         1589         1.25
       2.539     0.300000         2386         1.43
       2.631     0.400000         3169         1.67
       2.739     0.500000         3970         2.00
       2.795     0.550000         4352         2.22
       2.865     0.600000         4755         2.50
       2.955     0.650000         5148         2.86
       3.073     0.700000         5545         3.33
       3.269     0.750000         5936         4.00
       3.395     0.775000         6133         4.44
       3.591     0.800000         6331         5.00
       3.821     0.825000         6530         5.71
       4.163     0.850000         6726         6.67
       4.515     0.875000         6924         8.00
       4.651     0.887500         7026         8.89
       4.779     0.900000         7123        10.00
       4.895     0.912500         7224        11.43
       5.031     0.925000         7319        13.33
       5.163     0.937500         7420        16.00
       5.235     0.943750         7469        17.78
       5.331     0.950000         7518        20.00
       5.427     0.956250         7566        22.86
       5.619     0.962500         7616        26.67
       5.883     0.968750         7665        32.00
       5.971     0.971875         7690        35.56
       6.091     0.975000         7715        40.00
       6.267     0.978125         7739        45.71
       6.483     0.981250         7764        53.33
       6.687     0.984375         7790        64.00
       6.803     0.985938         7801        71.11
       6.975     0.987500         7814        80.00
       7.167     0.989062         7826        91.43
       7.379     0.990625         7838       106.67
       7.695     0.992188         7851       128.00
       7.775     0.992969         7857       142.22
       7.875     0.993750         7863       160.00
       7.935     0.994531         7869       182.86
       8.175     0.995313         7875       213.33
       8.431     0.996094         7882       256.00
       8.527     0.996484         7886       284.44
       8.575     0.996875         7888       320.00
       8.671     0.997266         7891       365.71
       8.871     0.997656         7894       426.67
       9.279     0.998047         7897       512.00
       9.455     0.998242         7899       568.89
       9.567     0.998437         7900       640.00
       9.695     0.998633         7902       731.43
      10.519     0.998828         7903       853.33
      11.055     0.999023         7905      1024.00
      11.143     0.999121         7907      1137.78
      11.143     0.999219         7907      1280.00
      11.143     0.999316         7907      1462.86
      12.023     0.999414         7908      1706.67
      12.367     0.999512         7909      2048.00
      12.367     0.999561         7909      2275.56
      12.367     0.999609         7909      2560.00
      13.031     0.999658         7910      2925.71
      13.031     0.999707         7910      3413.33
      16.575     0.999756         7911      4096.00
      16.575     0.999780         7911      4551.11
      16.575     0.999805         7911      5120.00
      16.575     0.999829         7911      5851.43
      16.575     0.999854         7911      6826.67
      24.463     0.999878         7912      8192.00
      24.463     1.000000         7912          inf
#[Mean    =        3.144, StdDeviation   =        1.120]
#[Max     =       24.448, Total count    =         7912]
#[Buckets =           27, SubBuckets     =         2048]
----------------------------------------------------------
  11916 requests in 30.00s, 2.44MB read
Requests/sec:    397.20
Transfer/sec:     83.40KB
