Running 30s test @ http://localhost:8080/wrk2-api/post/compose
  1 threads and 6 connections
  Thread calibration: mean lat.: 3.579ms, rate sampling interval: 10ms
  Thread Stats   Avg      Stdev     99%   +/- Stdev
    Latency     3.50ms    1.36ms   8.53ms   85.26%
    Req/Sec   626.93    237.59     1.20k    67.30%
  Latency Distribution (HdrHistogram - Recorded Latency)
 50.000%    2.98ms
 75.000%    3.79ms
 90.000%    5.38ms
 99.000%    8.53ms
 99.900%   11.81ms
 99.990%   15.69ms
 99.999%   17.12ms
100.000%   17.12ms

  Detailed Percentile spectrum:
       Value   Percentile   TotalCount 1/(1-Percentile)

       2.036     0.000000            1         1.00
       2.461     0.100000         1190         1.11
       2.589     0.200000         2398         1.25
       2.705     0.300000         3579         1.43
       2.835     0.400000         4769         1.67
       2.983     0.500000         5952         2.00
       3.073     0.550000         6555         2.22
       3.179     0.600000         7142         2.50
       3.323     0.650000         7734         2.86
       3.519     0.700000         8330         3.33
       3.789     0.750000         8924         4.00
       3.969     0.775000         9220         4.44
       4.227     0.800000         9515         5.00
       4.535     0.825000         9815         5.71
       4.823     0.850000        10113         6.67
       5.083     0.875000        10407         8.00
       5.239     0.887500        10556         8.89
       5.383     0.900000        10706        10.00
       5.555     0.912500        10856        11.43
       5.743     0.925000        11006        13.33
       5.967     0.937500        11150        16.00
       6.119     0.943750        11225        17.78
       6.279     0.950000        11299        20.00
       6.471     0.956250        11374        22.86
       6.679     0.962500        11448        26.67
       6.895     0.968750        11524        32.00
       7.007     0.971875        11559        35.56
       7.203     0.975000        11597        40.00
       7.367     0.978125        11633        45.71
       7.619     0.981250        11671        53.33
       7.927     0.984375        11708        64.00
       8.035     0.985938        11726        71.11
       8.187     0.987500        11745        80.00
       8.407     0.989062        11763        91.43
       8.607     0.990625        11782       106.67
       8.815     0.992188        11801       128.00
       8.967     0.992969        11812       142.22
       9.167     0.993750        11820       160.00
       9.367     0.994531        11828       182.86
       9.623     0.995313        11838       213.33
       9.815     0.996094        11847       256.00
       9.983     0.996484        11852       284.44
      10.159     0.996875        11856       320.00
      10.479     0.997266        11861       365.71
      10.767     0.997656        11866       426.67
      10.935     0.998047        11870       512.00
      11.087     0.998242        11873       568.89
      11.175     0.998437        11875       640.00
      11.375     0.998633        11877       731.43
      11.679     0.998828        11880       853.33
      11.975     0.999023        11882      1024.00
      12.207     0.999121        11883      1137.78
      12.223     0.999219        11884      1280.00
      12.439     0.999316        11885      1462.86
      12.519     0.999414        11887      1706.67
      13.455     0.999512        11888      2048.00
      13.455     0.999561        11888      2275.56
      14.047     0.999609        11889      2560.00
      14.047     0.999658        11889      2925.71
      14.279     0.999707        11890      3413.33
      14.791     0.999756        11891      4096.00
      14.791     0.999780        11891      4551.11
      14.791     0.999805        11891      5120.00
      14.791     0.999829        11891      5851.43
      15.695     0.999854        11892      6826.67
      15.695     0.999878        11892      8192.00
      15.695     0.999890        11892      9102.22
      15.695     0.999902        11892     10240.00
      15.695     0.999915        11892     11702.86
      17.119     0.999927        11893     13653.33
      17.119     1.000000        11893          inf
#[Mean    =        3.496, StdDeviation   =        1.355]
#[Max     =       17.104, Total count    =        11893]
#[Buckets =           27, SubBuckets     =         2048]
----------------------------------------------------------
  17889 requests in 30.00s, 3.67MB read
Requests/sec:    596.31
Transfer/sec:    125.20KB
