Running 30s test @ http://localhost:8080/wrk2-api/post/compose
  1 threads and 12 connections
  Thread calibration: mean lat.: 221.966ms, rate sampling interval: 948ms
  Thread Stats   Avg      Stdev     99%   +/- Stdev
    Latency   999.59ms  479.28ms   2.51s    68.57%
    Req/Sec     1.13k    12.08     1.15k    66.67%
  Latency Distribution (HdrHistogram - Recorded Latency)
 50.000%  946.69ms
 75.000%    1.33s 
 90.000%    1.55s 
 99.000%    2.51s 
 99.900%    2.80s 
 99.990%    2.83s 
 99.999%    2.84s 
100.000%    2.84s 

  Detailed Percentile spectrum:
       Value   Percentile   TotalCount 1/(1-Percentile)

      67.583     0.000000            1         1.00
     431.615     0.100000         2251         1.11
     547.839     0.200000         4511         1.25
     699.391     0.300000         6754         1.43
     827.391     0.400000         9002         1.67
     946.687     0.500000        11255         2.00
    1004.543     0.550000        12380         2.22
    1086.463     0.600000        13509         2.50
    1175.551     0.650000        14641         2.86
    1270.783     0.700000        15749         3.33
    1333.247     0.750000        16876         4.00
    1363.967     0.775000        17443         4.44
    1394.687     0.800000        18001         5.00
    1431.551     0.825000        18573         5.71
    1466.367     0.850000        19134         6.67
    1498.111     0.875000        19689         8.00
    1521.663     0.887500        19972         8.89
    1546.239     0.900000        20250        10.00
    1579.007     0.912500        20537        11.43
    1642.495     0.925000        20815        13.33
    1696.767     0.937500        21095        16.00
    1742.847     0.943750        21234        17.78
    1801.215     0.950000        21374        20.00
    1854.463     0.956250        21515        22.86
    1899.519     0.962500        21655        26.67
    1954.815     0.968750        21794        32.00
    1991.679     0.971875        21865        35.56
    2067.455     0.975000        21935        40.00
    2224.127     0.978125        22006        45.71
    2392.063     0.981250        22076        53.33
    2447.359     0.984375        22153        64.00
    2455.551     0.985938        22187        71.11
    2467.839     0.987500        22224        80.00
    2484.223     0.989062        22251        91.43
    2537.471     0.990625        22287       106.67
    2621.439     0.992188        22323       128.00
    2635.775     0.992969        22339       142.22
    2672.639     0.993750        22361       160.00
    2680.831     0.994531        22376       182.86
    2691.071     0.995313        22393       213.33
    2703.359     0.996094        22411       256.00
    2711.551     0.996484        22419       284.44
    2721.791     0.996875        22427       320.00
    2748.415     0.997266        22436       365.71
    2760.703     0.997656        22445       426.67
    2772.991     0.998047        22454       512.00
    2781.183     0.998242        22458       568.89
    2785.279     0.998437        22463       640.00
    2789.375     0.998633        22468       731.43
    2795.519     0.998828        22471       853.33
    2799.615     0.999023        22477      1024.00
    2801.663     0.999121        22479      1137.78
    2809.855     0.999219        22480      1280.00
    2813.951     0.999316        22482      1462.86
    2815.999     0.999414        22485      1706.67
    2818.047     0.999512        22489      2048.00
    2818.047     0.999561        22489      2275.56
    2818.047     0.999609        22489      2560.00
    2822.143     0.999658        22490      2925.71
    2824.191     0.999707        22491      3413.33
    2828.287     0.999756        22493      4096.00
    2828.287     0.999780        22493      4551.11
    2828.287     0.999805        22493      5120.00
    2830.335     0.999829        22495      5851.43
    2830.335     0.999854        22495      6826.67
    2830.335     0.999878        22495      8192.00
    2830.335     0.999890        22495      9102.22
    2830.335     0.999902        22495     10240.00
    2836.479     0.999915        22496     11702.86
    2836.479     0.999927        22496     13653.33
    2836.479     0.999939        22496     16384.00
    2836.479     0.999945        22496     18204.44
    2836.479     0.999951        22496     20480.00
    2838.527     0.999957        22497     23405.71
    2838.527     1.000000        22497          inf
#[Mean    =      999.586, StdDeviation   =      479.280]
#[Max     =     2836.480, Total count    =        22497]
#[Buckets =           27, SubBuckets     =         2048]
----------------------------------------------------------
  33937 requests in 30.00s, 6.96MB read
Requests/sec:   1131.20
Transfer/sec:    237.51KB
