Running 30s test @ http://localhost:8080/wrk2-api/post/compose
  1 threads and 2 connections
  Thread calibration: mean lat.: 3.367ms, rate sampling interval: 10ms
  Thread Stats   Avg      Stdev     99%   +/- Stdev
    Latency     3.27ms    1.36ms   8.72ms   87.19%
    Req/Sec   210.34    141.79   555.00     72.70%
  Latency Distribution (HdrHistogram - Recorded Latency)
 50.000%    2.79ms
 75.000%    3.24ms
 90.000%    5.01ms
 99.000%    8.72ms
 99.900%   14.41ms
 99.990%   17.79ms
 99.999%   17.79ms
100.000%   17.79ms

  Detailed Percentile spectrum:
       Value   Percentile   TotalCount 1/(1-Percentile)

       2.093     0.000000            1         1.00
       2.417     0.100000          406         1.11
       2.517     0.200000          803         1.25
       2.601     0.300000         1201         1.43
       2.687     0.400000         1596         1.67
       2.789     0.500000         1998         2.00
       2.845     0.550000         2202         2.22
       2.907     0.600000         2396         2.50
       2.985     0.650000         2599         2.86
       3.083     0.700000         2793         3.33
       3.241     0.750000         2993         4.00
       3.429     0.775000         3093         4.44
       3.663     0.800000         3192         5.00
       3.917     0.825000         3291         5.71
       4.283     0.850000         3393         6.67
       4.663     0.875000         3491         8.00
       4.855     0.887500         3542         8.89
       5.007     0.900000         3591        10.00
       5.199     0.912500         3641        11.43
       5.351     0.925000         3691        13.33
       5.531     0.937500         3740        16.00
       5.615     0.943750         3765        17.78
       5.715     0.950000         3790        20.00
       5.967     0.956250         3815        22.86
       6.223     0.962500         3840        26.67
       6.579     0.968750         3865        32.00
       6.803     0.971875         3877        35.56
       6.967     0.975000         3890        40.00
       7.311     0.978125         3902        45.71
       7.523     0.981250         3915        53.33
       7.935     0.984375         3927        64.00
       8.055     0.985938         3933        71.11
       8.311     0.987500         3940        80.00
       8.503     0.989062         3946        91.43
       8.815     0.990625         3952       106.67
       9.191     0.992188         3958       128.00
       9.471     0.992969         3961       142.22
       9.631     0.993750         3965       160.00
      10.135     0.994531         3968       182.86
      10.759     0.995313         3971       213.33
      11.159     0.996094         3974       256.00
      11.239     0.996484         3975       284.44
      11.607     0.996875         3977       320.00
      12.103     0.997266         3979       365.71
      12.903     0.997656         3980       426.67
      13.327     0.998047         3982       512.00
      13.327     0.998242         3982       568.89
      13.351     0.998437         3983       640.00
      14.359     0.998633         3984       731.43
      14.415     0.998828         3985       853.33
      15.071     0.999023         3986      1024.00
      15.071     0.999121         3986      1137.78
      15.071     0.999219         3986      1280.00
      15.687     0.999316         3987      1462.86
      15.687     0.999414         3987      1706.67
      15.951     0.999512         3988      2048.00
      15.951     0.999561         3988      2275.56
      15.951     0.999609         3988      2560.00
      15.951     0.999658         3988      2925.71
      15.951     0.999707         3988      3413.33
      17.791     0.999756         3989      4096.00
      17.791     1.000000         3989          inf
#[Mean    =        3.270, StdDeviation   =        1.360]
#[Max     =       17.776, Total count    =         3989]
#[Buckets =           27, SubBuckets     =         2048]
----------------------------------------------------------
  5993 requests in 30.00s, 1.23MB read
Requests/sec:    199.75
Transfer/sec:     41.94KB
