Running 30s test @ http://localhost:8080/wrk2-api/post/compose
  1 threads and 13 connections
  Thread calibration: mean lat.: 556.543ms, rate sampling interval: 1977ms
  Thread Stats   Avg      Stdev     99%   +/- Stdev
    Latency     2.34s   820.99ms   4.12s    60.63%
    Req/Sec     1.13k    14.88     1.15k    70.00%
  Latency Distribution (HdrHistogram - Recorded Latency)
 50.000%    2.30s 
 75.000%    3.02s 
 90.000%    3.41s 
 99.000%    4.12s 
 99.900%    4.25s 
 99.990%    4.34s 
 99.999%    4.35s 
100.000%    4.35s 

  Detailed Percentile spectrum:
       Value   Percentile   TotalCount 1/(1-Percentile)

     583.679     0.000000            1         1.00
    1292.287     0.100000         2262         1.11
    1519.615     0.200000         4523         1.25
    1745.919     0.300000         6788         1.43
    2044.927     0.400000         9045         1.67
    2295.807     0.500000        11302         2.00
    2459.647     0.550000        12440         2.22
    2637.823     0.600000        13567         2.50
    2772.991     0.650000        14713         2.86
    2865.151     0.700000        15826         3.33
    3016.703     0.750000        16958         4.00
    3084.287     0.775000        17520         4.44
    3149.823     0.800000        18092         5.00
    3211.263     0.825000        18662         5.71
    3276.799     0.850000        19221         6.67
    3340.287     0.875000        19788         8.00
    3371.007     0.887500        20067         8.89
    3407.871     0.900000        20352        10.00
    3442.687     0.912500        20625        11.43
    3485.695     0.925000        20909        13.33
    3543.039     0.937500        21193        16.00
    3577.855     0.943750        21334        17.78
    3622.911     0.950000        21482        20.00
    3663.871     0.956250        21614        22.86
    3739.647     0.962500        21755        26.67
    3821.567     0.968750        21897        32.00
    3897.343     0.971875        21968        35.56
    3928.063     0.975000        22038        40.00
    3948.543     0.978125        22109        45.71
    3975.167     0.981250        22181        53.33
    4014.079     0.984375        22254        64.00
    4030.463     0.985938        22288        71.11
    4063.231     0.987500        22320        80.00
    4102.143     0.989062        22357        91.43
    4126.719     0.990625        22393       106.67
    4151.295     0.992188        22428       128.00
    4161.535     0.992969        22448       142.22
    4169.727     0.993750        22463       160.00
    4182.015     0.994531        22480       182.86
    4190.207     0.995313        22499       213.33
    4198.399     0.996094        22515       256.00
    4206.591     0.996484        22527       284.44
    4214.783     0.996875        22537       320.00
    4218.879     0.997266        22541       365.71
    4227.071     0.997656        22552       426.67
    4231.167     0.998047        22559       512.00
    4235.263     0.998242        22563       568.89
    4239.359     0.998437        22569       640.00
    4243.455     0.998633        22575       731.43
    4247.551     0.998828        22579       853.33
    4251.647     0.999023        22582      1024.00
    4255.743     0.999121        22586      1137.78
    4255.743     0.999219        22586      1280.00
    4263.935     0.999316        22588      1462.86
    4268.031     0.999414        22589      1706.67
    4276.223     0.999512        22591      2048.00
    4284.415     0.999561        22593      2275.56
    4288.511     0.999609        22594      2560.00
    4296.703     0.999658        22595      2925.71
    4304.895     0.999707        22596      3413.33
    4313.087     0.999756        22598      4096.00
    4313.087     0.999780        22598      4551.11
    4313.087     0.999805        22598      5120.00
    4325.375     0.999829        22599      5851.43
    4325.375     0.999854        22599      6826.67
    4337.663     0.999878        22601      8192.00
    4337.663     0.999890        22601      9102.22
    4337.663     0.999902        22601     10240.00
    4337.663     0.999915        22601     11702.86
    4337.663     0.999927        22601     13653.33
    4337.663     0.999939        22601     16384.00
    4337.663     0.999945        22601     18204.44
    4337.663     0.999951        22601     20480.00
    4349.951     0.999957        22602     23405.71
    4349.951     1.000000        22602          inf
#[Mean    =     2339.189, StdDeviation   =      820.990]
#[Max     =     4345.856, Total count    =        22602]
#[Buckets =           27, SubBuckets     =         2048]
----------------------------------------------------------
  34133 requests in 30.00s, 7.00MB read
Requests/sec:   1137.75
Transfer/sec:    238.88KB
