Running 30s test @ http://localhost:8080/wrk2-api/post/compose
  1 threads and 10 connections
  Thread calibration: mean lat.: 11.910ms, rate sampling interval: 60ms
  Thread Stats   Avg      Stdev     99%   +/- Stdev
    Latency    86.52ms  225.47ms   1.09s    87.95%
    Req/Sec     0.94k   236.79     1.25k    80.12%
  Latency Distribution (HdrHistogram - Recorded Latency)
 50.000%    4.59ms
 75.000%    8.39ms
 90.000%  391.93ms
 99.000%    1.09s 
 99.900%    1.38s 
 99.990%    1.54s 
 99.999%    1.59s 
100.000%    1.59s 

  Detailed Percentile spectrum:
       Value   Percentile   TotalCount 1/(1-Percentile)

       2.051     0.000000            2         1.00
       2.695     0.100000         1871         1.11
       3.021     0.200000         3747         1.25
       3.395     0.300000         5602         1.43
       3.881     0.400000         7481         1.67
       4.595     0.500000         9344         2.00
       5.063     0.550000        10272         2.22
       5.579     0.600000        11203         2.50
       6.203     0.650000        12141         2.86
       7.095     0.700000        13070         3.33
       8.391     0.750000        14006         4.00
       9.319     0.775000        14471         4.44
      10.687     0.800000        14939         5.00
      13.135     0.825000        15404         5.71
      21.279     0.850000        15872         6.67
     291.071     0.875000        16338         8.00
     347.135     0.887500        16571         8.89
     391.935     0.900000        16804        10.00
     436.991     0.912500        17039        11.43
     504.063     0.925000        17272        13.33
     544.767     0.937500        17508        16.00
     565.759     0.943750        17621        17.78
     595.455     0.950000        17738        20.00
     670.719     0.956250        17855        22.86
     754.687     0.962500        17973        26.67
     805.375     0.968750        18090        32.00
     823.807     0.971875        18146        35.56
     852.991     0.975000        18205        40.00
     895.487     0.978125        18263        45.71
     926.719     0.981250        18321        53.33
     970.239     0.984375        18380        64.00
     988.159     0.985938        18410        71.11
    1012.223     0.987500        18438        80.00
    1080.319     0.989062        18467        91.43
    1098.751     0.990625        18496       106.67
    1112.063     0.992188        18526       128.00
    1126.399     0.992969        18541       142.22
    1136.639     0.993750        18556       160.00
    1141.759     0.994531        18570       182.86
    1147.903     0.995313        18584       213.33
    1157.119     0.996094        18600       256.00
    1168.383     0.996484        18606       284.44
    1195.007     0.996875        18615       320.00
    1208.319     0.997266        18620       365.71
    1242.111     0.997656        18629       426.67
    1304.575     0.998047        18635       512.00
    1319.935     0.998242        18639       568.89
    1328.127     0.998437        18642       640.00
    1337.343     0.998633        18646       731.43
    1371.135     0.998828        18650       853.33
    1388.543     0.999023        18653      1024.00
    1395.711     0.999121        18655      1137.78
    1424.383     0.999219        18657      1280.00
    1438.719     0.999316        18659      1462.86
    1491.967     0.999414        18661      1706.67
    1500.159     0.999512        18662      2048.00
    1523.711     0.999561        18663      2275.56
    1524.735     0.999609        18665      2560.00
    1524.735     0.999658        18665      2925.71
    1530.879     0.999707        18666      3413.33
    1537.023     0.999756        18667      4096.00
    1537.023     0.999780        18667      4551.11
    1541.119     0.999805        18668      5120.00
    1541.119     0.999829        18668      5851.43
    1543.167     0.999854        18669      6826.67
    1543.167     0.999878        18669      8192.00
    1543.167     0.999890        18669      9102.22
    1569.791     0.999902        18670     10240.00
    1569.791     0.999915        18670     11702.86
    1569.791     0.999927        18670     13653.33
    1569.791     0.999939        18670     16384.00
    1569.791     0.999945        18670     18204.44
    1586.175     0.999951        18671     20480.00
    1586.175     1.000000        18671          inf
#[Mean    =       86.522, StdDeviation   =      225.470]
#[Max     =     1585.152, Total count    =        18671]
#[Buckets =           27, SubBuckets     =         2048]
----------------------------------------------------------
  28594 requests in 30.00s, 5.86MB read
Requests/sec:    953.12
Transfer/sec:    200.12KB
