Running 30s test @ http://localhost:8080/wrk2-api/post/compose
  1 threads and 14 connections
  Thread calibration: mean lat.: 909.725ms, rate sampling interval: 3153ms
  Thread Stats   Avg      Stdev     99%   +/- Stdev
    Latency     3.56s     1.10s    5.69s    59.40%
    Req/Sec     1.14k     8.67     1.15k    66.67%
  Latency Distribution (HdrHistogram - Recorded Latency)
 50.000%    3.52s 
 75.000%    4.43s 
 90.000%    5.12s 
 99.000%    5.69s 
 99.900%    5.91s 
 99.990%    5.98s 
 99.999%    6.00s 
100.000%    6.00s 

  Detailed Percentile spectrum:
       Value   Percentile   TotalCount 1/(1-Percentile)

    1297.407     0.000000            1         1.00
    2096.127     0.100000         2287         1.11
    2441.215     0.200000         4598         1.25
    2818.047     0.300000         6866         1.43
    3213.311     0.400000         9149         1.67
    3518.463     0.500000        11435         2.00
    3688.447     0.550000        12586         2.22
    3874.815     0.600000        13730         2.50
    4073.471     0.650000        14869         2.86
    4276.223     0.700000        16026         3.33
    4427.775     0.750000        17158         4.00
    4542.463     0.775000        17735         4.44
    4661.247     0.800000        18297         5.00
    4763.647     0.825000        18864         5.71
    4857.855     0.850000        19450         6.67
    4997.119     0.875000        20015         8.00
    5054.463     0.887500        20304         8.89
    5119.999     0.900000        20576        10.00
    5189.631     0.912500        20876        11.43
    5238.783     0.925000        21152        13.33
    5292.031     0.937500        21435        16.00
    5332.991     0.943750        21579        17.78
    5369.855     0.950000        21722        20.00
    5398.527     0.956250        21861        22.86
    5447.679     0.962500        22006        26.67
    5500.927     0.968750        22147        32.00
    5521.407     0.971875        22226        35.56
    5541.887     0.975000        22291        40.00
    5562.367     0.978125        22374        45.71
    5578.751     0.981250        22434        53.33
    5603.327     0.984375        22507        64.00
    5627.903     0.985938        22543        71.11
    5648.383     0.987500        22578        80.00
    5672.959     0.989062        22611        91.43
    5693.439     0.990625        22653       106.67
    5718.015     0.992188        22684       128.00
    5738.495     0.992969        22705       142.22
    5754.879     0.993750        22722       160.00
    5775.359     0.994531        22738       182.86
    5787.647     0.995313        22754       213.33
    5808.127     0.996094        22772       256.00
    5820.415     0.996484        22783       284.44
    5836.799     0.996875        22793       320.00
    5849.087     0.997266        22800       365.71
    5861.375     0.997656        22810       426.67
    5873.663     0.998047        22819       512.00
    5877.759     0.998242        22822       568.89
    5885.951     0.998437        22826       640.00
    5890.047     0.998633        22830       731.43
    5906.431     0.998828        22835       853.33
    5918.719     0.999023        22840      1024.00
    5922.815     0.999121        22845      1137.78
    5922.815     0.999219        22845      1280.00
    5926.911     0.999316        22848      1462.86
    5926.911     0.999414        22848      1706.67
    5935.103     0.999512        22850      2048.00
    5943.295     0.999561        22853      2275.56
    5943.295     0.999609        22853      2560.00
    5947.391     0.999658        22854      2925.71
    5951.487     0.999707        22855      3413.33
    5963.775     0.999756        22857      4096.00
    5963.775     0.999780        22857      4551.11
    5963.775     0.999805        22857      5120.00
    5976.063     0.999829        22858      5851.43
    5976.063     0.999854        22858      6826.67
    5984.255     0.999878        22859      8192.00
    5984.255     0.999890        22859      9102.22
    5984.255     0.999902        22859     10240.00
    5996.543     0.999915        22860     11702.86
    5996.543     0.999927        22860     13653.33
    5996.543     0.999939        22860     16384.00
    5996.543     0.999945        22860     18204.44
    5996.543     0.999951        22860     20480.00
    6000.639     0.999957        22861     23405.71
    6000.639     1.000000        22861          inf
#[Mean    =     3561.639, StdDeviation   =     1100.734]
#[Max     =     5996.544, Total count    =        22861]
#[Buckets =           27, SubBuckets     =         2048]
----------------------------------------------------------
  34352 requests in 30.00s, 7.04MB read
Requests/sec:   1145.07
Transfer/sec:    240.42KB
