Running 30s test @ http://localhost:8080/wrk2-api/post/compose
  1 threads and 5 connections
  Thread calibration: mean lat.: 3.393ms, rate sampling interval: 10ms
  Thread Stats   Avg      Stdev     99%   +/- Stdev
    Latency     3.26ms    1.19ms   7.66ms   85.81%
    Req/Sec   527.00    220.55     1.10k    64.91%
  Latency Distribution (HdrHistogram - Recorded Latency)
 50.000%    2.82ms
 75.000%    3.45ms
 90.000%    4.94ms
 99.000%    7.66ms
 99.900%   11.66ms
 99.990%   15.39ms
 99.999%   18.33ms
100.000%   18.33ms

  Detailed Percentile spectrum:
       Value   Percentile   TotalCount 1/(1-Percentile)

       2.079     0.000000            1         1.00
       2.383     0.100000         1002         1.11
       2.495     0.200000         2001         1.25
       2.597     0.300000         3016         1.43
       2.705     0.400000         4019         1.67
       2.823     0.500000         5007         2.00
       2.893     0.550000         5513         2.22
       2.977     0.600000         6006         2.50
       3.079     0.650000         6502         2.86
       3.221     0.700000         7003         3.33
       3.455     0.750000         7505         4.00
       3.597     0.775000         7752         4.44
       3.787     0.800000         8000         5.00
       4.045     0.825000         8252         5.71
       4.335     0.850000         8500         6.67
       4.695     0.875000         8752         8.00
       4.803     0.887500         8875         8.89
       4.943     0.900000         9003        10.00
       5.095     0.912500         9125        11.43
       5.215     0.925000         9251        13.33
       5.423     0.937500         9379        16.00
       5.515     0.943750         9438        17.78
       5.643     0.950000         9500        20.00
       5.787     0.956250         9562        22.86
       5.967     0.962500         9627        26.67
       6.187     0.968750         9687        32.00
       6.295     0.971875         9718        35.56
       6.515     0.975000         9750        40.00
       6.691     0.978125         9782        45.71
       6.983     0.981250         9813        53.33
       7.171     0.984375         9843        64.00
       7.303     0.985938         9859        71.11
       7.475     0.987500         9875        80.00
       7.603     0.989062         9890        91.43
       7.727     0.990625         9908       106.67
       7.963     0.992188         9921       128.00
       8.127     0.992969         9929       142.22
       8.215     0.993750         9937       160.00
       8.495     0.994531         9945       182.86
       8.751     0.995313         9953       213.33
       9.095     0.996094         9960       256.00
       9.231     0.996484         9965       284.44
       9.255     0.996875         9968       320.00
       9.447     0.997266         9972       365.71
       9.839     0.997656         9976       426.67
      10.271     0.998047         9980       512.00
      10.359     0.998242         9982       568.89
      10.519     0.998437         9984       640.00
      10.743     0.998633         9986       731.43
      11.455     0.998828         9988       853.33
      11.815     0.999023         9990      1024.00
      11.943     0.999121         9991      1137.78
      11.951     0.999219         9993      1280.00
      11.951     0.999316         9993      1462.86
      13.151     0.999414         9995      1706.67
      13.151     0.999512         9995      2048.00
      13.151     0.999561         9995      2275.56
      13.991     0.999609         9996      2560.00
      13.991     0.999658         9996      2925.71
      14.975     0.999707         9997      3413.33
      14.975     0.999756         9997      4096.00
      14.975     0.999780         9997      4551.11
      15.391     0.999805         9998      5120.00
      15.391     0.999829         9998      5851.43
      15.391     0.999854         9998      6826.67
      15.391     0.999878         9998      8192.00
      15.391     0.999890         9998      9102.22
      18.335     0.999902         9999     10240.00
      18.335     1.000000         9999          inf
#[Mean    =        3.261, StdDeviation   =        1.194]
#[Max     =       18.320, Total count    =         9999]
#[Buckets =           27, SubBuckets     =         2048]
----------------------------------------------------------
  14981 requests in 30.00s, 3.07MB read
Requests/sec:    499.36
Transfer/sec:    104.85KB
