Running 30s test @ http://localhost:8080/wrk2-api/post/compose
  1 threads and 3 connections
  Thread calibration: mean lat.: 3.155ms, rate sampling interval: 10ms
  Thread Stats   Avg      Stdev     99%   +/- Stdev
    Latency     3.12ms    1.23ms   8.10ms   86.51%
    Req/Sec   314.06    173.96   777.00     62.47%
  Latency Distribution (HdrHistogram - Recorded Latency)
 50.000%    2.68ms
 75.000%    3.13ms
 90.000%    4.76ms
 99.000%    8.10ms
 99.900%   13.16ms
 99.990%   14.36ms
 99.999%   18.45ms
100.000%   18.45ms

  Detailed Percentile spectrum:
       Value   Percentile   TotalCount 1/(1-Percentile)

       2.003     0.000000            1         1.00
       2.327     0.100000          597         1.11
       2.419     0.200000         1203         1.25
       2.511     0.300000         1798         1.43
       2.595     0.400000         2391         1.67
       2.683     0.500000         2985         2.00
       2.741     0.550000         3287         2.22
       2.801     0.600000         3587         2.50
       2.877     0.650000         3879         2.86
       2.983     0.700000         4175         3.33
       3.135     0.750000         4471         4.00
       3.265     0.775000         4620         4.44
       3.465     0.800000         4769         5.00
       3.733     0.825000         4917         5.71
       4.081     0.850000         5066         6.67
       4.523     0.875000         5215         8.00
       4.651     0.887500         5290         8.89
       4.763     0.900000         5364        10.00
       4.891     0.912500         5438        11.43
       5.023     0.925000         5513        13.33
       5.187     0.937500         5588        16.00
       5.271     0.943750         5624        17.78
       5.363     0.950000         5662        20.00
       5.491     0.956250         5700        22.86
       5.731     0.962500         5736        26.67
       5.999     0.968750         5774        32.00
       6.243     0.971875         5793        35.56
       6.459     0.975000         5811        40.00
       6.767     0.978125         5829        45.71
       7.015     0.981250         5848        53.33
       7.279     0.984375         5866        64.00
       7.415     0.985938         5876        71.11
       7.643     0.987500         5885        80.00
       7.963     0.989062         5894        91.43
       8.271     0.990625         5904       106.67
       8.719     0.992188         5914       128.00
       8.983     0.992969         5918       142.22
       9.127     0.993750         5922       160.00
       9.271     0.994531         5927       182.86
       9.607     0.995313         5932       213.33
       9.903     0.996094         5936       256.00
      10.039     0.996484         5939       284.44
      10.119     0.996875         5941       320.00
      10.295     0.997266         5943       365.71
      10.583     0.997656         5946       426.67
      11.983     0.998047         5948       512.00
      12.031     0.998242         5949       568.89
      12.119     0.998437         5950       640.00
      12.791     0.998633         5951       731.43
      13.159     0.998828         5953       853.33
      13.439     0.999023         5954      1024.00
      13.439     0.999121         5954      1137.78
      13.791     0.999219         5955      1280.00
      13.791     0.999316         5955      1462.86
      14.095     0.999414         5956      1706.67
      14.159     0.999512         5957      2048.00
      14.159     0.999561         5957      2275.56
      14.159     0.999609         5957      2560.00
      14.159     0.999658         5957      2925.71
      14.359     0.999707         5958      3413.33
      14.359     0.999756         5958      4096.00
      14.359     0.999780         5958      4551.11
      14.359     0.999805         5958      5120.00
      14.359     0.999829         5958      5851.43
      18.447     0.999854         5959      6826.67
      18.447     1.000000         5959          inf
#[Mean    =        3.123, StdDeviation   =        1.230]
#[Max     =       18.432, Total count    =         5959]
#[Buckets =           27, SubBuckets     =         2048]
----------------------------------------------------------
  8959 requests in 30.01s, 1.84MB read
Requests/sec:    298.58
Transfer/sec:     62.69KB
