Running 30s test @ http://localhost:8080/wrk2-api/post/compose
  1 threads and 1 connections
  Thread calibration: mean lat.: 3.384ms, rate sampling interval: 10ms
  Thread Stats   Avg      Stdev     99%   +/- Stdev
    Latency     4.03ms    1.55ms   9.65ms   84.62%
    Req/Sec   103.27     95.89   333.00     50.53%
  Latency Distribution (HdrHistogram - Recorded Latency)
 50.000%    3.51ms
 75.000%    4.30ms
 90.000%    6.32ms
 99.000%    9.65ms
 99.900%   13.80ms
 99.990%   15.36ms
 99.999%   15.36ms
100.000%   15.36ms

  Detailed Percentile spectrum:
       Value   Percentile   TotalCount 1/(1-Percentile)

       2.289     0.000000            1         1.00
       2.791     0.100000          201         1.11
       3.001     0.200000          394         1.25
       3.177     0.300000          591         1.43
       3.349     0.400000          789         1.67
       3.509     0.500000          983         2.00
       3.575     0.550000         1082         2.22
       3.663     0.600000         1179         2.50
       3.771     0.650000         1278         2.86
       3.939     0.700000         1375         3.33
       4.295     0.750000         1473         4.00
       4.547     0.775000         1523         4.44
       4.879     0.800000         1572         5.00
       5.223     0.825000         1621         5.71
       5.555     0.850000         1670         6.67
       5.879     0.875000         1719         8.00
       6.091     0.887500         1744         8.89
       6.323     0.900000         1770        10.00
       6.563     0.912500         1793        11.43
       6.715     0.925000         1817        13.33
       6.919     0.937500         1843        16.00
       6.999     0.943750         1854        17.78
       7.171     0.950000         1866        20.00
       7.359     0.956250         1880        22.86
       7.579     0.962500         1891        26.67
       7.891     0.968750         1903        32.00
       7.999     0.971875         1909        35.56
       8.135     0.975000         1915        40.00
       8.359     0.978125         1922        45.71
       8.575     0.981250         1928        53.33
       9.223     0.984375         1934        64.00
       9.303     0.985938         1937        71.11
       9.415     0.987500         1940        80.00
       9.607     0.989062         1943        91.43
       9.695     0.990625         1946       106.67
       9.999     0.992188         1950       128.00
      10.087     0.992969         1951       142.22
      10.303     0.993750         1952       160.00
      10.567     0.994531         1954       182.86
      10.639     0.995313         1955       213.33
      11.351     0.996094         1957       256.00
      11.431     0.996484         1958       284.44
      11.431     0.996875         1958       320.00
      11.535     0.997266         1959       365.71
      13.127     0.997656         1960       426.67
      13.311     0.998047         1961       512.00
      13.311     0.998242         1961       568.89
      13.311     0.998437         1961       640.00
      13.799     0.998633         1962       731.43
      13.799     0.998828         1962       853.33
      13.919     0.999023         1963      1024.00
      13.919     0.999121         1963      1137.78
      13.919     0.999219         1963      1280.00
      13.919     0.999316         1963      1462.86
      13.919     0.999414         1963      1706.67
      15.359     0.999512         1964      2048.00
      15.359     1.000000         1964          inf
#[Mean    =        4.028, StdDeviation   =        1.549]
#[Max     =       15.352, Total count    =         1964]
#[Buckets =           27, SubBuckets     =         2048]
----------------------------------------------------------
  3000 requests in 30.00s, 629.88KB read
Requests/sec:     99.99
Transfer/sec:     20.99KB
