Running 30s test @ http://localhost:8080/wrk2-api/post/compose
  1 threads and 4 connections
  Thread calibration: mean lat.: 3.332ms, rate sampling interval: 10ms
  Thread Stats   Avg      Stdev     99%   +/- Stdev
    Latency     3.24ms    1.25ms   7.94ms   85.72%
    Req/Sec   416.85    195.12     0.90k    70.26%
  Latency Distribution (HdrHistogram - Recorded Latency)
 50.000%    2.78ms
 75.000%    3.43ms
 90.000%    4.95ms
 99.000%    7.94ms
 99.900%   11.77ms
 99.990%   15.96ms
 99.999%   19.33ms
100.000%   19.33ms

  Detailed Percentile spectrum:
       Value   Percentile   TotalCount 1/(1-Percentile)

       2.006     0.000000            1         1.00
       2.321     0.100000          808         1.11
       2.433     0.200000         1598         1.25
       2.539     0.300000         2375         1.43
       2.653     0.400000         3165         1.67
       2.783     0.500000         3963         2.00
       2.859     0.550000         4357         2.22
       2.945     0.600000         4750         2.50
       3.061     0.650000         5147         2.86
       3.219     0.700000         5541         3.33
       3.429     0.750000         5935         4.00
       3.579     0.775000         6134         4.44
       3.757     0.800000         6331         5.00
       4.031     0.825000         6528         5.71
       4.387     0.850000         6727         6.67
       4.691     0.875000         6924         8.00
       4.827     0.887500         7024         8.89
       4.955     0.900000         7121        10.00
       5.095     0.912500         7222        11.43
       5.279     0.925000         7320        13.33
       5.467     0.937500         7418        16.00
       5.587     0.943750         7468        17.78
       5.735     0.950000         7517        20.00
       5.887     0.956250         7566        22.86
       6.079     0.962500         7617        26.67
       6.275     0.968750         7666        32.00
       6.363     0.971875         7690        35.56
       6.559     0.975000         7715        40.00
       6.759     0.978125         7739        45.71
       6.951     0.981250         7764        53.33
       7.235     0.984375         7789        64.00
       7.323     0.985938         7802        71.11
       7.551     0.987500         7814        80.00
       7.795     0.989062         7826        91.43
       7.999     0.990625         7838       106.67
       8.223     0.992188         7851       128.00
       8.367     0.992969         7857       142.22
       8.519     0.993750         7863       160.00
       8.719     0.994531         7869       182.86
       9.159     0.995313         7875       213.33
       9.503     0.996094         7882       256.00
       9.687     0.996484         7885       284.44
       9.839     0.996875         7888       320.00
      10.007     0.997266         7891       365.71
      10.303     0.997656         7894       426.67
      10.503     0.998047         7897       512.00
      10.687     0.998242         7899       568.89
      11.335     0.998437         7900       640.00
      11.495     0.998633         7902       731.43
      11.583     0.998828         7903       853.33
      11.879     0.999023         7905      1024.00
      12.367     0.999121         7906      1137.78
      12.367     0.999219         7906      1280.00
      12.503     0.999316         7907      1462.86
      13.719     0.999414         7908      1706.67
      14.495     0.999512         7909      2048.00
      14.495     0.999561         7909      2275.56
      14.495     0.999609         7909      2560.00
      15.103     0.999658         7910      2925.71
      15.103     0.999707         7910      3413.33
      15.959     0.999756         7911      4096.00
      15.959     0.999780         7911      4551.11
      15.959     0.999805         7911      5120.00
      15.959     0.999829         7911      5851.43
      15.959     0.999854         7911      6826.67
      19.327     0.999878         7912      8192.00
      19.327     1.000000         7912          inf
#[Mean    =        3.236, StdDeviation   =        1.250]
#[Max     =       19.312, Total count    =         7912]
#[Buckets =           27, SubBuckets     =         2048]
----------------------------------------------------------
  11916 requests in 30.00s, 2.44MB read
Requests/sec:    397.21
Transfer/sec:     83.40KB
