Running 30s test @ http://localhost:8080/wrk2-api/post/compose
  1 threads and 8 connections
  Thread calibration: mean lat.: 5.670ms, rate sampling interval: 19ms
  Thread Stats   Avg      Stdev     99%   +/- Stdev
    Latency     5.19ms    3.32ms  18.05ms   88.69%
    Req/Sec   816.66    177.70     1.17k    60.82%
  Latency Distribution (HdrHistogram - Recorded Latency)
 50.000%    4.11ms
 75.000%    6.08ms
 90.000%    8.90ms
 99.000%   18.05ms
 99.900%   31.31ms
 99.990%   38.33ms
 99.999%   42.75ms
100.000%   42.75ms

  Detailed Percentile spectrum:
       Value   Percentile   TotalCount 1/(1-Percentile)

       2.097     0.000000            1         1.00
       2.659     0.100000         1597         1.11
       2.965     0.200000         3196         1.25
       3.273     0.300000         4781         1.43
       3.645     0.400000         6370         1.67
       4.115     0.500000         7956         2.00
       4.399     0.550000         8753         2.22
       4.715     0.600000         9552         2.50
       5.095     0.650000        10343         2.86
       5.551     0.700000        11139         3.33
       6.083     0.750000        11931         4.00
       6.411     0.775000        12332         4.44
       6.767     0.800000        12727         5.00
       7.163     0.825000        13126         5.71
       7.647     0.850000        13523         6.67
       8.215     0.875000        13922         8.00
       8.535     0.887500        14121         8.89
       8.895     0.900000        14319        10.00
       9.375     0.912500        14517        11.43
       9.927     0.925000        14717        13.33
      10.567     0.937500        14915        16.00
      10.919     0.943750        15014        17.78
      11.287     0.950000        15113        20.00
      11.855     0.956250        15213        22.86
      12.415     0.962500        15313        26.67
      13.007     0.968750        15411        32.00
      13.503     0.971875        15461        35.56
      13.903     0.975000        15512        40.00
      14.383     0.978125        15561        45.71
      15.071     0.981250        15612        53.33
      15.767     0.984375        15660        64.00
      16.231     0.985938        15685        71.11
      16.831     0.987500        15710        80.00
      17.615     0.989062        15735        91.43
      18.383     0.990625        15759       106.67
      19.375     0.992188        15785       128.00
      20.159     0.992969        15797       142.22
      20.719     0.993750        15809       160.00
      21.839     0.994531        15823       182.86
      22.911     0.995313        15834       213.33
      24.799     0.996094        15846       256.00
      25.151     0.996484        15853       284.44
      25.599     0.996875        15859       320.00
      26.719     0.997266        15865       365.71
      27.391     0.997656        15871       426.67
      28.127     0.998047        15877       512.00
      29.215     0.998242        15881       568.89
      30.079     0.998437        15884       640.00
      30.543     0.998633        15887       731.43
      30.847     0.998828        15890       853.33
      31.455     0.999023        15893      1024.00
      32.383     0.999121        15895      1137.78
      32.799     0.999219        15896      1280.00
      33.247     0.999316        15898      1462.86
      33.407     0.999414        15899      1706.67
      33.503     0.999512        15901      2048.00
      33.823     0.999561        15902      2275.56
      33.823     0.999609        15902      2560.00
      36.223     0.999658        15903      2925.71
      36.991     0.999707        15904      3413.33
      37.503     0.999756        15905      4096.00
      37.503     0.999780        15905      4551.11
      37.503     0.999805        15905      5120.00
      38.335     0.999829        15906      5851.43
      38.335     0.999854        15906      6826.67
      42.623     0.999878        15907      8192.00
      42.623     0.999890        15907      9102.22
      42.623     0.999902        15907     10240.00
      42.623     0.999915        15907     11702.86
      42.623     0.999927        15907     13653.33
      42.751     0.999939        15908     16384.00
      42.751     1.000000        15908          inf
#[Mean    =        5.188, StdDeviation   =        3.318]
#[Max     =       42.720, Total count    =        15908]
#[Buckets =           27, SubBuckets     =         2048]
----------------------------------------------------------
  23887 requests in 30.00s, 4.90MB read
Requests/sec:    796.22
Transfer/sec:    167.18KB
