Running 30s test @ http://localhost:8080/wrk2-api/post/compose
  1 threads and 12 connections
  Thread calibration: mean lat.: 1038.206ms, rate sampling interval: 3715ms
  Thread Stats   Avg      Stdev     99%   +/- Stdev
    Latency     3.94s     1.17s    6.36s    60.03%
    Req/Sec     0.96k     5.68     0.97k    60.00%
  Latency Distribution (HdrHistogram - Recorded Latency)
 50.000%    3.89s 
 75.000%    4.92s 
 90.000%    5.58s 
 99.000%    6.36s 
 99.900%    6.59s 
 99.990%    6.61s 
 99.999%    6.62s 
100.000%    6.62s 

  Detailed Percentile spectrum:
       Value   Percentile   TotalCount 1/(1-Percentile)

    1752.063     0.000000            1         1.00
    2355.199     0.100000         1932         1.11
    2760.703     0.200000         3845         1.25
    3180.543     0.300000         5761         1.43
    3571.711     0.400000         7672         1.67
    3887.103     0.500000         9593         2.00
    4026.367     0.550000        10549         2.22
    4235.263     0.600000        11525         2.50
    4435.967     0.650000        12464         2.86
    4657.151     0.700000        13428         3.33
    4915.199     0.750000        14400         4.00
    5013.503     0.775000        14870         4.44
    5099.519     0.800000        15347         5.00
    5193.727     0.825000        15818         5.71
    5328.895     0.850000        16300         6.67
    5455.871     0.875000        16782         8.00
    5525.503     0.887500        17026         8.89
    5582.847     0.900000        17262        10.00
    5644.287     0.912500        17520        11.43
    5705.727     0.925000        17752        13.33
    5767.167     0.937500        17986        16.00
    5804.031     0.943750        18100        17.78
    5844.991     0.950000        18226        20.00
    5885.951     0.956250        18340        22.86
    5922.815     0.962500        18455        26.67
    5967.871     0.968750        18574        32.00
    5996.543     0.971875        18639        35.56
    6029.311     0.975000        18698        40.00
    6070.271     0.978125        18754        45.71
    6135.807     0.981250        18817        53.33
    6230.015     0.984375        18878        64.00
    6250.495     0.985938        18905        71.11
    6299.647     0.987500        18934        80.00
    6336.511     0.989062        18965        91.43
    6369.279     0.990625        18995       106.67
    6385.663     0.992188        19025       128.00
    6402.047     0.992969        19040       142.22
    6418.431     0.993750        19056       160.00
    6434.815     0.994531        19073       182.86
    6463.487     0.995313        19085       213.33
    6492.159     0.996094        19099       256.00
    6512.639     0.996484        19106       284.44
    6537.215     0.996875        19114       320.00
    6561.791     0.997266        19124       365.71
    6569.983     0.997656        19129       426.67
    6578.175     0.998047        19138       512.00
    6582.271     0.998242        19142       568.89
    6586.367     0.998437        19147       640.00
    6586.367     0.998633        19147       731.43
    6590.463     0.998828        19153       853.33
    6594.559     0.999023        19159      1024.00
    6594.559     0.999121        19159      1137.78
    6594.559     0.999219        19159      1280.00
    6598.655     0.999316        19163      1462.86
    6598.655     0.999414        19163      1706.67
    6602.751     0.999512        19166      2048.00
    6602.751     0.999561        19166      2275.56
    6602.751     0.999609        19166      2560.00
    6606.847     0.999658        19168      2925.71
    6606.847     0.999707        19168      3413.33
    6610.943     0.999756        19171      4096.00
    6610.943     0.999780        19171      4551.11
    6610.943     0.999805        19171      5120.00
    6610.943     0.999829        19171      5851.43
    6610.943     0.999854        19171      6826.67
    6610.943     0.999878        19171      8192.00
    6610.943     0.999890        19171      9102.22
    6615.039     0.999902        19172     10240.00
    6615.039     0.999915        19172     11702.86
    6615.039     0.999927        19172     13653.33
    6615.039     0.999939        19172     16384.00
    6615.039     0.999945        19172     18204.44
    6623.231     0.999951        19173     20480.00
    6623.231     1.000000        19173          inf
#[Mean    =     3938.830, StdDeviation   =     1167.794]
#[Max     =     6619.136, Total count    =        19173]
#[Buckets =           27, SubBuckets     =         2048]
----------------------------------------------------------
  28706 requests in 30.00s, 5.89MB read
Requests/sec:    956.88
Transfer/sec:    200.91KB
