Running 30s test @ http://localhost:8080/wrk2-api/post/compose
  1 threads and 9 connections
  Thread calibration: mean lat.: 9.549ms, rate sampling interval: 39ms
  Thread Stats   Avg      Stdev     99%   +/- Stdev
    Latency     8.79ms    7.76ms  42.53ms   89.51%
    Req/Sec     0.91k   117.14     1.11k    70.31%
  Latency Distribution (HdrHistogram - Recorded Latency)
 50.000%    6.32ms
 75.000%   10.46ms
 90.000%   16.91ms
 99.000%   42.53ms
 99.900%   64.13ms
 99.990%   87.23ms
 99.999%   90.94ms
100.000%   90.94ms

  Detailed Percentile spectrum:
       Value   Percentile   TotalCount 1/(1-Percentile)

       2.137     0.000000            1         1.00
       3.099     0.100000         1791         1.11
       3.757     0.200000         3579         1.25
       4.463     0.300000         5374         1.43
       5.311     0.400000         7164         1.67
       6.323     0.500000         8954         2.00
       6.887     0.550000         9844         2.22
       7.555     0.600000        10741         2.50
       8.351     0.650000        11629         2.86
       9.295     0.700000        12525         3.33
      10.463     0.750000        13419         4.00
      11.199     0.775000        13865         4.44
      12.039     0.800000        14315         5.00
      12.967     0.825000        14766         5.71
      13.911     0.850000        15209         6.67
      15.207     0.875000        15654         8.00
      16.047     0.887500        15882         8.89
      16.911     0.900000        16101        10.00
      17.967     0.912500        16325        11.43
      19.295     0.925000        16549        13.33
      21.055     0.937500        16774        16.00
      21.839     0.943750        16885        17.78
      22.975     0.950000        16997        20.00
      24.127     0.956250        17108        22.86
      25.743     0.962500        17220        26.67
      27.743     0.968750        17331        32.00
      29.231     0.971875        17387        35.56
      30.799     0.975000        17443        40.00
      32.511     0.978125        17499        45.71
      34.079     0.981250        17558        53.33
      36.703     0.984375        17611        64.00
      38.239     0.985938        17639        71.11
      39.935     0.987500        17667        80.00
      41.375     0.989062        17695        91.43
      43.551     0.990625        17724       106.67
      46.015     0.992188        17751       128.00
      47.647     0.992969        17765       142.22
      48.735     0.993750        17779       160.00
      50.463     0.994531        17794       182.86
      52.159     0.995313        17807       213.33
      53.631     0.996094        17821       256.00
      54.719     0.996484        17828       284.44
      55.871     0.996875        17835       320.00
      56.543     0.997266        17842       365.71
      58.655     0.997656        17849       426.67
      59.551     0.998047        17856       512.00
      60.095     0.998242        17860       568.89
      60.767     0.998437        17863       640.00
      62.687     0.998633        17866       731.43
      62.943     0.998828        17870       853.33
      64.223     0.999023        17873      1024.00
      67.071     0.999121        17875      1137.78
      67.775     0.999219        17877      1280.00
      68.543     0.999316        17878      1462.86
      70.207     0.999414        17880      1706.67
      72.639     0.999512        17882      2048.00
      73.279     0.999561        17883      2275.56
      75.007     0.999609        17884      2560.00
      75.007     0.999658        17884      2925.71
      77.183     0.999707        17885      3413.33
      82.559     0.999756        17886      4096.00
      87.231     0.999780        17888      4551.11
      87.231     0.999805        17888      5120.00
      87.231     0.999829        17888      5851.43
      87.231     0.999854        17888      6826.67
      87.231     0.999878        17888      8192.00
      89.791     0.999890        17889      9102.22
      89.791     0.999902        17889     10240.00
      89.791     0.999915        17889     11702.86
      89.791     0.999927        17889     13653.33
      89.791     0.999939        17889     16384.00
      90.943     0.999945        17890     18204.44
      90.943     1.000000        17890          inf
#[Mean    =        8.786, StdDeviation   =        7.764]
#[Max     =       90.880, Total count    =        17890]
#[Buckets =           27, SubBuckets     =         2048]
----------------------------------------------------------
  26851 requests in 30.00s, 5.51MB read
Requests/sec:    895.04
Transfer/sec:    187.92KB
