Running 30s test @ http://localhost:8080/wrk2-api/post/compose
  1 threads and 3 connections
  Thread calibration: mean lat.: 3.182ms, rate sampling interval: 10ms
  Thread Stats   Avg      Stdev     99%   +/- Stdev
    Latency     3.15ms    1.26ms   8.02ms   86.89%
    Req/Sec   313.95    176.89   777.00     62.51%
  Latency Distribution (HdrHistogram - Recorded Latency)
 50.000%    2.71ms
 75.000%    3.23ms
 90.000%    4.75ms
 99.000%    8.02ms
 99.900%   14.20ms
 99.990%   19.30ms
 99.999%   21.06ms
100.000%   21.06ms

  Detailed Percentile spectrum:
       Value   Percentile   TotalCount 1/(1-Percentile)

       2.009     0.000000            1         1.00
       2.315     0.100000          597         1.11
       2.415     0.200000         1196         1.25
       2.515     0.300000         1795         1.43
       2.609     0.400000         2391         1.67
       2.713     0.500000         2982         2.00
       2.765     0.550000         3278         2.22
       2.841     0.600000         3587         2.50
       2.931     0.650000         3874         2.86
       3.045     0.700000         4172         3.33
       3.227     0.750000         4476         4.00
       3.361     0.775000         4619         4.44
       3.523     0.800000         4770         5.00
       3.771     0.825000         4919         5.71
       4.099     0.850000         5069         6.67
       4.491     0.875000         5216         8.00
       4.607     0.887500         5290         8.89
       4.755     0.900000         5364        10.00
       4.887     0.912500         5438        11.43
       5.027     0.925000         5513        13.33
       5.215     0.937500         5588        16.00
       5.327     0.943750         5626        17.78
       5.447     0.950000         5662        20.00
       5.595     0.956250         5699        22.86
       5.807     0.962500         5736        26.67
       6.119     0.968750         5773        32.00
       6.327     0.971875         5793        35.56
       6.507     0.975000         5811        40.00
       6.727     0.978125         5829        45.71
       6.999     0.981250         5848        53.33
       7.283     0.984375         5866        64.00
       7.491     0.985938         5876        71.11
       7.715     0.987500         5885        80.00
       7.943     0.989062         5894        91.43
       8.123     0.990625         5904       106.67
       8.295     0.992188         5913       128.00
       8.495     0.992969         5918       142.22
       8.687     0.993750         5922       160.00
       8.871     0.994531         5927       182.86
       9.559     0.995313         5932       213.33
       9.967     0.996094         5936       256.00
      10.047     0.996484         5939       284.44
      10.295     0.996875         5941       320.00
      10.455     0.997266         5943       365.71
      10.919     0.997656         5946       426.67
      11.255     0.998047         5948       512.00
      12.119     0.998242         5949       568.89
      13.231     0.998437         5950       640.00
      13.327     0.998633         5951       731.43
      14.199     0.998828         5953       853.33
      14.511     0.999023         5954      1024.00
      14.511     0.999121         5954      1137.78
      15.551     0.999219         5955      1280.00
      15.551     0.999316         5955      1462.86
      17.247     0.999414         5956      1706.67
      17.535     0.999512         5957      2048.00
      17.535     0.999561         5957      2275.56
      17.535     0.999609         5957      2560.00
      17.535     0.999658         5957      2925.71
      19.295     0.999707         5958      3413.33
      19.295     0.999756         5958      4096.00
      19.295     0.999780         5958      4551.11
      19.295     0.999805         5958      5120.00
      19.295     0.999829         5958      5851.43
      21.055     0.999854         5959      6826.67
      21.055     1.000000         5959          inf
#[Mean    =        3.147, StdDeviation   =        1.263]
#[Max     =       21.040, Total count    =         5959]
#[Buckets =           27, SubBuckets     =         2048]
----------------------------------------------------------
  8959 requests in 30.00s, 1.84MB read
Requests/sec:    298.60
Transfer/sec:     62.69KB
