Running 30s test @ http://localhost:8080/wrk2-api/post/compose
  1 threads and 6 connections
  Thread calibration: mean lat.: 4.104ms, rate sampling interval: 13ms
  Thread Stats   Avg      Stdev     99%   +/- Stdev
    Latency     3.92ms    2.07ms  10.99ms   88.99%
    Req/Sec   618.58    201.31     1.08k    61.81%
  Latency Distribution (HdrHistogram - Recorded Latency)
 50.000%    3.26ms
 75.000%    4.44ms
 90.000%    6.15ms
 99.000%   10.99ms
 99.900%   24.58ms
 99.990%   46.14ms
 99.999%   49.22ms
100.000%   49.22ms

  Detailed Percentile spectrum:
       Value   Percentile   TotalCount 1/(1-Percentile)

       1.979     0.000000            1         1.00
       2.439     0.100000         1197         1.11
       2.627     0.200000         2390         1.25
       2.811     0.300000         3573         1.43
       3.007     0.400000         4761         1.67
       3.261     0.500000         5956         2.00
       3.415     0.550000         6543         2.22
       3.589     0.600000         7139         2.50
       3.801     0.650000         7735         2.86
       4.073     0.700000         8327         3.33
       4.443     0.750000         8922         4.00
       4.655     0.775000         9219         4.44
       4.895     0.800000         9516         5.00
       5.147     0.825000         9815         5.71
       5.451     0.850000        10117         6.67
       5.759     0.875000        10409         8.00
       5.943     0.887500        10557         8.89
       6.151     0.900000        10707        10.00
       6.403     0.912500        10856        11.43
       6.663     0.925000        11004        13.33
       7.031     0.937500        11153        16.00
       7.243     0.943750        11226        17.78
       7.431     0.950000        11303        20.00
       7.675     0.956250        11376        22.86
       8.031     0.962500        11449        26.67
       8.351     0.968750        11524        32.00
       8.599     0.971875        11561        35.56
       8.807     0.975000        11601        40.00
       9.095     0.978125        11635        45.71
       9.391     0.981250        11673        53.33
       9.783     0.984375        11710        64.00
       9.983     0.985938        11728        71.11
      10.327     0.987500        11747        80.00
      10.647     0.989062        11765        91.43
      11.111     0.990625        11784       106.67
      11.695     0.992188        11803       128.00
      12.079     0.992969        11812       142.22
      12.279     0.993750        11821       160.00
      12.935     0.994531        11830       182.86
      13.815     0.995313        11840       213.33
      14.711     0.996094        11849       256.00
      15.047     0.996484        11854       284.44
      15.695     0.996875        11858       320.00
      16.495     0.997266        11863       365.71
      17.279     0.997656        11868       426.67
      18.607     0.998047        11872       512.00
      20.639     0.998242        11875       568.89
      21.199     0.998437        11877       640.00
      21.871     0.998633        11879       731.43
      24.335     0.998828        11882       853.33
      24.847     0.999023        11884      1024.00
      25.247     0.999121        11885      1137.78
      25.423     0.999219        11886      1280.00
      25.743     0.999316        11887      1462.86
      26.799     0.999414        11889      1706.67
      28.479     0.999512        11890      2048.00
      28.479     0.999561        11890      2275.56
      29.359     0.999609        11891      2560.00
      29.359     0.999658        11891      2925.71
      35.295     0.999707        11892      3413.33
      35.615     0.999756        11893      4096.00
      35.615     0.999780        11893      4551.11
      35.615     0.999805        11893      5120.00
      35.615     0.999829        11893      5851.43
      46.143     0.999854        11894      6826.67
      46.143     0.999878        11894      8192.00
      46.143     0.999890        11894      9102.22
      46.143     0.999902        11894     10240.00
      46.143     0.999915        11894     11702.86
      49.215     0.999927        11895     13653.33
      49.215     1.000000        11895          inf
#[Mean    =        3.915, StdDeviation   =        2.067]
#[Max     =       49.184, Total count    =        11895]
#[Buckets =           27, SubBuckets     =         2048]
----------------------------------------------------------
  17890 requests in 30.00s, 3.67MB read
Requests/sec:    596.29
Transfer/sec:    125.20KB
