Running 30s test @ http://localhost:8080/wrk2-api/post/compose
  1 threads and 10 connections
  Thread calibration: mean lat.: 207.092ms, rate sampling interval: 799ms
  Thread Stats   Avg      Stdev     99%   +/- Stdev
    Latency   736.60ms  439.45ms   1.85s    69.42%
    Req/Sec     0.95k    18.30     0.99k    72.00%
  Latency Distribution (HdrHistogram - Recorded Latency)
 50.000%  664.06ms
 75.000%  971.78ms
 90.000%    1.47s 
 99.000%    1.85s 
 99.900%    2.10s 
 99.990%    2.13s 
 99.999%    2.13s 
100.000%    2.13s 

  Detailed Percentile spectrum:
       Value   Percentile   TotalCount 1/(1-Percentile)

       5.087     0.000000            1         1.00
     232.703     0.100000         1905         1.11
     340.991     0.200000         3806         1.25
     453.631     0.300000         5709         1.43
     564.735     0.400000         7610         1.67
     664.063     0.500000         9516         2.00
     727.551     0.550000        10463         2.22
     788.479     0.600000        11416         2.50
     838.655     0.650000        12364         2.86
     896.511     0.700000        13315         3.33
     971.775     0.750000        14268         4.00
    1002.495     0.775000        14749         4.44
    1045.503     0.800000        15219         5.00
    1105.919     0.825000        15693         5.71
    1191.935     0.850000        16168         6.67
    1370.111     0.875000        16644         8.00
    1429.503     0.887500        16882         8.89
    1471.487     0.900000        17123        10.00
    1510.399     0.912500        17357        11.43
    1547.263     0.925000        17601        13.33
    1576.959     0.937500        17834        16.00
    1592.319     0.943750        17956        17.78
    1613.823     0.950000        18076        20.00
    1639.423     0.956250        18195        22.86
    1660.927     0.962500        18315        26.67
    1678.335     0.968750        18429        32.00
    1688.575     0.971875        18489        35.56
    1710.079     0.975000        18546        40.00
    1738.751     0.978125        18606        45.71
    1766.399     0.981250        18668        53.33
    1799.167     0.984375        18724        64.00
    1812.479     0.985938        18755        71.11
    1828.863     0.987500        18784        80.00
    1842.175     0.989062        18814        91.43
    1857.535     0.990625        18845       106.67
    1893.375     0.992188        18873       128.00
    1912.831     0.992969        18888       142.22
    1936.383     0.993750        18904       160.00
    1950.719     0.994531        18919       182.86
    1966.079     0.995313        18932       213.33
    1986.559     0.996094        18947       256.00
    1994.751     0.996484        18955       284.44
    2025.471     0.996875        18962       320.00
    2057.215     0.997266        18969       365.71
    2066.431     0.997656        18977       426.67
    2073.599     0.998047        18984       512.00
    2079.743     0.998242        18988       568.89
    2082.815     0.998437        18992       640.00
    2084.863     0.998633        18995       731.43
    2091.007     0.998828        18999       853.33
    2101.247     0.999023        19003      1024.00
    2107.391     0.999121        19007      1137.78
    2107.391     0.999219        19007      1280.00
    2109.439     0.999316        19008      1462.86
    2115.583     0.999414        19011      1706.67
    2119.679     0.999512        19012      2048.00
    2121.727     0.999561        19013      2275.56
    2123.775     0.999609        19016      2560.00
    2123.775     0.999658        19016      2925.71
    2123.775     0.999707        19016      3413.33
    2127.871     0.999756        19018      4096.00
    2127.871     0.999780        19018      4551.11
    2127.871     0.999805        19018      5120.00
    2127.871     0.999829        19018      5851.43
    2131.967     0.999854        19021      6826.67
    2131.967     1.000000        19021          inf
#[Mean    =      736.597, StdDeviation   =      439.448]
#[Max     =     2129.920, Total count    =        19021]
#[Buckets =           27, SubBuckets     =         2048]
----------------------------------------------------------
  28634 requests in 30.00s, 5.87MB read
Requests/sec:    954.47
Transfer/sec:    200.40KB
