Running 30s test @ http://localhost:8080/wrk2-api/post/compose
  1 threads and 5 connections
  Thread calibration: mean lat.: 3.752ms, rate sampling interval: 11ms
  Thread Stats   Avg      Stdev     99%   +/- Stdev
    Latency     3.62ms    1.53ms   9.30ms   86.31%
    Req/Sec   524.06    198.31     1.00k    65.43%
  Latency Distribution (HdrHistogram - Recorded Latency)
 50.000%    3.07ms
 75.000%    4.01ms
 90.000%    5.61ms
 99.000%    9.30ms
 99.900%   13.99ms
 99.990%   17.74ms
 99.999%   19.82ms
100.000%   19.82ms

  Detailed Percentile spectrum:
       Value   Percentile   TotalCount 1/(1-Percentile)

       2.036     0.000000            1         1.00
       2.439     0.100000         1001         1.11
       2.591     0.200000         2010         1.25
       2.743     0.300000         3007         1.43
       2.887     0.400000         4004         1.67
       3.073     0.500000         5009         2.00
       3.179     0.550000         5507         2.22
       3.319     0.600000         6003         2.50
       3.483     0.650000         6502         2.86
       3.711     0.700000         7001         3.33
       4.007     0.750000         7502         4.00
       4.223     0.775000         7754         4.44
       4.459     0.800000         8000         5.00
       4.743     0.825000         8254         5.71
       4.995     0.850000         8501         6.67
       5.271     0.875000         8751         8.00
       5.443     0.887500         8875         8.89
       5.611     0.900000         9002        10.00
       5.807     0.912500         9126        11.43
       6.039     0.925000         9251        13.33
       6.279     0.937500         9376        16.00
       6.455     0.943750         9437        17.78
       6.615     0.950000         9501        20.00
       6.787     0.956250         9562        22.86
       7.039     0.962500         9625        26.67
       7.351     0.968750         9687        32.00
       7.531     0.971875         9718        35.56
       7.799     0.975000         9750        40.00
       7.979     0.978125         9781        45.71
       8.207     0.981250         9812        53.33
       8.455     0.984375         9843        64.00
       8.679     0.985938         9859        71.11
       8.927     0.987500         9875        80.00
       9.183     0.989062         9890        91.43
       9.399     0.990625         9906       106.67
       9.623     0.992188         9921       128.00
       9.831     0.992969         9929       142.22
      10.079     0.993750         9937       160.00
      10.463     0.994531         9945       182.86
      10.663     0.995313         9953       213.33
      11.383     0.996094         9961       256.00
      11.591     0.996484         9964       284.44
      12.055     0.996875         9968       320.00
      12.215     0.997266         9972       365.71
      12.663     0.997656         9976       426.67
      12.975     0.998047         9980       512.00
      13.351     0.998242         9982       568.89
      13.399     0.998437         9984       640.00
      13.727     0.998633         9986       731.43
      13.887     0.998828         9988       853.33
      14.087     0.999023         9990      1024.00
      14.855     0.999121         9991      1137.78
      15.063     0.999219         9992      1280.00
      15.183     0.999316         9993      1462.86
      15.295     0.999414         9994      1706.67
      16.159     0.999512         9995      2048.00
      16.159     0.999561         9995      2275.56
      16.751     0.999609         9996      2560.00
      16.751     0.999658         9996      2925.71
      16.943     0.999707         9997      3413.33
      16.943     0.999756         9997      4096.00
      16.943     0.999780         9997      4551.11
      17.743     0.999805         9998      5120.00
      17.743     0.999829         9998      5851.43
      17.743     0.999854         9998      6826.67
      17.743     0.999878         9998      8192.00
      17.743     0.999890         9998      9102.22
      19.823     0.999902         9999     10240.00
      19.823     1.000000         9999          inf
#[Mean    =        3.624, StdDeviation   =        1.526]
#[Max     =       19.808, Total count    =         9999]
#[Buckets =           27, SubBuckets     =         2048]
----------------------------------------------------------
  14981 requests in 30.00s, 3.07MB read
Requests/sec:    499.38
Transfer/sec:    104.85KB
