Running 30s test @ http://localhost:8080/wrk2-api/post/compose
  1 threads and 13 connections
  Thread calibration: mean lat.: 1371.006ms, rate sampling interval: 4820ms
  Thread Stats   Avg      Stdev     99%   +/- Stdev
    Latency     4.81s     1.30s    7.51s    60.85%
    Req/Sec     0.94k     2.35     0.94k    75.00%
  Latency Distribution (HdrHistogram - Recorded Latency)
 50.000%    4.78s 
 75.000%    5.89s 
 90.000%    6.60s 
 99.000%    7.51s 
 99.900%    7.75s 
 99.990%    7.82s 
 99.999%    7.82s 
100.000%    7.82s 

  Detailed Percentile spectrum:
       Value   Percentile   TotalCount 1/(1-Percentile)

    2271.231     0.000000            1         1.00
    3211.263     0.100000         1887         1.11
    3538.943     0.200000         3766         1.25
    3741.695     0.300000         5654         1.43
    4235.263     0.400000         7532         1.67
    4780.031     0.500000         9412         2.00
    5029.887     0.550000        10356         2.22
    5251.071     0.600000        11305         2.50
    5500.927     0.650000        12238         2.86
    5693.439     0.700000        13177         3.33
    5885.951     0.750000        14120         4.00
    6021.119     0.775000        14589         4.44
    6131.711     0.800000        15059         5.00
    6230.015     0.825000        15531         5.71
    6340.607     0.850000        16008         6.67
    6483.967     0.875000        16470         8.00
    6553.599     0.887500        16705         8.89
    6598.655     0.900000        16939        10.00
    6651.903     0.912500        17194        11.43
    6696.959     0.925000        17417        13.33
    6746.111     0.937500        17653        16.00
    6774.783     0.943750        17775        17.78
    6811.647     0.950000        17889        20.00
    6860.799     0.956250        18005        22.86
    6955.007     0.962500        18118        26.67
    7053.311     0.968750        18231        32.00
    7163.903     0.971875        18291        35.56
    7225.343     0.975000        18350        40.00
    7331.839     0.978125        18408        45.71
    7405.567     0.981250        18470        53.33
    7442.431     0.984375        18525        64.00
    7462.911     0.985938        18556        71.11
    7479.295     0.987500        18586        80.00
    7495.679     0.989062        18614        91.43
    7520.255     0.990625        18645       106.67
    7544.831     0.992188        18676       128.00
    7557.119     0.992969        18689       142.22
    7577.599     0.993750        18707       160.00
    7593.983     0.994531        18719       182.86
    7614.463     0.995313        18733       213.33
    7634.943     0.996094        18746       256.00
    7643.135     0.996484        18753       284.44
    7667.711     0.996875        18761       320.00
    7684.095     0.997266        18769       365.71
    7692.287     0.997656        18777       426.67
    7704.575     0.998047        18786       512.00
    7704.575     0.998242        18786       568.89
    7712.767     0.998437        18792       640.00
    7716.863     0.998633        18795       731.43
    7720.959     0.998828        18798       853.33
    7757.823     0.999023        18801      1024.00
    7774.207     0.999121        18803      1137.78
    7786.495     0.999219        18805      1280.00
    7790.591     0.999316        18807      1462.86
    7794.687     0.999414        18809      1706.67
    7798.783     0.999512        18810      2048.00
    7806.975     0.999561        18813      2275.56
    7806.975     0.999609        18813      2560.00
    7806.975     0.999658        18813      2925.71
    7811.071     0.999707        18815      3413.33
    7811.071     0.999756        18815      4096.00
    7811.071     0.999780        18815      4551.11
    7815.167     0.999805        18818      5120.00
    7815.167     0.999829        18818      5851.43
    7815.167     0.999854        18818      6826.67
    7815.167     0.999878        18818      8192.00
    7815.167     0.999890        18818      9102.22
    7815.167     0.999902        18818     10240.00
    7815.167     0.999915        18818     11702.86
    7815.167     0.999927        18818     13653.33
    7815.167     0.999939        18818     16384.00
    7815.167     0.999945        18818     18204.44
    7823.359     0.999951        18819     20480.00
    7823.359     1.000000        18819          inf
#[Mean    =     4810.019, StdDeviation   =     1300.462]
#[Max     =     7819.264, Total count    =        18819]
#[Buckets =           27, SubBuckets     =         2048]
----------------------------------------------------------
  28289 requests in 30.00s, 5.80MB read
Requests/sec:    942.90
Transfer/sec:    197.97KB
