Running 30s test @ http://localhost:8080/wrk2-api/post/compose
  1 threads and 2 connections
  Thread calibration: mean lat.: 3.196ms, rate sampling interval: 10ms
  Thread Stats   Avg      Stdev     99%   +/- Stdev
    Latency     3.14ms    1.28ms   7.91ms   86.71%
    Req/Sec   209.80    142.07   600.00     72.58%
  Latency Distribution (HdrHistogram - Recorded Latency)
 50.000%    2.68ms
 75.000%    3.15ms
 90.000%    4.82ms
 99.000%    7.91ms
 99.900%   13.57ms
 99.990%   20.70ms
 99.999%   20.70ms
100.000%   20.70ms

  Detailed Percentile spectrum:
       Value   Percentile   TotalCount 1/(1-Percentile)

       2.040     0.000000            1         1.00
       2.327     0.100000          402         1.11
       2.415     0.200000          799         1.25
       2.501     0.300000         1200         1.43
       2.591     0.400000         1597         1.67
       2.685     0.500000         2005         2.00
       2.739     0.550000         2194         2.22
       2.805     0.600000         2394         2.50
       2.887     0.650000         2596         2.86
       3.001     0.700000         2795         3.33
       3.153     0.750000         2992         4.00
       3.321     0.775000         3093         4.44
       3.515     0.800000         3193         5.00
       3.767     0.825000         3291         5.71
       4.115     0.850000         3391         6.67
       4.531     0.875000         3492         8.00
       4.687     0.887500         3541         8.89
       4.827     0.900000         3592        10.00
       4.943     0.912500         3642        11.43
       5.083     0.925000         3690        13.33
       5.255     0.937500         3740        16.00
       5.371     0.943750         3765        17.78
       5.499     0.950000         3791        20.00
       5.639     0.956250         3815        22.86
       5.967     0.962500         3840        26.67
       6.307     0.968750         3865        32.00
       6.467     0.971875         3877        35.56
       6.663     0.975000         3890        40.00
       6.983     0.978125         3902        45.71
       7.211     0.981250         3915        53.33
       7.455     0.984375         3927        64.00
       7.603     0.985938         3933        71.11
       7.699     0.987500         3941        80.00
       7.819     0.989062         3946        91.43
       8.011     0.990625         3952       106.67
       8.583     0.992188         3958       128.00
       8.831     0.992969         3961       142.22
       8.975     0.993750         3965       160.00
       9.207     0.994531         3968       182.86
       9.711     0.995313         3971       213.33
       9.999     0.996094         3974       256.00
      10.103     0.996484         3975       284.44
      10.247     0.996875         3977       320.00
      11.423     0.997266         3979       365.71
      11.463     0.997656         3980       426.67
      11.959     0.998047         3982       512.00
      11.959     0.998242         3982       568.89
      12.407     0.998437         3983       640.00
      13.135     0.998633         3984       731.43
      13.575     0.998828         3985       853.33
      14.071     0.999023         3986      1024.00
      14.071     0.999121         3986      1137.78
      14.071     0.999219         3986      1280.00
      15.847     0.999316         3987      1462.86
      15.847     0.999414         3987      1706.67
      16.087     0.999512         3988      2048.00
      16.087     0.999561         3988      2275.56
      16.087     0.999609         3988      2560.00
      16.087     0.999658         3988      2925.71
      16.087     0.999707         3988      3413.33
      20.703     0.999756         3989      4096.00
      20.703     1.000000         3989          inf
#[Mean    =        3.143, StdDeviation   =        1.284]
#[Max     =       20.688, Total count    =         3989]
#[Buckets =           27, SubBuckets     =         2048]
----------------------------------------------------------
  5993 requests in 30.00s, 1.23MB read
Requests/sec:    199.75
Transfer/sec:     41.94KB
