Running 30s test @ http://localhost:8080/wrk2-api/post/compose
  1 threads and 7 connections
  Thread calibration: mean lat.: 4.405ms, rate sampling interval: 14ms
  Thread Stats   Avg      Stdev     99%   +/- Stdev
    Latency     4.25ms    2.07ms  12.07ms   86.42%
    Req/Sec   715.93    204.70     1.15k    62.26%
  Latency Distribution (HdrHistogram - Recorded Latency)
 50.000%    3.53ms
 75.000%    4.99ms
 90.000%    6.92ms
 99.000%   12.07ms
 99.900%   16.93ms
 99.990%   19.69ms
 99.999%   25.74ms
100.000%   25.74ms

  Detailed Percentile spectrum:
       Value   Percentile   TotalCount 1/(1-Percentile)

       2.016     0.000000            1         1.00
       2.519     0.100000         1382         1.11
       2.753     0.200000         2765         1.25
       2.983     0.300000         4143         1.43
       3.239     0.400000         5525         1.67
       3.533     0.500000         6900         2.00
       3.717     0.550000         7591         2.22
       3.951     0.600000         8276         2.50
       4.231     0.650000         8971         2.86
       4.587     0.700000         9654         3.33
       4.991     0.750000        10344         4.00
       5.215     0.775000        10688         4.44
       5.483     0.800000        11035         5.00
       5.739     0.825000        11378         5.71
       6.079     0.850000        11722         6.67
       6.427     0.875000        12068         8.00
       6.659     0.887500        12238         8.89
       6.923     0.900000        12413        10.00
       7.187     0.912500        12583        11.43
       7.523     0.925000        12755        13.33
       7.895     0.937500        12929        16.00
       8.123     0.943750        13014        17.78
       8.351     0.950000        13101        20.00
       8.695     0.956250        13186        22.86
       9.055     0.962500        13272        26.67
       9.527     0.968750        13361        32.00
       9.751     0.971875        13403        35.56
      10.007     0.975000        13445        40.00
      10.279     0.978125        13489        45.71
      10.575     0.981250        13532        53.33
      10.951     0.984375        13574        64.00
      11.319     0.985938        13596        71.11
      11.551     0.987500        13617        80.00
      11.839     0.989062        13639        91.43
      12.135     0.990625        13661       106.67
      12.543     0.992188        13682       128.00
      12.759     0.992969        13693       142.22
      13.127     0.993750        13703       160.00
      13.495     0.994531        13714       182.86
      13.655     0.995313        13725       213.33
      13.911     0.996094        13736       256.00
      14.127     0.996484        13741       284.44
      14.247     0.996875        13746       320.00
      14.663     0.997266        13752       365.71
      14.903     0.997656        13757       426.67
      15.271     0.998047        13763       512.00
      15.383     0.998242        13765       568.89
      15.751     0.998437        13768       640.00
      16.103     0.998633        13771       731.43
      16.415     0.998828        13773       853.33
      16.975     0.999023        13776      1024.00
      17.279     0.999121        13777      1137.78
      17.583     0.999219        13779      1280.00
      17.839     0.999316        13780      1462.86
      17.903     0.999414        13781      1706.67
      17.999     0.999512        13783      2048.00
      17.999     0.999561        13783      2275.56
      18.287     0.999609        13784      2560.00
      18.303     0.999658        13785      2925.71
      18.303     0.999707        13785      3413.33
      19.295     0.999756        13786      4096.00
      19.295     0.999780        13786      4551.11
      19.647     0.999805        13787      5120.00
      19.647     0.999829        13787      5851.43
      19.647     0.999854        13787      6826.67
      19.695     0.999878        13788      8192.00
      19.695     0.999890        13788      9102.22
      19.695     0.999902        13788     10240.00
      19.695     0.999915        13788     11702.86
      19.695     0.999927        13788     13653.33
      25.743     0.999939        13789     16384.00
      25.743     1.000000        13789          inf
#[Mean    =        4.253, StdDeviation   =        2.070]
#[Max     =       25.728, Total count    =        13789]
#[Buckets =           27, SubBuckets     =         2048]
----------------------------------------------------------
  20764 requests in 30.00s, 4.26MB read
Requests/sec:    692.11
Transfer/sec:    145.32KB
