Running 30s test @ http://localhost:8080/wrk2-api/post/compose
  1 threads and 11 connections
  Thread calibration: mean lat.: 721.058ms, rate sampling interval: 2512ms
  Thread Stats   Avg      Stdev     99%   +/- Stdev
    Latency     2.79s   895.59ms   4.67s    59.99%
    Req/Sec     0.94k    10.38     0.95k    71.43%
  Latency Distribution (HdrHistogram - Recorded Latency)
 50.000%    2.70s 
 75.000%    3.51s 
 90.000%    4.05s 
 99.000%    4.67s 
 99.900%    4.99s 
 99.990%    5.02s 
 99.999%    5.03s 
100.000%    5.03s 

  Detailed Percentile spectrum:
       Value   Percentile   TotalCount 1/(1-Percentile)

    1096.703     0.000000            1         1.00
    1612.799     0.100000         1871         1.11
    1903.615     0.200000         3738         1.25
    2217.983     0.300000         5614         1.43
    2445.311     0.400000         7477         1.67
    2699.263     0.500000         9346         2.00
    2869.247     0.550000        10293         2.22
    3006.463     0.600000        11224         2.50
    3153.919     0.650000        12160         2.86
    3323.903     0.700000        13085         3.33
    3514.367     0.750000        14018         4.00
    3608.575     0.775000        14493         4.44
    3700.735     0.800000        14954         5.00
    3784.703     0.825000        15433         5.71
    3868.671     0.850000        15902         6.67
    3948.543     0.875000        16361         8.00
    4001.791     0.887500        16593         8.89
    4046.847     0.900000        16821        10.00
    4091.903     0.912500        17055        11.43
    4139.007     0.925000        17297        13.33
    4194.303     0.937500        17528        16.00
    4227.071     0.943750        17640        17.78
    4272.127     0.950000        17768        20.00
    4300.799     0.956250        17873        22.86
    4349.951     0.962500        17996        26.67
    4395.007     0.968750        18112        32.00
    4427.775     0.971875        18173        35.56
    4452.351     0.975000        18229        40.00
    4493.311     0.978125        18282        45.71
    4517.887     0.981250        18344        53.33
    4542.463     0.984375        18399        64.00
    4558.847     0.985938        18432        71.11
    4575.231     0.987500        18458        80.00
    4616.191     0.989062        18487        91.43
    4694.015     0.990625        18516       106.67
    4784.127     0.992188        18544       128.00
    4796.415     0.992969        18564       142.22
    4808.703     0.993750        18576       160.00
    4853.759     0.994531        18588       182.86
    4878.335     0.995313        18608       213.33
    4886.527     0.996094        18621       256.00
    4894.719     0.996484        18629       284.44
    4898.815     0.996875        18634       320.00
    4902.911     0.997266        18641       365.71
    4911.103     0.997656        18649       426.67
    4939.775     0.998047        18655       512.00
    4943.871     0.998242        18658       568.89
    4952.063     0.998437        18661       640.00
    4972.543     0.998633        18665       731.43
    4984.831     0.998828        18669       853.33
    4988.927     0.999023        18672      1024.00
    4993.023     0.999121        18676      1137.78
    4993.023     0.999219        18676      1280.00
    4997.119     0.999316        18678      1462.86
    5005.311     0.999414        18681      1706.67
    5005.311     0.999512        18681      2048.00
    5009.407     0.999561        18682      2275.56
    5013.503     0.999609        18684      2560.00
    5013.503     0.999658        18684      2925.71
    5017.599     0.999707        18687      3413.33
    5017.599     0.999756        18687      4096.00
    5017.599     0.999780        18687      4551.11
    5017.599     0.999805        18687      5120.00
    5017.599     0.999829        18687      5851.43
    5021.695     0.999854        18688      6826.67
    5021.695     0.999878        18688      8192.00
    5021.695     0.999890        18688      9102.22
    5029.887     0.999902        18689     10240.00
    5029.887     0.999915        18689     11702.86
    5029.887     0.999927        18689     13653.33
    5029.887     0.999939        18689     16384.00
    5029.887     0.999945        18689     18204.44
    5033.983     0.999951        18690     20480.00
    5033.983     1.000000        18690          inf
#[Mean    =     2787.050, StdDeviation   =      895.592]
#[Max     =     5029.888, Total count    =        18690]
#[Buckets =           27, SubBuckets     =         2048]
----------------------------------------------------------
  28112 requests in 30.00s, 5.76MB read
Requests/sec:    937.06
Transfer/sec:    196.74KB
