Running 30s test @ http://localhost:8080/wrk2-api/post/compose
  1 threads and 8 connections
  Thread calibration: mean lat.: 3.768ms, rate sampling interval: 11ms
  Thread Stats   Avg      Stdev     99%   +/- Stdev
    Latency     3.73ms    1.46ms   9.38ms   85.50%
    Req/Sec   834.32    274.41     1.50k    69.65%
  Latency Distribution (HdrHistogram - Recorded Latency)
 50.000%    3.19ms
 75.000%    3.96ms
 90.000%    5.72ms
 99.000%    9.38ms
 99.900%   13.14ms
 99.990%   15.84ms
 99.999%   17.98ms
100.000%   17.98ms

  Detailed Percentile spectrum:
       Value   Percentile   TotalCount 1/(1-Percentile)

       2.171     0.000000            2         1.00
       2.645     0.100000         1601         1.11
       2.793     0.200000         3187         1.25
       2.921     0.300000         4785         1.43
       3.049     0.400000         6386         1.67
       3.193     0.500000         7953         2.00
       3.277     0.550000         8756         2.22
       3.377     0.600000         9556         2.50
       3.505     0.650000        10339         2.86
       3.685     0.700000        11144         3.33
       3.961     0.750000        11931         4.00
       4.175     0.775000        12328         4.44
       4.463     0.800000        12725         5.00
       4.839     0.825000        13123         5.71
       5.135     0.850000        13522         6.67
       5.447     0.875000        13919         8.00
       5.571     0.887500        14118         8.89
       5.723     0.900000        14318        10.00
       5.879     0.912500        14515        11.43
       6.063     0.925000        14715        13.33
       6.311     0.937500        14914        16.00
       6.439     0.943750        15012        17.78
       6.603     0.950000        15112        20.00
       6.795     0.956250        15211        22.86
       7.063     0.962500        15311        26.67
       7.435     0.968750        15410        32.00
       7.615     0.971875        15458        35.56
       7.799     0.975000        15508        40.00
       8.011     0.978125        15559        45.71
       8.247     0.981250        15608        53.33
       8.551     0.984375        15657        64.00
       8.775     0.985938        15682        71.11
       8.975     0.987500        15707        80.00
       9.271     0.989062        15732        91.43
       9.503     0.990625        15756       106.67
       9.799     0.992188        15781       128.00
       9.975     0.992969        15794       142.22
      10.175     0.993750        15807       160.00
      10.447     0.994531        15819       182.86
      10.559     0.995313        15831       213.33
      11.191     0.996094        15843       256.00
      11.423     0.996484        15850       284.44
      11.567     0.996875        15856       320.00
      11.711     0.997266        15863       365.71
      11.975     0.997656        15868       426.67
      12.271     0.998047        15874       512.00
      12.551     0.998242        15878       568.89
      12.655     0.998437        15881       640.00
      12.751     0.998633        15884       731.43
      12.847     0.998828        15887       853.33
      13.247     0.999023        15890      1024.00
      13.455     0.999121        15892      1137.78
      13.551     0.999219        15893      1280.00
      13.823     0.999316        15895      1462.86
      14.063     0.999414        15896      1706.67
      14.119     0.999512        15898      2048.00
      14.207     0.999561        15899      2275.56
      14.207     0.999609        15899      2560.00
      14.695     0.999658        15900      2925.71
      15.199     0.999707        15901      3413.33
      15.223     0.999756        15902      4096.00
      15.223     0.999780        15902      4551.11
      15.223     0.999805        15902      5120.00
      15.839     0.999829        15903      5851.43
      15.839     0.999854        15903      6826.67
      16.463     0.999878        15904      8192.00
      16.463     0.999890        15904      9102.22
      16.463     0.999902        15904     10240.00
      16.463     0.999915        15904     11702.86
      16.463     0.999927        15904     13653.33
      17.983     0.999939        15905     16384.00
      17.983     1.000000        15905          inf
#[Mean    =        3.733, StdDeviation   =        1.462]
#[Max     =       17.968, Total count    =        15905]
#[Buckets =           27, SubBuckets     =         2048]
----------------------------------------------------------
  23887 requests in 30.00s, 4.90MB read
Requests/sec:    796.21
Transfer/sec:    167.17KB
