Running 30s test @ http://localhost:8080/wrk2-api/post/compose
  1 threads and 17 connections
  Thread calibration: mean lat.: 289.020ms, rate sampling interval: 1253ms
  Thread Stats   Avg      Stdev     99%   +/- Stdev
    Latency     2.31s   574.20ms   3.50s    72.18%
    Req/Sec     1.51k   149.44     1.63k    80.00%
  Latency Distribution (HdrHistogram - Recorded Latency)
 50.000%    2.40s 
 75.000%    2.69s 
 90.000%    2.95s 
 99.000%    3.50s 
 99.900%    3.61s 
 99.990%    3.67s 
 99.999%    3.68s 
100.000%    3.68s 

  Detailed Percentile spectrum:
       Value   Percentile   TotalCount 1/(1-Percentile)

     466.175     0.000000            1         1.00
    1475.583     0.100000         3041         1.11
    1894.399     0.200000         6081         1.25
    2107.391     0.300000         9127         1.43
    2279.423     0.400000        12161         1.67
    2400.255     0.500000        15194         2.00
    2449.407     0.550000        16709         2.22
    2510.847     0.600000        18234         2.50
    2570.239     0.650000        19794         2.86
    2621.439     0.700000        21306         3.33
    2689.023     0.750000        22789         4.00
    2725.887     0.775000        23551         4.44
    2754.559     0.800000        24349         5.00
    2781.183     0.825000        25072         5.71
    2820.095     0.850000        25829         6.67
    2875.391     0.875000        26592         8.00
    2904.063     0.887500        26968         8.89
    2945.023     0.900000        27344        10.00
    2988.031     0.912500        27724        11.43
    3037.183     0.925000        28091        13.33
    3102.719     0.937500        28480        16.00
    3129.343     0.943750        28667        17.78
    3158.015     0.950000        28856        20.00
    3219.455     0.956250        29042        22.86
    3254.271     0.962500        29230        26.67
    3287.039     0.968750        29428        32.00
    3315.711     0.971875        29513        35.56
    3354.623     0.975000        29607        40.00
    3381.247     0.978125        29703        45.71
    3411.967     0.981250        29798        53.33
    3448.831     0.984375        29894        64.00
    3465.215     0.985938        29945        71.11
    3479.551     0.987500        29991        80.00
    3491.839     0.989062        30037        91.43
    3506.175     0.990625        30083       106.67
    3522.559     0.992188        30129       128.00
    3534.847     0.992969        30157       142.22
    3540.991     0.993750        30178       160.00
    3551.231     0.994531        30204       182.86
    3559.423     0.995313        30230       213.33
    3567.615     0.996094        30249       256.00
    3569.663     0.996484        30260       284.44
    3577.855     0.996875        30278       320.00
    3579.903     0.997266        30284       365.71
    3588.095     0.997656        30299       426.67
    3592.191     0.998047        30307       512.00
    3598.335     0.998242        30314       568.89
    3602.431     0.998437        30320       640.00
    3604.479     0.998633        30326       731.43
    3610.623     0.998828        30332       853.33
    3614.719     0.999023        30337      1024.00
    3616.767     0.999121        30340      1137.78
    3622.911     0.999219        30344      1280.00
    3627.007     0.999316        30347      1462.86
    3631.103     0.999414        30350      1706.67
    3637.247     0.999512        30352      2048.00
    3641.343     0.999561        30355      2275.56
    3641.343     0.999609        30355      2560.00
    3643.391     0.999658        30357      2925.71
    3647.487     0.999707        30360      3413.33
    3647.487     0.999756        30360      4096.00
    3647.487     0.999780        30360      4551.11
    3649.535     0.999805        30361      5120.00
    3649.535     0.999829        30361      5851.43
    3653.631     0.999854        30362      6826.67
    3667.967     0.999878        30363      8192.00
    3667.967     0.999890        30363      9102.22
    3672.063     0.999902        30364     10240.00
    3672.063     0.999915        30364     11702.86
    3672.063     0.999927        30364     13653.33
    3676.159     0.999939        30365     16384.00
    3676.159     0.999945        30365     18204.44
    3676.159     0.999951        30365     20480.00
    3676.159     0.999957        30365     23405.71
    3676.159     0.999963        30365     27306.67
    3684.351     0.999969        30366     32768.00
    3684.351     1.000000        30366          inf
#[Mean    =     2310.841, StdDeviation   =      574.204]
#[Max     =     3682.304, Total count    =        30366]
#[Buckets =           27, SubBuckets     =         2048]
----------------------------------------------------------
  45788 requests in 30.00s, 9.39MB read
Requests/sec:   1526.11
Transfer/sec:    320.42KB
