Running 30s test @ http://localhost:8080/wrk2-api/post/compose
  1 threads and 12 connections
  Thread calibration: mean lat.: 4.546ms, rate sampling interval: 13ms
  Thread Stats   Avg      Stdev     99%   +/- Stdev
    Latency     4.37ms    2.22ms  12.42ms   88.27%
    Req/Sec     1.24k   295.74     1.92k    68.75%
  Latency Distribution (HdrHistogram - Recorded Latency)
 50.000%    3.60ms
 75.000%    5.04ms
 90.000%    6.92ms
 99.000%   12.42ms
 99.900%   23.25ms
 99.990%   35.20ms
 99.999%   39.81ms
100.000%   39.81ms

  Detailed Percentile spectrum:
       Value   Percentile   TotalCount 1/(1-Percentile)

       2.177     0.000000            1         1.00
       2.717     0.100000         2399         1.11
       2.923     0.200000         4780         1.25
       3.121     0.300000         7176         1.43
       3.329     0.400000         9561         1.67
       3.601     0.500000        11949         2.00
       3.775     0.550000        13142         2.22
       3.985     0.600000        14335         2.50
       4.255     0.650000        15527         2.86
       4.611     0.700000        16719         3.33
       5.039     0.750000        17918         4.00
       5.263     0.775000        18518         4.44
       5.515     0.800000        19114         5.00
       5.791     0.825000        19707         5.71
       6.115     0.850000        20301         6.67
       6.471     0.875000        20901         8.00
       6.679     0.887500        21197         8.89
       6.919     0.900000        21498        10.00
       7.211     0.912500        21794        11.43
       7.563     0.925000        22094        13.33
       7.959     0.937500        22391        16.00
       8.207     0.943750        22542        17.78
       8.503     0.950000        22691        20.00
       8.823     0.956250        22840        22.86
       9.199     0.962500        22992        26.67
       9.599     0.968750        23141        32.00
       9.839     0.971875        23216        35.56
      10.071     0.975000        23287        40.00
      10.399     0.978125        23362        45.71
      10.823     0.981250        23439        53.33
      11.247     0.984375        23510        64.00
      11.535     0.985938        23548        71.11
      11.879     0.987500        23586        80.00
      12.199     0.989062        23622        91.43
      12.599     0.990625        23661       106.67
      13.175     0.992188        23697       128.00
      13.527     0.992969        23716       142.22
      13.815     0.993750        23734       160.00
      14.239     0.994531        23753       182.86
      14.887     0.995313        23772       213.33
      15.511     0.996094        23790       256.00
      15.991     0.996484        23800       284.44
      16.735     0.996875        23809       320.00
      17.215     0.997266        23818       365.71
      18.223     0.997656        23828       426.67
      19.343     0.998047        23837       512.00
      20.111     0.998242        23842       568.89
      20.799     0.998437        23846       640.00
      21.551     0.998633        23851       731.43
      22.687     0.998828        23856       853.33
      23.375     0.999023        23860      1024.00
      23.759     0.999121        23863      1137.78
      23.839     0.999219        23865      1280.00
      24.447     0.999316        23867      1462.86
      25.487     0.999414        23870      1706.67
      28.719     0.999512        23872      2048.00
      29.647     0.999561        23873      2275.56
      29.759     0.999609        23874      2560.00
      30.111     0.999658        23875      2925.71
      32.095     0.999707        23877      3413.33
      32.319     0.999756        23878      4096.00
      32.319     0.999780        23878      4551.11
      33.471     0.999805        23879      5120.00
      33.471     0.999829        23879      5851.43
      33.823     0.999854        23880      6826.67
      35.199     0.999878        23881      8192.00
      35.199     0.999890        23881      9102.22
      35.199     0.999902        23881     10240.00
      35.199     0.999915        23881     11702.86
      39.455     0.999927        23882     13653.33
      39.455     0.999939        23882     16384.00
      39.455     0.999945        23882     18204.44
      39.455     0.999951        23882     20480.00
      39.455     0.999957        23882     23405.71
      39.807     0.999963        23883     27306.67
      39.807     1.000000        23883          inf
#[Mean    =        4.374, StdDeviation   =        2.219]
#[Max     =       39.776, Total count    =        23883]
#[Buckets =           27, SubBuckets     =         2048]
----------------------------------------------------------
  35804 requests in 30.00s, 7.34MB read
Requests/sec:   1193.39
Transfer/sec:    250.57KB
