Running 30s test @ http://localhost:8080/wrk2-api/post/compose
  1 threads and 16 connections
  Thread calibration: mean lat.: 93.267ms, rate sampling interval: 360ms
  Thread Stats   Avg      Stdev     99%   +/- Stdev
    Latency   441.30ms  301.86ms   1.40s    69.00%
    Req/Sec     1.55k    37.29     1.63k    70.91%
  Latency Distribution (HdrHistogram - Recorded Latency)
 50.000%  416.51ms
 75.000%  615.42ms
 90.000%  821.25ms
 99.000%    1.40s 
 99.900%    1.73s 
 99.990%    1.79s 
 99.999%    1.80s 
100.000%    1.80s 

  Detailed Percentile spectrum:
       Value   Percentile   TotalCount 1/(1-Percentile)

       4.009     0.000000            1         1.00
      89.087     0.100000         3092         1.11
     164.607     0.200000         6180         1.25
     228.991     0.300000         9268         1.43
     321.279     0.400000        12359         1.67
     416.511     0.500000        15452         2.00
     455.935     0.550000        16993         2.22
     493.823     0.600000        18536         2.50
     539.135     0.650000        20083         2.86
     578.559     0.700000        21639         3.33
     615.423     0.750000        23177         4.00
     636.415     0.775000        23957         4.44
     660.991     0.800000        24726         5.00
     694.783     0.825000        25490         5.71
     735.743     0.850000        26261         6.67
     773.631     0.875000        27033         8.00
     796.159     0.887500        27421         8.89
     821.247     0.900000        27803        10.00
     847.871     0.912500        28189        11.43
     882.687     0.925000        28574        13.33
     919.551     0.937500        28959        16.00
     947.199     0.943750        29156        17.78
     983.039     0.950000        29345        20.00
    1010.687     0.956250        29538        22.86
    1047.039     0.962500        29734        26.67
    1081.343     0.968750        29926        32.00
    1114.111     0.971875        30021        35.56
    1145.855     0.975000        30118        40.00
    1164.287     0.978125        30218        45.71
    1198.079     0.981250        30311        53.33
    1260.543     0.984375        30408        64.00
    1278.975     0.985938        30455        71.11
    1311.743     0.987500        30503        80.00
    1379.327     0.989062        30552        91.43
    1426.431     0.990625        30601       106.67
    1559.551     0.992188        30648       128.00
    1589.247     0.992969        30672       142.22
    1619.967     0.993750        30696       160.00
    1640.447     0.994531        30723       182.86
    1651.711     0.995313        30746       213.33
    1672.191     0.996094        30770       256.00
    1680.383     0.996484        30782       284.44
    1689.599     0.996875        30793       320.00
    1693.695     0.997266        30806       365.71
    1700.863     0.997656        30817       426.67
    1709.055     0.998047        30829       512.00
    1713.151     0.998242        30836       568.89
    1717.247     0.998437        30842       640.00
    1720.319     0.998633        30848       731.43
    1725.439     0.998828        30854       853.33
    1728.511     0.999023        30859      1024.00
    1730.559     0.999121        30862      1137.78
    1735.679     0.999219        30866      1280.00
    1738.751     0.999316        30868      1462.86
    1741.823     0.999414        30872      1706.67
    1753.087     0.999512        30874      2048.00
    1756.159     0.999561        30876      2275.56
    1758.207     0.999609        30877      2560.00
    1768.447     0.999658        30879      2925.71
    1770.495     0.999707        30880      3413.33
    1778.687     0.999756        30882      4096.00
    1785.855     0.999780        30883      4551.11
    1785.855     0.999805        30883      5120.00
    1788.927     0.999829        30884      5851.43
    1790.975     0.999854        30885      6826.67
    1794.047     0.999878        30886      8192.00
    1794.047     0.999890        30886      9102.22
    1794.047     0.999902        30886     10240.00
    1795.071     0.999915        30888     11702.86
    1795.071     0.999927        30888     13653.33
    1795.071     0.999939        30888     16384.00
    1795.071     0.999945        30888     18204.44
    1795.071     0.999951        30888     20480.00
    1795.071     0.999957        30888     23405.71
    1795.071     0.999963        30888     27306.67
    1799.167     0.999969        30889     32768.00
    1799.167     1.000000        30889          inf
#[Mean    =      441.296, StdDeviation   =      301.857]
#[Max     =     1798.144, Total count    =        30889]
#[Buckets =           27, SubBuckets     =         2048]
----------------------------------------------------------
  46571 requests in 30.00s, 9.55MB read
Requests/sec:   1552.38
Transfer/sec:    325.94KB
