Running 30s test @ http://localhost:8080/wrk2-api/post/compose
  1 threads and 15 connections
  Thread calibration: mean lat.: 9.746ms, rate sampling interval: 39ms
  Thread Stats   Avg      Stdev     99%   +/- Stdev
    Latency    10.24ms   15.69ms  90.82ms   92.97%
    Req/Sec     1.51k   191.14     1.90k    68.95%
  Latency Distribution (HdrHistogram - Recorded Latency)
 50.000%    5.45ms
 75.000%    9.49ms
 90.000%   19.50ms
 99.000%   90.82ms
 99.900%  150.01ms
 99.990%  192.77ms
 99.999%  206.21ms
100.000%  206.21ms

  Detailed Percentile spectrum:
       Value   Percentile   TotalCount 1/(1-Percentile)

       2.111     0.000000            1         1.00
       3.001     0.100000         2996         1.11
       3.419     0.200000         5963         1.25
       3.903     0.300000         8943         1.43
       4.547     0.400000        11922         1.67
       5.447     0.500000        14903         2.00
       5.955     0.550000        16395         2.22
       6.547     0.600000        17876         2.50
       7.299     0.650000        19368         2.86
       8.247     0.700000        20853         3.33
       9.495     0.750000        22344         4.00
      10.303     0.775000        23089         4.44
      11.255     0.800000        23832         5.00
      12.559     0.825000        24578         5.71
      14.151     0.850000        25326         6.67
      16.375     0.875000        26067         8.00
      17.743     0.887500        26440         8.89
      19.503     0.900000        26814        10.00
      21.759     0.912500        27183        11.43
      24.687     0.925000        27557        13.33
      28.527     0.937500        27928        16.00
      30.847     0.943750        28114        17.78
      33.631     0.950000        28302        20.00
      37.407     0.956250        28488        22.86
      42.623     0.962500        28673        26.67
      49.919     0.968750        28859        32.00
      54.559     0.971875        28952        35.56
      59.327     0.975000        29045        40.00
      65.503     0.978125        29138        45.71
      71.039     0.981250        29232        53.33
      77.247     0.984375        29324        64.00
      80.447     0.985938        29372        71.11
      83.391     0.987500        29417        80.00
      87.935     0.989062        29465        91.43
      92.351     0.990625        29511       106.67
      96.127     0.992188        29558       128.00
      98.367     0.992969        29581       142.22
     100.287     0.993750        29603       160.00
     103.935     0.994531        29627       182.86
     108.927     0.995313        29650       213.33
     113.023     0.996094        29673       256.00
     117.503     0.996484        29685       284.44
     118.271     0.996875        29697       320.00
     121.023     0.997266        29709       365.71
     122.815     0.997656        29721       426.67
     127.103     0.998047        29731       512.00
     129.215     0.998242        29737       568.89
     130.111     0.998437        29743       640.00
     134.015     0.998633        29749       731.43
     142.847     0.998828        29755       853.33
     156.543     0.999023        29760      1024.00
     161.791     0.999121        29763      1137.78
     167.423     0.999219        29766      1280.00
     170.367     0.999316        29769      1462.86
     178.559     0.999414        29772      1706.67
     182.271     0.999512        29775      2048.00
     184.447     0.999561        29777      2275.56
     184.831     0.999609        29778      2560.00
     186.751     0.999658        29779      2925.71
     187.775     0.999707        29781      3413.33
     187.903     0.999756        29782      4096.00
     190.719     0.999780        29783      4551.11
     192.127     0.999805        29785      5120.00
     192.127     0.999829        29785      5851.43
     192.127     0.999854        29785      6826.67
     192.767     0.999878        29786      8192.00
     192.767     0.999890        29786      9102.22
     193.663     0.999902        29787     10240.00
     193.663     0.999915        29787     11702.86
     193.663     0.999927        29787     13653.33
     205.183     0.999939        29788     16384.00
     205.183     0.999945        29788     18204.44
     205.183     0.999951        29788     20480.00
     205.183     0.999957        29788     23405.71
     205.183     0.999963        29788     27306.67
     206.207     0.999969        29789     32768.00
     206.207     1.000000        29789          inf
#[Mean    =       10.240, StdDeviation   =       15.690]
#[Max     =      206.080, Total count    =        29789]
#[Buckets =           27, SubBuckets     =         2048]
----------------------------------------------------------
  44766 requests in 30.00s, 9.18MB read
Requests/sec:   1492.19
Transfer/sec:    313.30KB
