Running 30s test @ http://localhost:8080/wrk2-api/post/compose
  1 threads and 3 connections
  Thread calibration: mean lat.: 4.054ms, rate sampling interval: 12ms
  Thread Stats   Avg      Stdev     99%   +/- Stdev
    Latency     4.29ms    4.29ms  26.16ms   95.35%
    Req/Sec   310.62    155.32   727.00     74.20%
  Latency Distribution (HdrHistogram - Recorded Latency)
 50.000%    3.15ms
 75.000%    3.97ms
 90.000%    6.03ms
 99.000%   26.16ms
 99.900%   52.67ms
 99.990%   58.91ms
 99.999%   60.70ms
100.000%   60.70ms

  Detailed Percentile spectrum:
       Value   Percentile   TotalCount 1/(1-Percentile)

       2.243     0.000000            1         1.00
       2.681     0.100000          603         1.11
       2.813     0.200000         1194         1.25
       2.923     0.300000         1800         1.43
       3.025     0.400000         2387         1.67
       3.151     0.500000         2988         2.00
       3.225     0.550000         3280         2.22
       3.311     0.600000         3579         2.50
       3.417     0.650000         3875         2.86
       3.567     0.700000         4172         3.33
       3.971     0.750000         4473         4.00
       4.267     0.775000         4619         4.44
       4.607     0.800000         4768         5.00
       5.015     0.825000         4918         5.71
       5.367     0.850000         5066         6.67
       5.691     0.875000         5216         8.00
       5.835     0.887500         5289         8.89
       6.035     0.900000         5364        10.00
       6.271     0.912500         5438        11.43
       6.743     0.925000         5513        13.33
       7.355     0.937500         5587        16.00
       7.915     0.943750         5625        17.78
       8.367     0.950000         5663        20.00
       8.863     0.956250         5699        22.86
       9.967     0.962500         5739        26.67
      11.231     0.968750         5773        32.00
      12.167     0.971875         5793        35.56
      13.063     0.975000         5811        40.00
      14.175     0.978125         5829        45.71
      16.655     0.981250         5848        53.33
      20.815     0.984375         5866        64.00
      22.703     0.985938         5876        71.11
      24.191     0.987500         5885        80.00
      25.471     0.989062         5894        91.43
      28.255     0.990625         5904       106.67
      30.399     0.992188         5914       128.00
      31.567     0.992969         5918       142.22
      33.183     0.993750         5922       160.00
      34.431     0.994531         5927       182.86
      36.735     0.995313         5932       213.33
      37.631     0.996094         5936       256.00
      41.439     0.996484         5939       284.44
      41.951     0.996875         5941       320.00
      42.655     0.997266         5943       365.71
      43.743     0.997656         5946       426.67
      45.695     0.998047         5948       512.00
      46.111     0.998242         5949       568.89
      48.895     0.998437         5950       640.00
      49.503     0.998633         5951       731.43
      52.671     0.998828         5953       853.33
      56.191     0.999023         5954      1024.00
      56.191     0.999121         5954      1137.78
      56.703     0.999219         5955      1280.00
      56.703     0.999316         5955      1462.86
      57.087     0.999414         5956      1706.67
      57.951     0.999512         5957      2048.00
      57.951     0.999561         5957      2275.56
      57.951     0.999609         5957      2560.00
      57.951     0.999658         5957      2925.71
      58.911     0.999707         5958      3413.33
      58.911     0.999756         5958      4096.00
      58.911     0.999780         5958      4551.11
      58.911     0.999805         5958      5120.00
      58.911     0.999829         5958      5851.43
      60.703     0.999854         5959      6826.67
      60.703     1.000000         5959          inf
#[Mean    =        4.286, StdDeviation   =        4.291]
#[Max     =       60.672, Total count    =         5959]
#[Buckets =           27, SubBuckets     =         2048]
----------------------------------------------------------
  8959 requests in 30.00s, 1.84MB read
Requests/sec:    298.59
Transfer/sec:     62.69KB
