Running 30s test @ http://localhost:8080/wrk2-api/post/compose
  1 threads and 14 connections
  Thread calibration: mean lat.: 6.309ms, rate sampling interval: 21ms
  Thread Stats   Avg      Stdev     99%   +/- Stdev
    Latency     6.09ms    4.31ms  22.86ms   88.67%
    Req/Sec     1.43k   248.05     1.95k    69.26%
  Latency Distribution (HdrHistogram - Recorded Latency)
 50.000%    4.65ms
 75.000%    7.10ms
 90.000%   10.98ms
 99.000%   22.86ms
 99.900%   42.69ms
 99.990%   53.69ms
 99.999%   57.25ms
100.000%   57.25ms

  Detailed Percentile spectrum:
       Value   Percentile   TotalCount 1/(1-Percentile)

       2.207     0.000000            1         1.00
       2.939     0.100000         2794         1.11
       3.277     0.200000         5594         1.25
       3.625     0.300000         8378         1.43
       4.065     0.400000        11174         1.67
       4.647     0.500000        13965         2.00
       5.019     0.550000        15352         2.22
       5.447     0.600000        16747         2.50
       5.915     0.650000        18141         2.86
       6.447     0.700000        19541         3.33
       7.103     0.750000        20933         4.00
       7.499     0.775000        21637         4.44
       7.971     0.800000        22328         5.00
       8.527     0.825000        23034         5.71
       9.143     0.850000        23723         6.67
       9.927     0.875000        24422         8.00
      10.431     0.887500        24772         8.89
      10.983     0.900000        25118        10.00
      11.583     0.912500        25467        11.43
      12.263     0.925000        25814        13.33
      13.191     0.937500        26167        16.00
      13.663     0.943750        26339        17.78
      14.207     0.950000        26515        20.00
      14.815     0.956250        26687        22.86
      15.583     0.962500        26861        26.67
      16.479     0.968750        27035        32.00
      17.007     0.971875        27124        35.56
      17.631     0.975000        27211        40.00
      18.319     0.978125        27297        45.71
      19.023     0.981250        27385        53.33
      20.159     0.984375        27472        64.00
      20.831     0.985938        27515        71.11
      21.487     0.987500        27559        80.00
      22.351     0.989062        27602        91.43
      23.215     0.990625        27646       106.67
      24.287     0.992188        27689       128.00
      24.975     0.992969        27711       142.22
      25.711     0.993750        27733       160.00
      26.863     0.994531        27755       182.86
      28.319     0.995313        27777       213.33
      29.535     0.996094        27798       256.00
      30.127     0.996484        27809       284.44
      31.231     0.996875        27820       320.00
      31.983     0.997266        27831       365.71
      33.663     0.997656        27842       426.67
      35.871     0.998047        27853       512.00
      36.799     0.998242        27858       568.89
      38.271     0.998437        27864       640.00
      38.911     0.998633        27869       731.43
      42.015     0.998828        27875       853.33
      42.975     0.999023        27880      1024.00
      45.215     0.999121        27883      1137.78
      45.727     0.999219        27886      1280.00
      46.207     0.999316        27888      1462.86
      47.327     0.999414        27891      1706.67
      48.319     0.999512        27894      2048.00
      48.383     0.999561        27895      2275.56
      50.975     0.999609        27898      2560.00
      50.975     0.999658        27898      2925.71
      51.135     0.999707        27899      3413.33
      51.455     0.999756        27901      4096.00
      51.455     0.999780        27901      4551.11
      51.807     0.999805        27902      5120.00
      53.023     0.999829        27903      5851.43
      53.023     0.999854        27903      6826.67
      53.695     0.999878        27904      8192.00
      53.695     0.999890        27904      9102.22
      54.207     0.999902        27905     10240.00
      54.207     0.999915        27905     11702.86
      54.207     0.999927        27905     13653.33
      55.999     0.999939        27906     16384.00
      55.999     0.999945        27906     18204.44
      55.999     0.999951        27906     20480.00
      55.999     0.999957        27906     23405.71
      55.999     0.999963        27906     27306.67
      57.247     0.999969        27907     32768.00
      57.247     1.000000        27907          inf
#[Mean    =        6.090, StdDeviation   =        4.309]
#[Max     =       57.216, Total count    =        27907]
#[Buckets =           27, SubBuckets     =         2048]
----------------------------------------------------------
  41853 requests in 30.00s, 8.58MB read
Requests/sec:   1395.10
Transfer/sec:    292.92KB
