Running 30s test @ http://localhost:8080/wrk2-api/post/compose
  1 threads and 11 connections
  Thread calibration: mean lat.: 3.996ms, rate sampling interval: 12ms
  Thread Stats   Avg      Stdev     99%   +/- Stdev
    Latency     3.97ms    1.75ms  10.47ms   87.07%
    Req/Sec     1.15k   301.19     1.83k    64.06%
  Latency Distribution (HdrHistogram - Recorded Latency)
 50.000%    3.35ms
 75.000%    4.46ms
 90.000%    6.13ms
 99.000%   10.47ms
 99.900%   16.80ms
 99.990%   28.16ms
 99.999%   30.93ms
100.000%   30.93ms

  Detailed Percentile spectrum:
       Value   Percentile   TotalCount 1/(1-Percentile)

       2.089     0.000000            1         1.00
       2.613     0.100000         2196         1.11
       2.791     0.200000         4410         1.25
       2.957     0.300000         6598         1.43
       3.133     0.400000         8795         1.67
       3.347     0.500000        10990         2.00
       3.481     0.550000        12094         2.22
       3.641     0.600000        13182         2.50
       3.835     0.650000        14279         2.86
       4.095     0.700000        15376         3.33
       4.463     0.750000        16471         4.00
       4.695     0.775000        17020         4.44
       4.955     0.800000        17573         5.00
       5.211     0.825000        18130         5.71
       5.475     0.850000        18668         6.67
       5.775     0.875000        19219         8.00
       5.943     0.887500        19494         8.89
       6.127     0.900000        19763        10.00
       6.359     0.912500        20041        11.43
       6.567     0.925000        20311        13.33
       6.871     0.937500        20586        16.00
       7.067     0.943750        20724        17.78
       7.299     0.950000        20862        20.00
       7.567     0.956250        21000        22.86
       7.871     0.962500        21134        26.67
       8.231     0.968750        21272        32.00
       8.399     0.971875        21343        35.56
       8.599     0.975000        21409        40.00
       8.879     0.978125        21478        45.71
       9.159     0.981250        21546        53.33
       9.463     0.984375        21615        64.00
       9.727     0.985938        21650        71.11
      10.047     0.987500        21683        80.00
      10.327     0.989062        21717        91.43
      10.607     0.990625        21752       106.67
      10.975     0.992188        21786       128.00
      11.183     0.992969        21803       142.22
      11.543     0.993750        21820       160.00
      11.967     0.994531        21837       182.86
      12.359     0.995313        21856       213.33
      12.831     0.996094        21873       256.00
      13.183     0.996484        21880       284.44
      13.527     0.996875        21889       320.00
      13.759     0.997266        21897       365.71
      14.319     0.997656        21906       426.67
      14.959     0.998047        21915       512.00
      15.575     0.998242        21919       568.89
      15.767     0.998437        21923       640.00
      16.127     0.998633        21928       731.43
      16.687     0.998828        21932       853.33
      16.831     0.999023        21936      1024.00
      16.927     0.999121        21938      1137.78
      17.007     0.999219        21941      1280.00
      17.103     0.999316        21942      1462.86
      18.031     0.999414        21945      1706.67
      18.575     0.999512        21947      2048.00
      18.975     0.999561        21948      2275.56
      19.039     0.999609        21949      2560.00
      19.455     0.999658        21950      2925.71
      20.111     0.999707        21951      3413.33
      20.175     0.999756        21952      4096.00
      22.783     0.999780        21953      4551.11
      22.783     0.999805        21953      5120.00
      25.119     0.999829        21954      5851.43
      25.119     0.999854        21954      6826.67
      28.159     0.999878        21955      8192.00
      28.159     0.999890        21955      9102.22
      28.159     0.999902        21955     10240.00
      28.895     0.999915        21956     11702.86
      28.895     0.999927        21956     13653.33
      28.895     0.999939        21956     16384.00
      28.895     0.999945        21956     18204.44
      28.895     0.999951        21956     20480.00
      30.927     0.999957        21957     23405.71
      30.927     1.000000        21957          inf
#[Mean    =        3.965, StdDeviation   =        1.754]
#[Max     =       30.912, Total count    =        21957]
#[Buckets =           27, SubBuckets     =         2048]
----------------------------------------------------------
  32880 requests in 30.00s, 6.74MB read
Requests/sec:   1096.01
Transfer/sec:    230.12KB
