Running 30s test @ http://localhost:8080/wrk2-api/post/compose
  1 threads and 2 connections
  Thread calibration: mean lat.: 4.368ms, rate sampling interval: 13ms
  Thread Stats   Avg      Stdev     99%   +/- Stdev
    Latency     4.23ms    1.88ms  11.49ms   87.06%
    Req/Sec   206.93    121.64   500.00     55.69%
  Latency Distribution (HdrHistogram - Recorded Latency)
 50.000%    3.53ms
 75.000%    4.42ms
 90.000%    6.52ms
 99.000%   11.49ms
 99.900%   22.77ms
 99.990%   25.87ms
 99.999%   25.87ms
100.000%   25.87ms

  Detailed Percentile spectrum:
       Value   Percentile   TotalCount 1/(1-Percentile)

       2.391     0.000000            1         1.00
       3.035     0.100000          400         1.11
       3.187     0.200000          800         1.25
       3.303     0.300000         1201         1.43
       3.415     0.400000         1597         1.67
       3.531     0.500000         2000         2.00
       3.591     0.550000         2195         2.22
       3.673     0.600000         2395         2.50
       3.779     0.650000         2599         2.86
       3.973     0.700000         2793         3.33
       4.423     0.750000         2993         4.00
       4.787     0.775000         3093         4.44
       5.119     0.800000         3192         5.00
       5.479     0.825000         3291         5.71
       5.807     0.850000         3391         6.67
       6.155     0.875000         3491         8.00
       6.375     0.887500         3541         8.89
       6.523     0.900000         3591        10.00
       6.687     0.912500         3640        11.43
       6.871     0.925000         3691        13.33
       7.107     0.937500         3741        16.00
       7.271     0.943750         3766        17.78
       7.471     0.950000         3790        20.00
       7.839     0.956250         3816        22.86
       8.199     0.962500         3840        26.67
       8.615     0.968750         3865        32.00
       8.799     0.971875         3877        35.56
       9.055     0.975000         3890        40.00
       9.335     0.978125         3903        45.71
       9.727     0.981250         3916        53.33
      10.111     0.984375         3927        64.00
      10.383     0.985938         3933        71.11
      10.679     0.987500         3940        80.00
      11.311     0.989062         3946        91.43
      11.551     0.990625         3952       106.67
      11.895     0.992188         3958       128.00
      12.039     0.992969         3962       142.22
      12.567     0.993750         3965       160.00
      13.063     0.994531         3968       182.86
      13.535     0.995313         3971       213.33
      13.967     0.996094         3974       256.00
      13.975     0.996484         3975       284.44
      14.943     0.996875         3977       320.00
      16.607     0.997266         3979       365.71
      16.799     0.997656         3980       426.67
      18.607     0.998047         3982       512.00
      18.607     0.998242         3982       568.89
      20.495     0.998437         3983       640.00
      22.527     0.998633         3984       731.43
      22.767     0.998828         3985       853.33
      23.743     0.999023         3986      1024.00
      23.743     0.999121         3986      1137.78
      23.743     0.999219         3986      1280.00
      24.767     0.999316         3987      1462.86
      24.767     0.999414         3987      1706.67
      24.895     0.999512         3988      2048.00
      24.895     0.999561         3988      2275.56
      24.895     0.999609         3988      2560.00
      24.895     0.999658         3988      2925.71
      24.895     0.999707         3988      3413.33
      25.871     0.999756         3989      4096.00
      25.871     1.000000         3989          inf
#[Mean    =        4.228, StdDeviation   =        1.875]
#[Max     =       25.856, Total count    =         3989]
#[Buckets =           27, SubBuckets     =         2048]
----------------------------------------------------------
  5992 requests in 30.00s, 1.23MB read
Requests/sec:    199.72
Transfer/sec:     41.93KB
