Running 30s test @ http://localhost:8080/wrk2-api/post/compose
  1 threads and 19 connections
  Thread calibration: mean lat.: 1031.970ms, rate sampling interval: 3735ms
  Thread Stats   Avg      Stdev     99%   +/- Stdev
    Latency     3.86s     1.06s    5.88s    58.75%
    Req/Sec     1.53k    23.34     1.57k    60.00%
  Latency Distribution (HdrHistogram - Recorded Latency)
 50.000%    3.95s 
 75.000%    4.71s 
 90.000%    5.26s 
 99.000%    5.88s 
 99.900%    6.14s 
 99.990%    6.18s 
 99.999%    6.20s 
100.000%    6.20s 

  Detailed Percentile spectrum:
       Value   Percentile   TotalCount 1/(1-Percentile)

    1468.415     0.000000            2         1.00
    2373.631     0.100000         3070         1.11
    2758.655     0.200000         6133         1.25
    3131.391     0.300000         9207         1.43
    3571.711     0.400000        12259         1.67
    3952.639     0.500000        15322         2.00
    4077.567     0.550000        16877         2.22
    4222.975     0.600000        18411         2.50
    4423.679     0.650000        19915         2.86
    4587.519     0.700000        21465         3.33
    4714.495     0.750000        22987         4.00
    4804.607     0.775000        23744         4.44
    4931.583     0.800000        24530         5.00
    5021.695     0.825000        25312         5.71
    5079.039     0.850000        26054         6.67
    5165.055     0.875000        26822         8.00
    5218.303     0.887500        27202         8.89
    5263.359     0.900000        27572        10.00
    5304.319     0.912500        27969        11.43
    5345.279     0.925000        28342        13.33
    5394.431     0.937500        28749        16.00
    5419.007     0.943750        28937        17.78
    5447.679     0.950000        29109        20.00
    5492.735     0.956250        29311        22.86
    5545.983     0.962500        29490        26.67
    5591.039     0.968750        29682        32.00
    5623.807     0.971875        29780        35.56
    5656.575     0.975000        29874        40.00
    5693.439     0.978125        29965        45.71
    5734.399     0.981250        30063        53.33
    5767.167     0.984375        30163        64.00
    5799.935     0.985938        30206        71.11
    5832.703     0.987500        30254        80.00
    5865.471     0.989062        30301        91.43
    5898.239     0.990625        30347       106.67
    5939.199     0.992188        30396       128.00
    5963.775     0.992969        30419       142.22
    6000.639     0.993750        30445       160.00
    6025.215     0.994531        30467       182.86
    6041.599     0.995313        30495       213.33
    6062.079     0.996094        30520       256.00
    6070.271     0.996484        30528       284.44
    6078.463     0.996875        30545       320.00
    6082.559     0.997266        30551       365.71
    6098.943     0.997656        30564       426.67
    6107.135     0.998047        30576       512.00
    6115.327     0.998242        30586       568.89
    6119.423     0.998437        30590       640.00
    6123.519     0.998633        30593       731.43
    6135.807     0.998828        30604       853.33
    6139.903     0.999023        30605      1024.00
    6148.095     0.999121        30609      1137.78
    6152.191     0.999219        30612      1280.00
    6156.287     0.999316        30616      1462.86
    6160.383     0.999414        30620      1706.67
    6160.383     0.999512        30620      2048.00
    6164.479     0.999561        30623      2275.56
    6164.479     0.999609        30623      2560.00
    6168.575     0.999658        30626      2925.71
    6168.575     0.999707        30626      3413.33
    6172.671     0.999756        30628      4096.00
    6172.671     0.999780        30628      4551.11
    6176.767     0.999805        30630      5120.00
    6176.767     0.999829        30630      5851.43
    6176.767     0.999854        30630      6826.67
    6180.863     0.999878        30631      8192.00
    6180.863     0.999890        30631      9102.22
    6189.055     0.999902        30632     10240.00
    6189.055     0.999915        30632     11702.86
    6189.055     0.999927        30632     13653.33
    6197.247     0.999939        30634     16384.00
    6197.247     1.000000        30634          inf
#[Mean    =     3859.369, StdDeviation   =     1063.863]
#[Max     =     6193.152, Total count    =        30634]
#[Buckets =           27, SubBuckets     =         2048]
----------------------------------------------------------
  45742 requests in 30.00s, 9.38MB read
Requests/sec:   1524.72
Transfer/sec:    320.13KB
