Running 30s test @ http://localhost:8080/wrk2-api/post/compose
  1 threads and 13 connections
  Thread calibration: mean lat.: 4.862ms, rate sampling interval: 15ms
  Thread Stats   Avg      Stdev     99%   +/- Stdev
    Latency     4.59ms    2.43ms  14.06ms   88.14%
    Req/Sec     1.34k   283.12     1.93k    67.85%
  Latency Distribution (HdrHistogram - Recorded Latency)
 50.000%    3.73ms
 75.000%    5.33ms
 90.000%    7.43ms
 99.000%   14.06ms
 99.900%   22.35ms
 99.990%   32.51ms
 99.999%   37.57ms
100.000%   37.57ms

  Detailed Percentile spectrum:
       Value   Percentile   TotalCount 1/(1-Percentile)

       2.167     0.000000            1         1.00
       2.743     0.100000         2601         1.11
       2.969     0.200000         5194         1.25
       3.189     0.300000         7765         1.43
       3.425     0.400000        10354         1.67
       3.731     0.500000        12929         2.00
       3.931     0.550000        14224         2.22
       4.171     0.600000        15530         2.50
       4.475     0.650000        16817         2.86
       4.883     0.700000        18107         3.33
       5.331     0.750000        19396         4.00
       5.571     0.775000        20039         4.44
       5.839     0.800000        20691         5.00
       6.139     0.825000        21333         5.71
       6.499     0.850000        21982         6.67
       6.903     0.875000        22624         8.00
       7.163     0.887500        22951         8.89
       7.435     0.900000        23272        10.00
       7.763     0.912500        23594        11.43
       8.143     0.925000        23917        13.33
       8.623     0.937500        24249        16.00
       8.863     0.943750        24402        17.78
       9.191     0.950000        24564        20.00
       9.535     0.956250        24725        22.86
       9.927     0.962500        24888        26.67
      10.407     0.968750        25048        32.00
      10.695     0.971875        25128        35.56
      11.079     0.975000        25209        40.00
      11.519     0.978125        25290        45.71
      12.063     0.981250        25372        53.33
      12.647     0.984375        25453        64.00
      13.023     0.985938        25492        71.11
      13.399     0.987500        25532        80.00
      13.791     0.989062        25574        91.43
      14.295     0.990625        25613       106.67
      15.055     0.992188        25654       128.00
      15.391     0.992969        25674       142.22
      15.775     0.993750        25694       160.00
      16.215     0.994531        25714       182.86
      16.559     0.995313        25734       213.33
      17.119     0.996094        25755       256.00
      17.455     0.996484        25765       284.44
      17.855     0.996875        25775       320.00
      18.687     0.997266        25785       365.71
      19.839     0.997656        25796       426.67
      20.367     0.998047        25805       512.00
      20.575     0.998242        25811       568.89
      21.007     0.998437        25815       640.00
      21.263     0.998633        25820       731.43
      21.999     0.998828        25825       853.33
      22.527     0.999023        25831      1024.00
      22.847     0.999121        25833      1137.78
      22.975     0.999219        25835      1280.00
      24.079     0.999316        25838      1462.86
      24.671     0.999414        25840      1706.67
      26.415     0.999512        25844      2048.00
      26.415     0.999561        25844      2275.56
      26.655     0.999609        25845      2560.00
      27.503     0.999658        25847      2925.71
      28.911     0.999707        25848      3413.33
      30.159     0.999756        25849      4096.00
      30.255     0.999780        25850      4551.11
      30.255     0.999805        25850      5120.00
      31.199     0.999829        25851      5851.43
      32.511     0.999854        25852      6826.67
      32.511     0.999878        25852      8192.00
      33.023     0.999890        25853      9102.22
      33.023     0.999902        25853     10240.00
      33.023     0.999915        25853     11702.86
      34.943     0.999927        25854     13653.33
      34.943     0.999939        25854     16384.00
      34.943     0.999945        25854     18204.44
      34.943     0.999951        25854     20480.00
      34.943     0.999957        25854     23405.71
      37.567     0.999963        25855     27306.67
      37.567     1.000000        25855          inf
#[Mean    =        4.593, StdDeviation   =        2.434]
#[Max     =       37.536, Total count    =        25855]
#[Buckets =           27, SubBuckets     =         2048]
----------------------------------------------------------
  38794 requests in 30.00s, 7.95MB read
Requests/sec:   1293.13
Transfer/sec:    271.51KB
