Running 30s test @ http://localhost:8080/wrk2-api/post/compose
  1 threads and 10 connections
  Thread calibration: mean lat.: 4.026ms, rate sampling interval: 12ms
  Thread Stats   Avg      Stdev     99%   +/- Stdev
    Latency     3.96ms    1.70ms  10.32ms   86.37%
    Req/Sec     1.04k   286.77     1.75k    63.01%
  Latency Distribution (HdrHistogram - Recorded Latency)
 50.000%    3.34ms
 75.000%    4.38ms
 90.000%    6.16ms
 99.000%   10.32ms
 99.900%   14.88ms
 99.990%   21.93ms
 99.999%   24.46ms
100.000%   24.46ms

  Detailed Percentile spectrum:
       Value   Percentile   TotalCount 1/(1-Percentile)

       2.040     0.000000            1         1.00
       2.657     0.100000         2016         1.11
       2.827     0.200000         4014         1.25
       2.985     0.300000         6011         1.43
       3.149     0.400000         8024         1.67
       3.335     0.500000        10026         2.00
       3.455     0.550000        11013         2.22
       3.595     0.600000        12022         2.50
       3.779     0.650000        13010         2.86
       4.029     0.700000        14013         3.33
       4.375     0.750000        15008         4.00
       4.631     0.775000        15510         4.44
       4.923     0.800000        16012         5.00
       5.199     0.825000        16514         5.71
       5.479     0.850000        17008         6.67
       5.787     0.875000        17507         8.00
       5.979     0.887500        17761         8.89
       6.155     0.900000        18010        10.00
       6.351     0.912500        18259        11.43
       6.599     0.925000        18510        13.33
       6.939     0.937500        18757        16.00
       7.143     0.943750        18882        17.78
       7.355     0.950000        19007        20.00
       7.599     0.956250        19132        22.86
       7.927     0.962500        19259        26.67
       8.263     0.968750        19384        32.00
       8.439     0.971875        19445        35.56
       8.639     0.975000        19510        40.00
       8.847     0.978125        19570        45.71
       9.111     0.981250        19632        53.33
       9.455     0.984375        19695        64.00
       9.671     0.985938        19727        71.11
       9.927     0.987500        19757        80.00
      10.191     0.989062        19789        91.43
      10.415     0.990625        19821       106.67
      10.767     0.992188        19851       128.00
      10.967     0.992969        19868       142.22
      11.271     0.993750        19882       160.00
      11.471     0.994531        19898       182.86
      11.679     0.995313        19914       213.33
      11.919     0.996094        19930       256.00
      12.039     0.996484        19937       284.44
      12.199     0.996875        19945       320.00
      12.479     0.997266        19953       365.71
      12.703     0.997656        19961       426.67
      13.263     0.998047        19968       512.00
      13.663     0.998242        19972       568.89
      13.911     0.998437        19976       640.00
      14.439     0.998633        19980       731.43
      14.639     0.998828        19984       853.33
      14.919     0.999023        19988      1024.00
      15.391     0.999121        19990      1137.78
      16.031     0.999219        19992      1280.00
      16.447     0.999316        19994      1462.86
      17.199     0.999414        19996      1706.67
      17.711     0.999512        19998      2048.00
      18.863     0.999561        19999      2275.56
      19.631     0.999609        20000      2560.00
      19.743     0.999658        20001      2925.71
      20.015     0.999707        20002      3413.33
      20.527     0.999756        20003      4096.00
      20.527     0.999780        20003      4551.11
      21.743     0.999805        20004      5120.00
      21.743     0.999829        20004      5851.43
      21.935     0.999854        20005      6826.67
      21.935     0.999878        20005      8192.00
      21.935     0.999890        20005      9102.22
      23.967     0.999902        20006     10240.00
      23.967     0.999915        20006     11702.86
      23.967     0.999927        20006     13653.33
      23.967     0.999939        20006     16384.00
      23.967     0.999945        20006     18204.44
      24.463     0.999951        20007     20480.00
      24.463     1.000000        20007          inf
#[Mean    =        3.958, StdDeviation   =        1.696]
#[Max     =       24.448, Total count    =        20007]
#[Buckets =           27, SubBuckets     =         2048]
----------------------------------------------------------
  29931 requests in 30.00s, 6.14MB read
Requests/sec:    997.70
Transfer/sec:    209.48KB
