Running 30s test @ http://localhost:8080/wrk2-api/post/compose
  1 threads and 1 connections
  Thread calibration: mean lat.: 4.076ms, rate sampling interval: 12ms
  Thread Stats   Avg      Stdev     99%   +/- Stdev
    Latency     4.97ms    1.94ms  12.16ms   83.91%
    Req/Sec   101.99     86.41   272.00     59.31%
  Latency Distribution (HdrHistogram - Recorded Latency)
 50.000%    4.11ms
 75.000%    5.58ms
 90.000%    7.70ms
 99.000%   12.16ms
 99.900%   15.98ms
 99.990%   17.12ms
 99.999%   17.12ms
100.000%   17.12ms

  Detailed Percentile spectrum:
       Value   Percentile   TotalCount 1/(1-Percentile)

       3.013     0.000000            1         1.00
       3.583     0.100000          198         1.11
       3.711     0.200000          399         1.25
       3.831     0.300000          592         1.43
       3.955     0.400000          786         1.67
       4.107     0.500000          983         2.00
       4.207     0.550000         1086         2.22
       4.327     0.600000         1180         2.50
       4.475     0.650000         1278         2.86
       4.903     0.700000         1377         3.33
       5.579     0.750000         1474         4.00
       5.907     0.775000         1523         4.44
       6.351     0.800000         1572         5.00
       6.763     0.825000         1621         5.71
       7.063     0.850000         1670         6.67
       7.387     0.875000         1719         8.00
       7.571     0.887500         1744         8.89
       7.699     0.900000         1768        10.00
       7.879     0.912500         1793        11.43
       8.055     0.925000         1817        13.33
       8.375     0.937500         1842        16.00
       8.615     0.943750         1856        17.78
       8.687     0.950000         1866        20.00
       9.031     0.956250         1879        22.86
       9.383     0.962500         1891        26.67
       9.855     0.968750         1903        32.00
      10.103     0.971875         1909        35.56
      10.311     0.975000         1915        40.00
      10.751     0.978125         1922        45.71
      11.175     0.981250         1928        53.33
      11.327     0.984375         1934        64.00
      11.551     0.985938         1937        71.11
      11.775     0.987500         1940        80.00
      12.143     0.989062         1943        91.43
      12.279     0.990625         1946       106.67
      12.679     0.992188         1949       128.00
      13.279     0.992969         1951       142.22
      13.407     0.993750         1952       160.00
      13.671     0.994531         1954       182.86
      13.759     0.995313         1955       213.33
      14.503     0.996094         1957       256.00
      14.511     0.996484         1958       284.44
      14.511     0.996875         1958       320.00
      14.623     0.997266         1959       365.71
      15.151     0.997656         1960       426.67
      15.687     0.998047         1961       512.00
      15.687     0.998242         1961       568.89
      15.687     0.998437         1961       640.00
      15.983     0.998633         1962       731.43
      15.983     0.998828         1962       853.33
      16.511     0.999023         1963      1024.00
      16.511     0.999121         1963      1137.78
      16.511     0.999219         1963      1280.00
      16.511     0.999316         1963      1462.86
      16.511     0.999414         1963      1706.67
      17.119     0.999512         1964      2048.00
      17.119     1.000000         1964          inf
#[Mean    =        4.967, StdDeviation   =        1.942]
#[Max     =       17.104, Total count    =         1964]
#[Buckets =           27, SubBuckets     =         2048]
----------------------------------------------------------
  3000 requests in 30.00s, 629.88KB read
Requests/sec:     99.99
Transfer/sec:     20.99KB
