Running 30s test @ http://localhost:8080/wrk2-api/post/compose
  1 threads and 4 connections
  Thread calibration: mean lat.: 3.817ms, rate sampling interval: 11ms
  Thread Stats   Avg      Stdev     99%   +/- Stdev
    Latency     3.67ms    1.46ms   9.05ms   85.98%
    Req/Sec   414.17    185.37     0.90k    67.77%
  Latency Distribution (HdrHistogram - Recorded Latency)
 50.000%    3.15ms
 75.000%    3.70ms
 90.000%    5.65ms
 99.000%    9.05ms
 99.900%   16.74ms
 99.990%   24.08ms
 99.999%   24.54ms
100.000%   24.54ms

  Detailed Percentile spectrum:
       Value   Percentile   TotalCount 1/(1-Percentile)

       2.215     0.000000            1         1.00
       2.699     0.100000          802         1.11
       2.831     0.200000         1591         1.25
       2.939     0.300000         2375         1.43
       3.045     0.400000         3166         1.67
       3.153     0.500000         3961         2.00
       3.217     0.550000         4353         2.22
       3.289     0.600000         4756         2.50
       3.369     0.650000         5147         2.86
       3.487     0.700000         5544         3.33
       3.705     0.750000         5937         4.00
       3.905     0.775000         6133         4.44
       4.227     0.800000         6331         5.00
       4.619     0.825000         6529         5.71
       5.007     0.850000         6726         6.67
       5.351     0.875000         6923         8.00
       5.511     0.887500         7025         8.89
       5.647     0.900000         7121        10.00
       5.787     0.912500         7222        11.43
       5.935     0.925000         7321        13.33
       6.111     0.937500         7422        16.00
       6.207     0.943750         7467        17.78
       6.311     0.950000         7518        20.00
       6.467     0.956250         7567        22.86
       6.663     0.962500         7616        26.67
       6.907     0.968750         7665        32.00
       7.067     0.971875         7690        35.56
       7.239     0.975000         7716        40.00
       7.479     0.978125         7739        45.71
       7.799     0.981250         7764        53.33
       8.135     0.984375         7789        64.00
       8.271     0.985938         7801        71.11
       8.575     0.987500         7816        80.00
       8.863     0.989062         7826        91.43
       9.151     0.990625         7838       106.67
       9.471     0.992188         7851       128.00
       9.695     0.992969         7858       142.22
       9.999     0.993750         7863       160.00
      10.119     0.994531         7869       182.86
      10.711     0.995313         7875       213.33
      11.375     0.996094         7882       256.00
      11.615     0.996484         7885       284.44
      12.031     0.996875         7888       320.00
      12.519     0.997266         7891       365.71
      12.903     0.997656         7894       426.67
      13.935     0.998047         7897       512.00
      14.615     0.998242         7899       568.89
      14.679     0.998437         7900       640.00
      15.015     0.998633         7902       731.43
      16.591     0.998828         7903       853.33
      17.903     0.999023         7905      1024.00
      18.975     0.999121         7906      1137.78
      18.975     0.999219         7906      1280.00
      19.231     0.999316         7907      1462.86
      19.823     0.999414         7908      1706.67
      20.079     0.999512         7909      2048.00
      20.079     0.999561         7909      2275.56
      20.079     0.999609         7909      2560.00
      21.919     0.999658         7910      2925.71
      21.919     0.999707         7910      3413.33
      24.079     0.999756         7911      4096.00
      24.079     0.999780         7911      4551.11
      24.079     0.999805         7911      5120.00
      24.079     0.999829         7911      5851.43
      24.079     0.999854         7911      6826.67
      24.543     0.999878         7912      8192.00
      24.543     1.000000         7912          inf
#[Mean    =        3.669, StdDeviation   =        1.465]
#[Max     =       24.528, Total count    =         7912]
#[Buckets =           27, SubBuckets     =         2048]
----------------------------------------------------------
  11917 requests in 30.00s, 2.44MB read
Requests/sec:    397.22
Transfer/sec:     83.40KB
