Running 30s test @ http://localhost:8080/wrk2-api/post/compose
  1 threads and 5 connections
  Thread calibration: mean lat.: 3.694ms, rate sampling interval: 11ms
  Thread Stats   Avg      Stdev     99%   +/- Stdev
    Latency     3.56ms    1.30ms   8.47ms   84.71%
    Req/Sec   524.42    208.74     1.00k    68.64%
  Latency Distribution (HdrHistogram - Recorded Latency)
 50.000%    3.07ms
 75.000%    3.66ms
 90.000%    5.48ms
 99.000%    8.47ms
 99.900%   11.55ms
 99.990%   14.48ms
 99.999%   16.46ms
100.000%   16.46ms

  Detailed Percentile spectrum:
       Value   Percentile   TotalCount 1/(1-Percentile)

       2.175     0.000000            1         1.00
       2.621     0.100000         1012         1.11
       2.751     0.200000         2002         1.25
       2.857     0.300000         3028         1.43
       2.959     0.400000         4011         1.67
       3.067     0.500000         5006         2.00
       3.133     0.550000         5511         2.22
       3.201     0.600000         6008         2.50
       3.295     0.650000         6506         2.86
       3.427     0.700000         7008         3.33
       3.665     0.750000         7503         4.00
       3.883     0.775000         7752         4.44
       4.187     0.800000         8001         5.00
       4.499     0.825000         8251         5.71
       4.887     0.850000         8501         6.67
       5.211     0.875000         8750         8.00
       5.347     0.887500         8876         8.89
       5.479     0.900000         9003        10.00
       5.631     0.912500         9129        11.43
       5.771     0.925000         9251        13.33
       5.951     0.937500         9376        16.00
       6.059     0.943750         9439        17.78
       6.183     0.950000         9500        20.00
       6.331     0.956250         9564        22.86
       6.511     0.962500         9625        26.67
       6.783     0.968750         9689        32.00
       6.955     0.971875         9719        35.56
       7.091     0.975000         9750        40.00
       7.283     0.978125         9782        45.71
       7.519     0.981250         9813        53.33
       7.867     0.984375         9844        64.00
       8.047     0.985938         9861        71.11
       8.171     0.987500         9875        80.00
       8.351     0.989062         9891        91.43
       8.591     0.990625         9907       106.67
       8.751     0.992188         9924       128.00
       8.807     0.992969         9930       142.22
       9.023     0.993750         9938       160.00
       9.223     0.994531         9946       182.86
       9.447     0.995313         9954       213.33
       9.655     0.996094         9961       256.00
       9.839     0.996484         9965       284.44
       9.967     0.996875         9969       320.00
      10.223     0.997266         9973       365.71
      10.359     0.997656         9977       426.67
      10.583     0.998047         9981       512.00
      10.695     0.998242         9983       568.89
      10.791     0.998437         9985       640.00
      10.943     0.998633         9987       731.43
      11.311     0.998828         9989       853.33
      11.575     0.999023         9991      1024.00
      11.703     0.999121         9992      1137.78
      11.799     0.999219         9993      1280.00
      12.095     0.999316         9994      1462.86
      12.111     0.999414         9995      1706.67
      12.359     0.999512         9996      2048.00
      12.359     0.999561         9996      2275.56
      12.847     0.999609         9997      2560.00
      12.847     0.999658         9997      2925.71
      14.223     0.999707         9998      3413.33
      14.223     0.999756         9998      4096.00
      14.223     0.999780         9998      4551.11
      14.479     0.999805         9999      5120.00
      14.479     0.999829         9999      5851.43
      14.479     0.999854         9999      6826.67
      14.479     0.999878         9999      8192.00
      14.479     0.999890         9999      9102.22
      16.463     0.999902        10000     10240.00
      16.463     1.000000        10000          inf
#[Mean    =        3.560, StdDeviation   =        1.295]
#[Max     =       16.448, Total count    =        10000]
#[Buckets =           27, SubBuckets     =         2048]
----------------------------------------------------------
  14982 requests in 30.00s, 3.07MB read
Requests/sec:    499.38
Transfer/sec:    104.85KB
