Running 30s test @ http://localhost:8080/wrk2-api/post/compose
  1 threads and 18 connections
  Thread calibration: mean lat.: 653.861ms, rate sampling interval: 2336ms
  Thread Stats   Avg      Stdev     99%   +/- Stdev
    Latency     2.48s   920.47ms   4.41s    63.11%
    Req/Sec     1.55k    26.37     1.58k    37.50%
  Latency Distribution (HdrHistogram - Recorded Latency)
 50.000%    2.45s 
 75.000%    3.17s 
 90.000%    3.78s 
 99.000%    4.41s 
 99.900%    4.84s 
 99.990%    4.94s 
 99.999%    4.94s 
100.000%    4.94s 

  Detailed Percentile spectrum:
       Value   Percentile   TotalCount 1/(1-Percentile)

     435.199     0.000000            1         1.00
    1357.823     0.100000         3098         1.11
    1594.367     0.200000         6186         1.25
    1820.671     0.300000         9287         1.43
    2121.727     0.400000        12382         1.67
    2453.503     0.500000        15463         2.00
    2586.623     0.550000        17020         2.22
    2715.647     0.600000        18554         2.50
    2873.343     0.650000        20103         2.86
    3012.607     0.700000        21668         3.33
    3174.399     0.750000        23189         4.00
    3244.031     0.775000        23964         4.44
    3340.287     0.800000        24745         5.00
    3467.263     0.825000        25510         5.71
    3563.519     0.850000        26280         6.67
    3672.063     0.875000        27058         8.00
    3729.407     0.887500        27439         8.89
    3784.703     0.900000        27828        10.00
    3837.951     0.912500        28216        11.43
    3901.439     0.925000        28600        13.33
    3966.975     0.937500        28986        16.00
    4022.271     0.943750        29181        17.78
    4059.135     0.950000        29380        20.00
    4100.095     0.956250        29564        22.86
    4167.679     0.962500        29763        26.67
    4210.687     0.968750        29955        32.00
    4231.167     0.971875        30059        35.56
    4259.839     0.975000        30149        40.00
    4304.895     0.978125        30243        45.71
    4345.855     0.981250        30345        53.33
    4366.335     0.984375        30441        64.00
    4378.623     0.985938        30501        71.11
    4386.815     0.987500        30542        80.00
    4399.103     0.989062        30594        91.43
    4415.487     0.990625        30633       106.67
    4440.063     0.992188        30675       128.00
    4464.639     0.992969        30700       142.22
    4485.119     0.993750        30723       160.00
    4567.039     0.994531        30750       182.86
    4624.383     0.995313        30772       213.33
    4669.439     0.996094        30797       256.00
    4681.727     0.996484        30812       284.44
    4702.207     0.996875        30821       320.00
    4734.975     0.997266        30834       365.71
    4759.551     0.997656        30844       426.67
    4780.031     0.998047        30859       512.00
    4788.223     0.998242        30866       568.89
    4792.319     0.998437        30868       640.00
    4800.511     0.998633        30875       731.43
    4816.895     0.998828        30882       853.33
    4841.471     0.999023        30886      1024.00
    4849.663     0.999121        30889      1137.78
    4874.239     0.999219        30893      1280.00
    4878.335     0.999316        30896      1462.86
    4898.815     0.999414        30898      1706.67
    4902.911     0.999512        30901      2048.00
    4907.007     0.999561        30903      2275.56
    4911.103     0.999609        30907      2560.00
    4911.103     0.999658        30907      2925.71
    4911.103     0.999707        30907      3413.33
    4915.199     0.999756        30909      4096.00
    4923.391     0.999780        30910      4551.11
    4923.391     0.999805        30910      5120.00
    4927.487     0.999829        30911      5851.43
    4935.679     0.999854        30912      6826.67
    4939.775     0.999878        30916      8192.00
    4939.775     1.000000        30916          inf
#[Mean    =     2481.047, StdDeviation   =      920.467]
#[Max     =     4935.680, Total count    =        30916]
#[Buckets =           27, SubBuckets     =         2048]
----------------------------------------------------------
  46681 requests in 30.00s, 9.57MB read
Requests/sec:   1555.87
Transfer/sec:    326.67KB
