Running 30s test @ http://localhost:8080/wrk2-api/post/compose
  1 threads and 6 connections
  Thread calibration: mean lat.: 3.656ms, rate sampling interval: 10ms
  Thread Stats   Avg      Stdev     99%   +/- Stdev
    Latency     3.49ms    1.30ms   8.49ms   85.20%
    Req/Sec   626.67    241.52     1.22k    67.71%
  Latency Distribution (HdrHistogram - Recorded Latency)
 50.000%    3.01ms
 75.000%    3.59ms
 90.000%    5.36ms
 99.000%    8.49ms
 99.900%   12.34ms
 99.990%   16.24ms
 99.999%   19.09ms
100.000%   19.09ms

  Detailed Percentile spectrum:
       Value   Percentile   TotalCount 1/(1-Percentile)

       2.127     0.000000            1         1.00
       2.553     0.100000         1201         1.11
       2.683     0.200000         2382         1.25
       2.793     0.300000         3584         1.43
       2.895     0.400000         4765         1.67
       3.005     0.500000         5951         2.00
       3.069     0.550000         6552         2.22
       3.149     0.600000         7153         2.50
       3.231     0.650000         7737         2.86
       3.367     0.700000         8330         3.33
       3.589     0.750000         8922         4.00
       3.765     0.775000         9221         4.44
       4.015     0.800000         9517         5.00
       4.347     0.825000         9813         5.71
       4.763     0.850000        10112         6.67
       5.083     0.875000        10410         8.00
       5.211     0.887500        10558         8.89
       5.355     0.900000        10707        10.00
       5.507     0.912500        10855        11.43
       5.667     0.925000        11009        13.33
       5.827     0.937500        11151        16.00
       5.947     0.943750        11227        17.78
       6.055     0.950000        11300        20.00
       6.211     0.956250        11374        22.86
       6.427     0.962500        11448        26.67
       6.703     0.968750        11523        32.00
       6.899     0.971875        11560        35.56
       7.075     0.975000        11598        40.00
       7.271     0.978125        11635        45.71
       7.555     0.981250        11673        53.33
       7.867     0.984375        11710        64.00
       7.999     0.985938        11727        71.11
       8.191     0.987500        11746        80.00
       8.375     0.989062        11765        91.43
       8.535     0.990625        11783       106.67
       8.791     0.992188        11803       128.00
       8.927     0.992969        11811       142.22
       9.103     0.993750        11820       160.00
       9.295     0.994531        11829       182.86
       9.527     0.995313        11840       213.33
       9.735     0.996094        11848       256.00
       9.863     0.996484        11853       284.44
      10.055     0.996875        11857       320.00
      10.247     0.997266        11862       365.71
      10.527     0.997656        11867       426.67
      10.751     0.998047        11871       512.00
      10.839     0.998242        11874       568.89
      10.943     0.998437        11876       640.00
      11.303     0.998633        11878       731.43
      12.287     0.998828        11881       853.33
      12.399     0.999023        11883      1024.00
      12.583     0.999121        11884      1137.78
      12.719     0.999219        11885      1280.00
      13.167     0.999316        11886      1462.86
      13.663     0.999414        11888      1706.67
      14.031     0.999512        11889      2048.00
      14.031     0.999561        11889      2275.56
      14.287     0.999609        11890      2560.00
      14.287     0.999658        11890      2925.71
      14.311     0.999707        11891      3413.33
      15.495     0.999756        11892      4096.00
      15.495     0.999780        11892      4551.11
      15.495     0.999805        11892      5120.00
      15.495     0.999829        11892      5851.43
      16.239     0.999854        11893      6826.67
      16.239     0.999878        11893      8192.00
      16.239     0.999890        11893      9102.22
      16.239     0.999902        11893     10240.00
      16.239     0.999915        11893     11702.86
      19.087     0.999927        11894     13653.33
      19.087     1.000000        11894          inf
#[Mean    =        3.487, StdDeviation   =        1.303]
#[Max     =       19.072, Total count    =        11894]
#[Buckets =           27, SubBuckets     =         2048]
----------------------------------------------------------
  17889 requests in 30.00s, 3.67MB read
Requests/sec:    596.29
Transfer/sec:    125.20KB
