Running 30s test @ http://localhost:8080/wrk2-api/post/compose
  1 threads and 5 connections
  Thread calibration: mean lat.: 3.691ms, rate sampling interval: 11ms
  Thread Stats   Avg      Stdev     99%   +/- Stdev
    Latency     3.57ms    1.30ms   8.43ms   84.62%
    Req/Sec   523.79    205.10     1.00k    69.73%
  Latency Distribution (HdrHistogram - Recorded Latency)
 50.000%    3.10ms
 75.000%    3.73ms
 90.000%    5.49ms
 99.000%    8.43ms
 99.900%   11.29ms
 99.990%   13.02ms
 99.999%   14.14ms
100.000%   14.14ms

  Detailed Percentile spectrum:
       Value   Percentile   TotalCount 1/(1-Percentile)

       2.149     0.000000            1         1.00
       2.595     0.100000         1012         1.11
       2.731     0.200000         2011         1.25
       2.847     0.300000         3005         1.43
       2.965     0.400000         4007         1.67
       3.097     0.500000         5012         2.00
       3.165     0.550000         5502         2.22
       3.249     0.600000         6012         2.50
       3.349     0.650000         6500         2.86
       3.499     0.700000         7002         3.33
       3.733     0.750000         7502         4.00
       3.917     0.775000         7753         4.44
       4.195     0.800000         8002         5.00
       4.519     0.825000         8252         5.71
       4.903     0.850000         8501         6.67
       5.207     0.875000         8751         8.00
       5.359     0.887500         8876         8.89
       5.495     0.900000         9005        10.00
       5.635     0.912500         9125        11.43
       5.819     0.925000         9253        13.33
       5.987     0.937500         9376        16.00
       6.095     0.943750         9437        17.78
       6.223     0.950000         9500        20.00
       6.367     0.956250         9563        22.86
       6.531     0.962500         9626        26.67
       6.791     0.968750         9687        32.00
       6.931     0.971875         9718        35.56
       7.111     0.975000         9750        40.00
       7.371     0.978125         9782        45.71
       7.615     0.981250         9814        53.33
       7.863     0.984375         9843        64.00
       8.031     0.985938         9859        71.11
       8.147     0.987500         9875        80.00
       8.287     0.989062         9890        91.43
       8.543     0.990625         9906       106.67
       8.919     0.992188         9921       128.00
       9.039     0.992969         9929       142.22
       9.167     0.993750         9937       160.00
       9.391     0.994531         9945       182.86
       9.535     0.995313         9953       213.33
       9.759     0.996094         9960       256.00
       9.935     0.996484         9964       284.44
      10.119     0.996875         9968       320.00
      10.511     0.997266         9972       365.71
      10.679     0.997656         9976       426.67
      10.887     0.998047         9980       512.00
      10.975     0.998242         9982       568.89
      11.007     0.998437         9984       640.00
      11.095     0.998633         9986       731.43
      11.199     0.998828         9988       853.33
      11.295     0.999023         9990      1024.00
      11.375     0.999121         9991      1137.78
      11.583     0.999219         9992      1280.00
      11.983     0.999316         9993      1462.86
      11.991     0.999414         9994      1706.67
      11.999     0.999512         9995      2048.00
      11.999     0.999561         9995      2275.56
      12.279     0.999609         9996      2560.00
      12.279     0.999658         9996      2925.71
      12.879     0.999707         9997      3413.33
      12.879     0.999756         9997      4096.00
      12.879     0.999780         9997      4551.11
      13.015     0.999805         9998      5120.00
      13.015     0.999829         9998      5851.43
      13.015     0.999854         9998      6826.67
      13.015     0.999878         9998      8192.00
      13.015     0.999890         9998      9102.22
      14.135     0.999902         9999     10240.00
      14.135     1.000000         9999          inf
#[Mean    =        3.572, StdDeviation   =        1.302]
#[Max     =       14.128, Total count    =         9999]
#[Buckets =           27, SubBuckets     =         2048]
----------------------------------------------------------
  14981 requests in 30.00s, 3.07MB read
Requests/sec:    499.37
Transfer/sec:    104.85KB
