Running 30s test @ http://localhost:8080/wrk2-api/post/compose
  1 threads and 11 connections
  Thread calibration: mean lat.: 5.265ms, rate sampling interval: 17ms
  Thread Stats   Avg      Stdev     99%   +/- Stdev
    Latency     5.25ms    2.97ms  16.80ms   87.73%
    Req/Sec     1.13k   233.65     1.65k    65.70%
  Latency Distribution (HdrHistogram - Recorded Latency)
 50.000%    4.26ms
 75.000%    6.15ms
 90.000%    8.86ms
 99.000%   16.80ms
 99.900%   25.58ms
 99.990%   36.32ms
 99.999%   39.78ms
100.000%   39.78ms

  Detailed Percentile spectrum:
       Value   Percentile   TotalCount 1/(1-Percentile)

       2.167     0.000000            1         1.00
       2.879     0.100000         2196         1.11
       3.187     0.200000         4400         1.25
       3.485     0.300000         6590         1.43
       3.819     0.400000         8785         1.67
       4.259     0.500000        10985         2.00
       4.531     0.550000        12077         2.22
       4.839     0.600000        13186         2.50
       5.211     0.650000        14280         2.86
       5.635     0.700000        15376         3.33
       6.151     0.750000        16474         4.00
       6.447     0.775000        17016         4.44
       6.775     0.800000        17566         5.00
       7.155     0.825000        18117         5.71
       7.607     0.850000        18666         6.67
       8.127     0.875000        19213         8.00
       8.471     0.887500        19488         8.89
       8.863     0.900000        19761        10.00
       9.255     0.912500        20036        11.43
       9.743     0.925000        20310        13.33
      10.319     0.937500        20584        16.00
      10.647     0.943750        20722        17.78
      11.039     0.950000        20860        20.00
      11.399     0.956250        20999        22.86
      11.967     0.962500        21135        26.67
      12.591     0.968750        21270        32.00
      12.943     0.971875        21342        35.56
      13.287     0.975000        21409        40.00
      13.687     0.978125        21476        45.71
      14.215     0.981250        21545        53.33
      14.935     0.984375        21613        64.00
      15.407     0.985938        21648        71.11
      15.671     0.987500        21682        80.00
      16.351     0.989062        21716        91.43
      17.119     0.990625        21751       106.67
      17.743     0.992188        21785       128.00
      18.255     0.992969        21803       142.22
      18.511     0.993750        21819       160.00
      19.007     0.994531        21836       182.86
      19.631     0.995313        21854       213.33
      20.703     0.996094        21872       256.00
      20.911     0.996484        21879       284.44
      21.487     0.996875        21888       320.00
      21.823     0.997266        21896       365.71
      22.431     0.997656        21905       426.67
      23.583     0.998047        21914       512.00
      23.807     0.998242        21918       568.89
      24.175     0.998437        21922       640.00
      24.511     0.998633        21926       731.43
      24.927     0.998828        21931       853.33
      25.759     0.999023        21935      1024.00
      26.463     0.999121        21937      1137.78
      26.767     0.999219        21939      1280.00
      27.151     0.999316        21941      1462.86
      27.951     0.999414        21944      1706.67
      28.703     0.999512        21946      2048.00
      28.767     0.999561        21947      2275.56
      28.911     0.999609        21948      2560.00
      29.727     0.999658        21949      2925.71
      30.575     0.999707        21950      3413.33
      31.887     0.999756        21951      4096.00
      31.951     0.999780        21952      4551.11
      31.951     0.999805        21952      5120.00
      33.855     0.999829        21953      5851.43
      33.855     0.999854        21953      6826.67
      36.319     0.999878        21954      8192.00
      36.319     0.999890        21954      9102.22
      36.319     0.999902        21954     10240.00
      37.023     0.999915        21955     11702.86
      37.023     0.999927        21955     13653.33
      37.023     0.999939        21955     16384.00
      37.023     0.999945        21955     18204.44
      37.023     0.999951        21955     20480.00
      39.775     0.999957        21956     23405.71
      39.775     1.000000        21956          inf
#[Mean    =        5.248, StdDeviation   =        2.967]
#[Max     =       39.744, Total count    =        21956]
#[Buckets =           27, SubBuckets     =         2048]
----------------------------------------------------------
  32880 requests in 30.00s, 6.74MB read
Requests/sec:   1095.99
Transfer/sec:    230.12KB
