Running 30s test @ http://localhost:8080/wrk2-api/post/compose
  1 threads and 17 connections
  Thread calibration: mean lat.: 1130.472ms, rate sampling interval: 4067ms
  Thread Stats   Avg      Stdev     99%   +/- Stdev
    Latency     4.38s     1.31s    6.83s    57.99%
    Req/Sec     1.31k    12.85     1.32k    50.00%
  Latency Distribution (HdrHistogram - Recorded Latency)
 50.000%    4.43s 
 75.000%    5.51s 
 90.000%    6.11s 
 99.000%    6.83s 
 99.900%    7.15s 
 99.990%    7.25s 
 99.999%    7.29s 
100.000%    7.29s 

  Detailed Percentile spectrum:
       Value   Percentile   TotalCount 1/(1-Percentile)

    1289.215     0.000000            1         1.00
    2609.151     0.100000         2630         1.11
    3028.991     0.200000         5228         1.25
    3520.511     0.300000         7829         1.43
    4001.791     0.400000        10442         1.67
    4431.871     0.500000        13081         2.00
    4636.671     0.550000        14377         2.22
    4861.951     0.600000        15678         2.50
    5042.175     0.650000        16975         2.86
    5271.551     0.700000        18269         3.33
    5505.023     0.750000        19593         4.00
    5631.999     0.775000        20234         4.44
    5738.495     0.800000        20891         5.00
    5844.991     0.825000        21542         5.71
    5935.103     0.850000        22216         6.67
    6012.927     0.875000        22856         8.00
    6057.983     0.887500        23172         8.89
    6111.231     0.900000        23493        10.00
    6160.383     0.912500        23818        11.43
    6205.439     0.925000        24156        13.33
    6262.783     0.937500        24475        16.00
    6295.551     0.943750        24648        17.78
    6328.319     0.950000        24796        20.00
    6365.183     0.956250        24958        22.86
    6406.143     0.962500        25119        26.67
    6455.295     0.968750        25284        32.00
    6492.159     0.971875        25361        35.56
    6524.927     0.975000        25443        40.00
    6578.175     0.978125        25529        45.71
    6631.423     0.981250        25607        53.33
    6688.767     0.984375        25696        64.00
    6709.247     0.985938        25733        71.11
    6737.919     0.987500        25768        80.00
    6791.167     0.989062        25814        91.43
    6852.607     0.990625        25850       106.67
    6873.087     0.992188        25893       128.00
    6901.759     0.992969        25914       142.22
    6926.335     0.993750        25931       160.00
    6955.007     0.994531        25954       182.86
    6971.391     0.995313        25973       213.33
    7016.447     0.996094        25994       256.00
    7049.215     0.996484        26003       284.44
    7077.887     0.996875        26013       320.00
    7094.271     0.997266        26027       365.71
    7106.559     0.997656        26034       426.67
    7122.943     0.998047        26044       512.00
    7127.039     0.998242        26050       568.89
    7131.135     0.998437        26054       640.00
    7139.327     0.998633        26060       731.43
    7147.519     0.998828        26065       853.33
    7151.615     0.999023        26069      1024.00
    7159.807     0.999121        26072      1137.78
    7167.999     0.999219        26074      1280.00
    7176.191     0.999316        26077      1462.86
    7184.383     0.999414        26079      1706.67
    7204.863     0.999512        26082      2048.00
    7217.151     0.999561        26083      2275.56
    7221.247     0.999609        26085      2560.00
    7233.535     0.999658        26087      2925.71
    7233.535     0.999707        26087      3413.33
    7237.631     0.999756        26088      4096.00
    7241.727     0.999780        26089      4551.11
    7241.727     0.999805        26089      5120.00
    7245.823     0.999829        26090      5851.43
    7254.015     0.999854        26091      6826.67
    7254.015     0.999878        26091      8192.00
    7270.399     0.999890        26092      9102.22
    7270.399     0.999902        26092     10240.00
    7270.399     0.999915        26092     11702.86
    7274.495     0.999927        26093     13653.33
    7274.495     0.999939        26093     16384.00
    7274.495     0.999945        26093     18204.44
    7274.495     0.999951        26093     20480.00
    7274.495     0.999957        26093     23405.71
    7286.783     0.999963        26094     27306.67
    7286.783     1.000000        26094          inf
#[Mean    =     4382.007, StdDeviation   =     1313.508]
#[Max     =     7282.688, Total count    =        26094]
#[Buckets =           27, SubBuckets     =         2048]
----------------------------------------------------------
  39285 requests in 30.00s, 8.05MB read
Requests/sec:   1309.50
Transfer/sec:    274.94KB
