Running 30s test @ http://localhost:8080/wrk2-api/post/compose
  1 threads and 10 connections
  Thread calibration: mean lat.: 4.951ms, rate sampling interval: 15ms
  Thread Stats   Avg      Stdev     99%   +/- Stdev
    Latency     4.74ms    2.35ms  13.57ms   86.71%
    Req/Sec     1.04k   240.84     1.57k    68.10%
  Latency Distribution (HdrHistogram - Recorded Latency)
 50.000%    3.92ms
 75.000%    5.56ms
 90.000%    7.66ms
 99.000%   13.57ms
 99.900%   21.06ms
 99.990%   24.93ms
 99.999%   29.06ms
100.000%   29.06ms

  Detailed Percentile spectrum:
       Value   Percentile   TotalCount 1/(1-Percentile)

       2.183     0.000000            2         1.00
       2.825     0.100000         2018         1.11
       3.087     0.200000         4016         1.25
       3.325     0.300000         6013         1.43
       3.587     0.400000         8008         1.67
       3.921     0.500000        10007         2.00
       4.131     0.550000        11014         2.22
       4.399     0.600000        12016         2.50
       4.715     0.650000        13020         2.86
       5.103     0.700000        14016         3.33
       5.559     0.750000        15011         4.00
       5.795     0.775000        15511         4.44
       6.063     0.800000        16015         5.00
       6.375     0.825000        16513         5.71
       6.735     0.850000        17017         6.67
       7.135     0.875000        17510         8.00
       7.383     0.887500        17760         8.89
       7.663     0.900000        18012        10.00
       7.971     0.912500        18265        11.43
       8.375     0.925000        18511        13.33
       8.831     0.937500        18765        16.00
       9.079     0.943750        18888        17.78
       9.391     0.950000        19011        20.00
       9.703     0.956250        19136        22.86
      10.119     0.962500        19263        26.67
      10.607     0.968750        19386        32.00
      10.863     0.971875        19450        35.56
      11.159     0.975000        19513        40.00
      11.439     0.978125        19574        45.71
      11.791     0.981250        19636        53.33
      12.263     0.984375        19699        64.00
      12.575     0.985938        19731        71.11
      12.815     0.987500        19762        80.00
      13.359     0.989062        19793        91.43
      13.719     0.990625        19825       106.67
      14.151     0.992188        19855       128.00
      14.415     0.992969        19871       142.22
      14.711     0.993750        19886       160.00
      15.023     0.994531        19902       182.86
      15.447     0.995313        19919       213.33
      15.863     0.996094        19933       256.00
      16.495     0.996484        19941       284.44
      16.799     0.996875        19949       320.00
      17.199     0.997266        19958       365.71
      17.711     0.997656        19965       426.67
      18.543     0.998047        19972       512.00
      19.167     0.998242        19976       568.89
      19.471     0.998437        19980       640.00
      20.047     0.998633        19984       731.43
      20.383     0.998828        19988       853.33
      21.183     0.999023        19992      1024.00
      21.455     0.999121        19994      1137.78
      22.175     0.999219        19996      1280.00
      22.655     0.999316        19998      1462.86
      22.895     0.999414        20000      1706.67
      23.727     0.999512        20002      2048.00
      23.919     0.999561        20003      2275.56
      24.079     0.999609        20004      2560.00
      24.191     0.999658        20006      2925.71
      24.191     0.999707        20006      3413.33
      24.271     0.999756        20007      4096.00
      24.271     0.999780        20007      4551.11
      24.799     0.999805        20008      5120.00
      24.799     0.999829        20008      5851.43
      24.927     0.999854        20009      6826.67
      24.927     0.999878        20009      8192.00
      24.927     0.999890        20009      9102.22
      25.775     0.999902        20010     10240.00
      25.775     0.999915        20010     11702.86
      25.775     0.999927        20010     13653.33
      25.775     0.999939        20010     16384.00
      25.775     0.999945        20010     18204.44
      29.055     0.999951        20011     20480.00
      29.055     1.000000        20011          inf
#[Mean    =        4.740, StdDeviation   =        2.347]
#[Max     =       29.040, Total count    =        20011]
#[Buckets =           27, SubBuckets     =         2048]
----------------------------------------------------------
  29932 requests in 30.00s, 6.14MB read
Requests/sec:    997.70
Transfer/sec:    209.48KB
