Running 30s test @ http://localhost:8080/wrk2-api/post/compose
  1 threads and 1 connections
  Thread calibration: mean lat.: 5.091ms, rate sampling interval: 15ms
  Thread Stats   Avg      Stdev     99%   +/- Stdev
    Latency     4.66ms    1.97ms  12.02ms   86.10%
    Req/Sec   101.26     77.04   285.00     59.92%
  Latency Distribution (HdrHistogram - Recorded Latency)
 50.000%    3.87ms
 75.000%    5.13ms
 90.000%    7.18ms
 99.000%   12.02ms
 99.900%   18.74ms
 99.990%   22.58ms
 99.999%   22.58ms
100.000%   22.58ms

  Detailed Percentile spectrum:
       Value   Percentile   TotalCount 1/(1-Percentile)

       2.875     0.000000            1         1.00
       3.305     0.100000          198         1.11
       3.443     0.200000          394         1.25
       3.569     0.300000          592         1.43
       3.717     0.400000          788         1.67
       3.873     0.500000          982         2.00
       3.961     0.550000         1082         2.22
       4.081     0.600000         1181         2.50
       4.251     0.650000         1278         2.86
       4.543     0.700000         1375         3.33
       5.127     0.750000         1474         4.00
       5.415     0.775000         1523         4.44
       5.787     0.800000         1572         5.00
       6.139     0.825000         1621         5.71
       6.495     0.850000         1670         6.67
       6.823     0.875000         1719         8.00
       7.007     0.887500         1745         8.89
       7.175     0.900000         1769        10.00
       7.339     0.912500         1793        11.43
       7.619     0.925000         1817        13.33
       7.983     0.937500         1842        16.00
       8.115     0.943750         1855        17.78
       8.327     0.950000         1866        20.00
       8.711     0.956250         1879        22.86
       8.967     0.962500         1891        26.67
       9.511     0.968750         1903        32.00
       9.799     0.971875         1911        35.56
       9.983     0.975000         1915        40.00
      10.279     0.978125         1922        45.71
      10.655     0.981250         1928        53.33
      11.207     0.984375         1934        64.00
      11.343     0.985938         1938        71.11
      11.463     0.987500         1940        80.00
      11.975     0.989062         1943        91.43
      12.183     0.990625         1946       106.67
      12.367     0.992188         1949       128.00
      12.791     0.992969         1951       142.22
      13.751     0.993750         1952       160.00
      14.351     0.994531         1954       182.86
      14.471     0.995313         1955       213.33
      15.231     0.996094         1957       256.00
      15.951     0.996484         1959       284.44
      15.951     0.996875         1959       320.00
      15.951     0.997266         1959       365.71
      15.967     0.997656         1960       426.67
      18.639     0.998047         1961       512.00
      18.639     0.998242         1961       568.89
      18.639     0.998437         1961       640.00
      18.735     0.998633         1962       731.43
      18.735     0.998828         1962       853.33
      20.287     0.999023         1963      1024.00
      20.287     0.999121         1963      1137.78
      20.287     0.999219         1963      1280.00
      20.287     0.999316         1963      1462.86
      20.287     0.999414         1963      1706.67
      22.575     0.999512         1964      2048.00
      22.575     1.000000         1964          inf
#[Mean    =        4.660, StdDeviation   =        1.966]
#[Max     =       22.560, Total count    =         1964]
#[Buckets =           27, SubBuckets     =         2048]
----------------------------------------------------------
  3000 requests in 30.00s, 629.88KB read
Requests/sec:    100.00
Transfer/sec:     21.00KB
