Running 30s test @ http://localhost:8080/wrk2-api/post/compose
  1 threads and 15 connections
  Thread calibration: mean lat.: 533.500ms, rate sampling interval: 1907ms
  Thread Stats   Avg      Stdev     99%   +/- Stdev
    Latency     2.03s   730.21ms   3.63s    61.90%
    Req/Sec     1.34k    19.79     1.36k    70.00%
  Latency Distribution (HdrHistogram - Recorded Latency)
 50.000%    1.98s 
 75.000%    2.61s 
 90.000%    3.03s 
 99.000%    3.63s 
 99.900%    3.87s 
 99.990%    3.92s 
 99.999%    3.94s 
100.000%    3.94s 

  Detailed Percentile spectrum:
       Value   Percentile   TotalCount 1/(1-Percentile)

     656.895     0.000000            1         1.00
    1060.863     0.100000         2672         1.11
    1334.271     0.200000         5338         1.25
    1573.887     0.300000         8007         1.43
    1727.487     0.400000        10667         1.67
    1982.463     0.500000        13327         2.00
    2103.295     0.550000        14685         2.22
    2226.175     0.600000        15993         2.50
    2340.863     0.650000        17324         2.86
    2480.127     0.700000        18655         3.33
    2605.055     0.750000        19988         4.00
    2680.831     0.775000        20658         4.44
    2750.463     0.800000        21320         5.00
    2842.623     0.825000        22008         5.71
    2918.399     0.850000        22662         6.67
    2975.743     0.875000        23341         8.00
    2998.271     0.887500        23658         8.89
    3028.991     0.900000        23993        10.00
    3067.903     0.912500        24325        11.43
    3102.719     0.925000        24653        13.33
    3153.919     0.937500        24994        16.00
    3188.735     0.943750        25156        17.78
    3241.983     0.950000        25321        20.00
    3284.991     0.956250        25490        22.86
    3319.807     0.962500        25649        26.67
    3368.959     0.968750        25820        32.00
    3399.679     0.971875        25900        35.56
    3418.111     0.975000        25984        40.00
    3436.543     0.978125        26068        45.71
    3463.167     0.981250        26151        53.33
    3493.887     0.984375        26233        64.00
    3516.415     0.985938        26274        71.11
    3547.135     0.987500        26315        80.00
    3592.191     0.989062        26358        91.43
    3647.487     0.990625        26401       106.67
    3692.543     0.992188        26440       128.00
    3702.783     0.992969        26461       142.22
    3717.119     0.993750        26482       160.00
    3733.503     0.994531        26505       182.86
    3758.079     0.995313        26525       213.33
    3772.415     0.996094        26545       256.00
    3782.655     0.996484        26555       284.44
    3796.991     0.996875        26567       320.00
    3811.327     0.997266        26576       365.71
    3827.711     0.997656        26588       426.67
    3848.191     0.998047        26597       512.00
    3858.431     0.998242        26605       568.89
    3860.479     0.998437        26607       640.00
    3862.527     0.998633        26612       731.43
    3868.671     0.998828        26619       853.33
    3872.767     0.999023        26624      1024.00
    3874.815     0.999121        26625      1137.78
    3876.863     0.999219        26629      1280.00
    3878.911     0.999316        26631      1462.86
    3887.103     0.999414        26633      1706.67
    3891.199     0.999512        26635      2048.00
    3903.487     0.999561        26637      2275.56
    3907.583     0.999609        26638      2560.00
    3909.631     0.999658        26641      2925.71
    3909.631     0.999707        26641      3413.33
    3911.679     0.999756        26644      4096.00
    3911.679     0.999780        26644      4551.11
    3911.679     0.999805        26644      5120.00
    3911.679     0.999829        26644      5851.43
    3915.775     0.999854        26645      6826.67
    3915.775     0.999878        26645      8192.00
    3928.063     0.999890        26646      9102.22
    3928.063     0.999902        26646     10240.00
    3928.063     0.999915        26646     11702.86
    3934.207     0.999927        26647     13653.33
    3934.207     0.999939        26647     16384.00
    3934.207     0.999945        26647     18204.44
    3934.207     0.999951        26647     20480.00
    3934.207     0.999957        26647     23405.71
    3944.447     0.999963        26648     27306.67
    3944.447     1.000000        26648          inf
#[Mean    =     2031.475, StdDeviation   =      730.212]
#[Max     =     3942.400, Total count    =        26648]
#[Buckets =           27, SubBuckets     =         2048]
----------------------------------------------------------
  40055 requests in 30.00s, 8.21MB read
Requests/sec:   1335.09
Transfer/sec:    280.32KB
