Running 30s test @ http://localhost:8080/wrk2-api/post/compose
  1 threads and 4 connections
  Thread calibration: mean lat.: 3.722ms, rate sampling interval: 11ms
  Thread Stats   Avg      Stdev     99%   +/- Stdev
    Latency     3.59ms    1.37ms   8.70ms   85.81%
    Req/Sec   414.99    187.33   818.00     68.83%
  Latency Distribution (HdrHistogram - Recorded Latency)
 50.000%    3.09ms
 75.000%    3.71ms
 90.000%    5.52ms
 99.000%    8.70ms
 99.900%   14.02ms
 99.990%   16.53ms
 99.999%   20.33ms
100.000%   20.33ms

  Detailed Percentile spectrum:
       Value   Percentile   TotalCount 1/(1-Percentile)

       2.229     0.000000            1         1.00
       2.637     0.100000          795         1.11
       2.763     0.200000         1595         1.25
       2.873     0.300000         2400         1.43
       2.979     0.400000         3167         1.67
       3.093     0.500000         3963         2.00
       3.155     0.550000         4352         2.22
       3.239     0.600000         4751         2.50
       3.341     0.650000         5151         2.86
       3.467     0.700000         5542         3.33
       3.713     0.750000         5936         4.00
       3.911     0.775000         6132         4.44
       4.143     0.800000         6331         5.00
       4.423     0.825000         6528         5.71
       4.843     0.850000         6726         6.67
       5.231     0.875000         6925         8.00
       5.375     0.887500         7023         8.89
       5.523     0.900000         7124        10.00
       5.659     0.912500         7220        11.43
       5.803     0.925000         7322        13.33
       5.979     0.937500         7420        16.00
       6.079     0.943750         7467        17.78
       6.235     0.950000         7519        20.00
       6.383     0.956250         7567        22.86
       6.567     0.962500         7616        26.67
       6.811     0.968750         7665        32.00
       6.999     0.971875         7691        35.56
       7.215     0.975000         7716        40.00
       7.447     0.978125         7739        45.71
       7.755     0.981250         7764        53.33
       8.015     0.984375         7790        64.00
       8.247     0.985938         7801        71.11
       8.423     0.987500         7814        80.00
       8.631     0.989062         7827        91.43
       8.767     0.990625         7840       106.67
       9.127     0.992188         7851       128.00
       9.415     0.992969         7857       142.22
       9.679     0.993750         7863       160.00
      10.087     0.994531         7869       182.86
      10.463     0.995313         7875       213.33
      10.783     0.996094         7882       256.00
      10.975     0.996484         7885       284.44
      11.119     0.996875         7888       320.00
      11.255     0.997266         7891       365.71
      12.199     0.997656         7894       426.67
      12.935     0.998047         7897       512.00
      13.247     0.998242         7899       568.89
      13.295     0.998437         7900       640.00
      13.687     0.998633         7902       731.43
      13.775     0.998828         7903       853.33
      14.031     0.999023         7905      1024.00
      14.935     0.999121         7906      1137.78
      14.935     0.999219         7906      1280.00
      15.383     0.999316         7907      1462.86
      15.839     0.999414         7908      1706.67
      15.855     0.999512         7909      2048.00
      15.855     0.999561         7909      2275.56
      15.855     0.999609         7909      2560.00
      16.527     0.999658         7911      2925.71
      16.527     0.999707         7911      3413.33
      16.527     0.999756         7911      4096.00
      16.527     0.999780         7911      4551.11
      16.527     0.999805         7911      5120.00
      16.527     0.999829         7911      5851.43
      16.527     0.999854         7911      6826.67
      20.335     0.999878         7912      8192.00
      20.335     1.000000         7912          inf
#[Mean    =        3.592, StdDeviation   =        1.375]
#[Max     =       20.320, Total count    =         7912]
#[Buckets =           27, SubBuckets     =         2048]
----------------------------------------------------------
  11916 requests in 30.00s, 2.44MB read
Requests/sec:    397.19
Transfer/sec:     83.40KB
