Running 30s test @ http://localhost:8080/wrk2-api/post/compose
  1 threads and 16 connections
  Thread calibration: mean lat.: 753.816ms, rate sampling interval: 2797ms
  Thread Stats   Avg      Stdev     99%   +/- Stdev
    Latency     2.92s   959.03ms   5.22s    62.06%
    Req/Sec     1.35k    18.70     1.38k    57.14%
  Latency Distribution (HdrHistogram - Recorded Latency)
 50.000%    2.85s 
 75.000%    3.64s 
 90.000%    4.22s 
 99.000%    5.22s 
 99.900%    5.74s 
 99.990%    5.79s 
 99.999%    5.79s 
100.000%    5.79s 

  Detailed Percentile spectrum:
       Value   Percentile   TotalCount 1/(1-Percentile)

     787.455     0.000000            1         1.00
    1713.151     0.100000         2704         1.11
    1974.271     0.200000         5394         1.25
    2260.991     0.300000         8111         1.43
    2557.951     0.400000        10794         1.67
    2852.863     0.500000        13499         2.00
    2996.223     0.550000        14843         2.22
    3155.967     0.600000        16194         2.50
    3313.663     0.650000        17533         2.86
    3467.263     0.700000        18894         3.33
    3643.391     0.750000        20227         4.00
    3731.455     0.775000        20908         4.44
    3831.807     0.800000        21586         5.00
    3913.727     0.825000        22258         5.71
    4030.463     0.850000        22928         6.67
    4128.767     0.875000        23615         8.00
    4167.679     0.887500        23940         8.89
    4218.879     0.900000        24272        10.00
    4296.703     0.912500        24622        11.43
    4366.335     0.925000        24946        13.33
    4440.063     0.937500        25297        16.00
    4468.735     0.943750        25454        17.78
    4517.887     0.950000        25621        20.00
    4591.615     0.956250        25790        22.86
    4644.863     0.962500        25958        26.67
    4726.783     0.968750        26125        32.00
    4767.743     0.971875        26209        35.56
    4816.895     0.975000        26298        40.00
    4861.951     0.978125        26384        45.71
    4943.871     0.981250        26461        53.33
    5013.503     0.984375        26545        64.00
    5058.559     0.985938        26588        71.11
    5136.383     0.987500        26629        80.00
    5185.535     0.989062        26672        91.43
    5242.879     0.990625        26715       106.67
    5410.815     0.992188        26760       128.00
    5427.199     0.992969        26783       142.22
    5439.487     0.993750        26799       160.00
    5464.063     0.994531        26820       182.86
    5521.407     0.995313        26843       213.33
    5545.983     0.996094        26861       256.00
    5562.367     0.996484        26873       284.44
    5619.711     0.996875        26883       320.00
    5636.095     0.997266        26896       365.71
    5644.287     0.997656        26904       426.67
    5677.055     0.998047        26914       512.00
    5693.439     0.998242        26919       568.89
    5718.015     0.998437        26924       640.00
    5734.399     0.998633        26932       731.43
    5738.495     0.998828        26935       853.33
    5742.591     0.999023        26941      1024.00
    5746.687     0.999121        26944      1137.78
    5750.783     0.999219        26947      1280.00
    5754.879     0.999316        26950      1462.86
    5758.975     0.999414        26951      1706.67
    5763.071     0.999512        26953      2048.00
    5771.263     0.999561        26955      2275.56
    5775.359     0.999609        26957      2560.00
    5775.359     0.999658        26957      2925.71
    5783.551     0.999707        26961      3413.33
    5783.551     0.999756        26961      4096.00
    5783.551     0.999780        26961      4551.11
    5783.551     0.999805        26961      5120.00
    5787.647     0.999829        26964      5851.43
    5787.647     0.999854        26964      6826.67
    5787.647     0.999878        26964      8192.00
    5787.647     0.999890        26964      9102.22
    5787.647     0.999902        26964     10240.00
    5787.647     0.999915        26964     11702.86
    5791.743     0.999927        26966     13653.33
    5791.743     1.000000        26966          inf
#[Mean    =     2920.998, StdDeviation   =      959.029]
#[Max     =     5787.648, Total count    =        26966]
#[Buckets =           27, SubBuckets     =         2048]
----------------------------------------------------------
  38992 requests in 30.00s, 7.99MB read
Requests/sec:   1299.74
Transfer/sec:    272.89KB
