Running 30s test @ http://localhost:8080/wrk2-api/post/compose
  1 threads and 13 connections
  Thread calibration: mean lat.: 11.201ms, rate sampling interval: 42ms
  Thread Stats   Avg      Stdev     99%   +/- Stdev
    Latency     9.81ms    9.02ms  47.46ms   88.78%
    Req/Sec     1.31k   146.14     1.57k    70.11%
  Latency Distribution (HdrHistogram - Recorded Latency)
 50.000%    6.68ms
 75.000%   11.45ms
 90.000%   20.14ms
 99.000%   47.46ms
 99.900%   69.50ms
 99.990%   80.00ms
 99.999%   84.03ms
100.000%   84.03ms

  Detailed Percentile spectrum:
       Value   Percentile   TotalCount 1/(1-Percentile)

       2.139     0.000000            1         1.00
       3.339     0.100000         2589         1.11
       3.999     0.200000         5180         1.25
       4.723     0.300000         7760         1.43
       5.623     0.400000        10343         1.67
       6.683     0.500000        12936         2.00
       7.319     0.550000        14221         2.22
       8.127     0.600000        15515         2.50
       8.999     0.650000        16816         2.86
      10.119     0.700000        18109         3.33
      11.447     0.750000        19392         4.00
      12.359     0.775000        20043         4.44
      13.295     0.800000        20685         5.00
      14.479     0.825000        21332         5.71
      15.975     0.850000        21978         6.67
      17.743     0.875000        22624         8.00
      18.831     0.887500        22949         8.89
      20.143     0.900000        23273        10.00
      21.551     0.912500        23597        11.43
      23.167     0.925000        23917        13.33
      25.311     0.937500        24240        16.00
      26.751     0.943750        24406        17.78
      28.015     0.950000        24565        20.00
      29.727     0.956250        24729        22.86
      31.759     0.962500        24887        26.67
      33.983     0.968750        25048        32.00
      35.455     0.971875        25131        35.56
      36.959     0.975000        25211        40.00
      38.655     0.978125        25291        45.71
      40.543     0.981250        25374        53.33
      42.719     0.984375        25453        64.00
      43.935     0.985938        25493        71.11
      45.439     0.987500        25533        80.00
      46.591     0.989062        25574        91.43
      48.223     0.990625        25614       106.67
      50.079     0.992188        25654       128.00
      51.039     0.992969        25675       142.22
      52.895     0.993750        25695       160.00
      54.431     0.994531        25715       182.86
      56.191     0.995313        25735       213.33
      57.823     0.996094        25755       256.00
      59.327     0.996484        25766       284.44
      60.703     0.996875        25776       320.00
      62.047     0.997266        25786       365.71
      63.519     0.997656        25796       426.67
      65.599     0.998047        25806       512.00
      65.919     0.998242        25811       568.89
      66.687     0.998437        25816       640.00
      67.519     0.998633        25821       731.43
      68.863     0.998828        25826       853.33
      70.207     0.999023        25831      1024.00
      70.527     0.999121        25834      1137.78
      71.743     0.999219        25836      1280.00
      73.023     0.999316        25839      1462.86
      73.535     0.999414        25841      1706.67
      73.983     0.999512        25844      2048.00
      74.687     0.999561        25845      2275.56
      74.751     0.999609        25846      2560.00
      75.455     0.999658        25848      2925.71
      76.287     0.999707        25849      3413.33
      77.119     0.999756        25851      4096.00
      77.119     0.999780        25851      4551.11
      77.119     0.999805        25851      5120.00
      78.079     0.999829        25852      5851.43
      79.999     0.999854        25853      6826.67
      79.999     0.999878        25853      8192.00
      81.471     0.999890        25854      9102.22
      81.471     0.999902        25854     10240.00
      81.471     0.999915        25854     11702.86
      82.879     0.999927        25855     13653.33
      82.879     0.999939        25855     16384.00
      82.879     0.999945        25855     18204.44
      82.879     0.999951        25855     20480.00
      82.879     0.999957        25855     23405.71
      84.031     0.999963        25856     27306.67
      84.031     1.000000        25856          inf
#[Mean    =        9.815, StdDeviation   =        9.024]
#[Max     =       83.968, Total count    =        25856]
#[Buckets =           27, SubBuckets     =         2048]
----------------------------------------------------------
  38788 requests in 30.00s, 7.95MB read
Requests/sec:   1292.96
Transfer/sec:    271.47KB
