Running 30s test @ http://localhost:8080/wrk2-api/post/compose
  1 threads and 2 connections
  Thread calibration: mean lat.: 4.269ms, rate sampling interval: 13ms
  Thread Stats   Avg      Stdev     99%   +/- Stdev
    Latency     3.97ms    2.43ms  14.81ms   92.10%
    Req/Sec   206.83    120.68   538.00     56.73%
  Latency Distribution (HdrHistogram - Recorded Latency)
 50.000%    3.18ms
 75.000%    3.99ms
 90.000%    5.99ms
 99.000%   14.81ms
 99.900%   26.64ms
 99.990%   33.79ms
 99.999%   33.79ms
100.000%   33.79ms

  Detailed Percentile spectrum:
       Value   Percentile   TotalCount 1/(1-Percentile)

       2.239     0.000000            1         1.00
       2.677     0.100000          403         1.11
       2.825     0.200000          806         1.25
       2.941     0.300000         1197         1.43
       3.059     0.400000         1601         1.67
       3.183     0.500000         1998         2.00
       3.249     0.550000         2197         2.22
       3.329     0.600000         2394         2.50
       3.447     0.650000         2593         2.86
       3.637     0.700000         2794         3.33
       3.995     0.750000         2992         4.00
       4.327     0.775000         3093         4.44
       4.667     0.800000         3193         5.00
       5.027     0.825000         3291         5.71
       5.331     0.850000         3392         6.67
       5.667     0.875000         3492         8.00
       5.827     0.887500         3542         8.89
       5.991     0.900000         3593        10.00
       6.219     0.912500         3640        11.43
       6.511     0.925000         3690        13.33
       6.871     0.937500         3740        16.00
       7.131     0.943750         3765        17.78
       7.607     0.950000         3790        20.00
       8.095     0.956250         3815        22.86
       8.487     0.962500         3841        26.67
       8.967     0.968750         3865        32.00
       9.295     0.971875         3877        35.56
       9.783     0.975000         3890        40.00
      10.383     0.978125         3902        45.71
      10.991     0.981250         3915        53.33
      11.967     0.984375         3927        64.00
      12.679     0.985938         3933        71.11
      13.351     0.987500         3940        80.00
      14.479     0.989062         3946        91.43
      15.383     0.990625         3952       106.67
      17.119     0.992188         3958       128.00
      18.303     0.992969         3961       142.22
      19.743     0.993750         3965       160.00
      20.415     0.994531         3968       182.86
      21.983     0.995313         3971       213.33
      22.415     0.996094         3974       256.00
      22.639     0.996484         3975       284.44
      23.455     0.996875         3977       320.00
      24.111     0.997266         3979       365.71
      24.767     0.997656         3980       426.67
      25.167     0.998047         3982       512.00
      25.167     0.998242         3982       568.89
      25.423     0.998437         3983       640.00
      26.063     0.998633         3984       731.43
      26.639     0.998828         3985       853.33
      27.199     0.999023         3986      1024.00
      27.199     0.999121         3986      1137.78
      27.199     0.999219         3986      1280.00
      27.503     0.999316         3987      1462.86
      27.503     0.999414         3987      1706.67
      28.127     0.999512         3988      2048.00
      28.127     0.999561         3988      2275.56
      28.127     0.999609         3988      2560.00
      28.127     0.999658         3988      2925.71
      28.127     0.999707         3988      3413.33
      33.791     0.999756         3989      4096.00
      33.791     1.000000         3989          inf
#[Mean    =        3.972, StdDeviation   =        2.434]
#[Max     =       33.760, Total count    =         3989]
#[Buckets =           27, SubBuckets     =         2048]
----------------------------------------------------------
  5992 requests in 30.00s, 1.23MB read
Requests/sec:    199.72
Transfer/sec:     41.93KB
