Running 30s test @ http://localhost:8080/wrk2-api/post/compose
  1 threads and 14 connections
  Thread calibration: mean lat.: 161.596ms, rate sampling interval: 638ms
  Thread Stats   Avg      Stdev     99%   +/- Stdev
    Latency   534.40ms  344.21ms   1.46s    66.41%
    Req/Sec     1.34k    26.03     1.40k    70.97%
  Latency Distribution (HdrHistogram - Recorded Latency)
 50.000%  509.70ms
 75.000%  712.70ms
 90.000%    1.09s 
 99.000%    1.46s 
 99.900%    1.71s 
 99.990%    1.74s 
 99.999%    1.76s 
100.000%    1.76s 

  Detailed Percentile spectrum:
       Value   Percentile   TotalCount 1/(1-Percentile)

       4.607     0.000000            1         1.00
     111.231     0.100000         2680         1.11
     206.335     0.200000         5358         1.25
     313.599     0.300000         8044         1.43
     421.119     0.400000        10719         1.67
     509.695     0.500000        13396         2.00
     552.447     0.550000        14736         2.22
     588.287     0.600000        16084         2.50
     624.639     0.650000        17418         2.86
     666.111     0.700000        18757         3.33
     712.703     0.750000        20097         4.00
     739.327     0.775000        20770         4.44
     771.583     0.800000        21439         5.00
     817.663     0.825000        22102         5.71
     889.343     0.850000        22772         6.67
     973.823     0.875000        23443         8.00
    1032.703     0.887500        23778         8.89
    1087.487     0.900000        24117        10.00
    1122.303     0.912500        24451        11.43
    1149.951     0.925000        24783        13.33
    1175.551     0.937500        25123        16.00
    1188.863     0.943750        25290        17.78
    1200.127     0.950000        25451        20.00
    1216.511     0.956250        25626        22.86
    1232.895     0.962500        25797        26.67
    1248.255     0.968750        25958        32.00
    1260.543     0.971875        26042        35.56
    1270.783     0.975000        26125        40.00
    1284.095     0.978125        26206        45.71
    1301.503     0.981250        26290        53.33
    1330.175     0.984375        26373        64.00
    1371.135     0.985938        26414        71.11
    1409.023     0.987500        26457        80.00
    1441.791     0.989062        26497        91.43
    1468.415     0.990625        26540       106.67
    1525.759     0.992188        26581       128.00
    1539.071     0.992969        26603       142.22
    1550.335     0.993750        26623       160.00
    1583.103     0.994531        26644       182.86
    1613.823     0.995313        26665       213.33
    1633.279     0.996094        26686       256.00
    1641.471     0.996484        26696       284.44
    1650.687     0.996875        26707       320.00
    1656.831     0.997266        26717       365.71
    1666.047     0.997656        26730       426.67
    1672.191     0.998047        26738       512.00
    1678.335     0.998242        26745       568.89
    1684.479     0.998437        26749       640.00
    1699.839     0.998633        26754       731.43
    1707.007     0.998828        26759       853.33
    1712.127     0.999023        26765      1024.00
    1717.247     0.999121        26767      1137.78
    1720.319     0.999219        26771      1280.00
    1723.391     0.999316        26773      1462.86
    1725.439     0.999414        26775      1706.67
    1728.511     0.999512        26777      2048.00
    1730.559     0.999561        26780      2275.56
    1730.559     0.999609        26780      2560.00
    1731.583     0.999658        26781      2925.71
    1734.655     0.999707        26783      3413.33
    1738.751     0.999756        26784      4096.00
    1740.799     0.999780        26786      4551.11
    1740.799     0.999805        26786      5120.00
    1740.799     0.999829        26786      5851.43
    1742.847     0.999854        26787      6826.67
    1742.847     0.999878        26787      8192.00
    1745.919     0.999890        26788      9102.22
    1745.919     0.999902        26788     10240.00
    1745.919     0.999915        26788     11702.86
    1748.991     0.999927        26789     13653.33
    1748.991     0.999939        26789     16384.00
    1748.991     0.999945        26789     18204.44
    1748.991     0.999951        26789     20480.00
    1748.991     0.999957        26789     23405.71
    1760.255     0.999963        26790     27306.67
    1760.255     1.000000        26790          inf
#[Mean    =      534.403, StdDeviation   =      344.207]
#[Max     =     1759.232, Total count    =        26790]
#[Buckets =           27, SubBuckets     =         2048]
----------------------------------------------------------
  40446 requests in 30.00s, 8.29MB read
Requests/sec:   1348.14
Transfer/sec:    283.06KB
