Running 30s test @ http://localhost:8080/wrk2-api/post/compose
  1 threads and 3 connections
  Thread calibration: mean lat.: 3.898ms, rate sampling interval: 12ms
  Thread Stats   Avg      Stdev     99%   +/- Stdev
    Latency     3.62ms    1.46ms   9.48ms   86.26%
    Req/Sec   310.96    158.91   727.00     73.33%
  Latency Distribution (HdrHistogram - Recorded Latency)
 50.000%    3.08ms
 75.000%    3.64ms
 90.000%    5.58ms
 99.000%    9.48ms
 99.900%   14.89ms
 99.990%   17.31ms
 99.999%   17.74ms
100.000%   17.74ms

  Detailed Percentile spectrum:
       Value   Percentile   TotalCount 1/(1-Percentile)

       2.215     0.000000            1         1.00
       2.641     0.100000          596         1.11
       2.775     0.200000         1202         1.25
       2.881     0.300000         1793         1.43
       2.977     0.400000         2388         1.67
       3.083     0.500000         2982         2.00
       3.149     0.550000         3281         2.22
       3.227     0.600000         3578         2.50
       3.313     0.650000         3876         2.86
       3.433     0.700000         4173         3.33
       3.645     0.750000         4475         4.00
       3.841     0.775000         4621         4.44
       4.135     0.800000         4771         5.00
       4.463     0.825000         4919         5.71
       4.883     0.850000         5067         6.67
       5.259     0.875000         5215         8.00
       5.439     0.887500         5289         8.89
       5.579     0.900000         5364        10.00
       5.695     0.912500         5439        11.43
       5.851     0.925000         5513        13.33
       6.051     0.937500         5590        16.00
       6.183     0.943750         5625        17.78
       6.307     0.950000         5662        20.00
       6.531     0.956250         5699        22.86
       6.791     0.962500         5736        26.67
       7.059     0.968750         5773        32.00
       7.467     0.971875         5793        35.56
       7.711     0.975000         5811        40.00
       7.899     0.978125         5829        45.71
       8.223     0.981250         5848        53.33
       8.527     0.984375         5866        64.00
       8.919     0.985938         5878        71.11
       9.151     0.987500         5885        80.00
       9.391     0.989062         5894        91.43
       9.679     0.990625         5904       106.67
       9.975     0.992188         5913       128.00
      10.655     0.992969         5918       142.22
      10.831     0.993750         5922       160.00
      11.079     0.994531         5927       182.86
      11.351     0.995313         5932       213.33
      11.735     0.996094         5936       256.00
      11.943     0.996484         5939       284.44
      12.023     0.996875         5941       320.00
      12.111     0.997266         5943       365.71
      12.479     0.997656         5946       426.67
      12.823     0.998047         5948       512.00
      13.071     0.998242         5949       568.89
      13.375     0.998437         5950       640.00
      14.047     0.998633         5951       731.43
      14.887     0.998828         5953       853.33
      14.919     0.999023         5954      1024.00
      14.919     0.999121         5954      1137.78
      15.831     0.999219         5955      1280.00
      15.831     0.999316         5955      1462.86
      16.591     0.999414         5956      1706.67
      17.023     0.999512         5957      2048.00
      17.023     0.999561         5957      2275.56
      17.023     0.999609         5957      2560.00
      17.023     0.999658         5957      2925.71
      17.311     0.999707         5958      3413.33
      17.311     0.999756         5958      4096.00
      17.311     0.999780         5958      4551.11
      17.311     0.999805         5958      5120.00
      17.311     0.999829         5958      5851.43
      17.743     0.999854         5959      6826.67
      17.743     1.000000         5959          inf
#[Mean    =        3.615, StdDeviation   =        1.464]
#[Max     =       17.728, Total count    =         5959]
#[Buckets =           27, SubBuckets     =         2048]
----------------------------------------------------------
  8959 requests in 30.00s, 1.84MB read
Requests/sec:    298.59
Transfer/sec:     62.69KB
