Running 30s test @ http://localhost:8080/wrk2-api/post/compose
  1 threads and 8 connections
  Thread calibration: mean lat.: 4.069ms, rate sampling interval: 12ms
  Thread Stats   Avg      Stdev     99%   +/- Stdev
    Latency     3.97ms    1.77ms  10.33ms   87.14%
    Req/Sec   831.02    251.49     1.42k    70.10%
  Latency Distribution (HdrHistogram - Recorded Latency)
 50.000%    3.33ms
 75.000%    4.42ms
 90.000%    6.16ms
 99.000%   10.33ms
 99.900%   18.14ms
 99.990%   24.22ms
 99.999%   25.31ms
100.000%   25.31ms

  Detailed Percentile spectrum:
       Value   Percentile   TotalCount 1/(1-Percentile)

       2.097     0.000000            1         1.00
       2.637     0.100000         1593         1.11
       2.815     0.200000         3191         1.25
       2.975     0.300000         4784         1.43
       3.139     0.400000         6385         1.67
       3.333     0.500000         7958         2.00
       3.463     0.550000         8752         2.22
       3.609     0.600000         9544         2.50
       3.799     0.650000        10339         2.86
       4.059     0.700000        11140         3.33
       4.423     0.750000        11930         4.00
       4.663     0.775000        12330         4.44
       4.959     0.800000        12725         5.00
       5.223     0.825000        13125         5.71
       5.499     0.850000        13523         6.67
       5.795     0.875000        13919         8.00
       5.987     0.887500        14118         8.89
       6.167     0.900000        14318        10.00
       6.359     0.912500        14516        11.43
       6.583     0.925000        14717        13.33
       6.879     0.937500        14912        16.00
       7.067     0.943750        15012        17.78
       7.279     0.950000        15112        20.00
       7.579     0.956250        15212        22.86
       7.871     0.962500        15310        26.67
       8.223     0.968750        15411        32.00
       8.423     0.971875        15459        35.56
       8.655     0.975000        15510        40.00
       8.927     0.978125        15559        45.71
       9.215     0.981250        15608        53.33
       9.487     0.984375        15658        64.00
       9.711     0.985938        15683        71.11
       9.991     0.987500        15708        80.00
      10.199     0.989062        15733        91.43
      10.519     0.990625        15758       106.67
      10.967     0.992188        15782       128.00
      11.207     0.992969        15796       142.22
      11.423     0.993750        15807       160.00
      12.015     0.994531        15821       182.86
      12.263     0.995313        15833       213.33
      12.863     0.996094        15844       256.00
      13.287     0.996484        15851       284.44
      13.967     0.996875        15857       320.00
      14.463     0.997266        15863       365.71
      15.231     0.997656        15869       426.67
      16.047     0.998047        15875       512.00
      16.415     0.998242        15879       568.89
      16.783     0.998437        15882       640.00
      17.647     0.998633        15885       731.43
      18.047     0.998828        15888       853.33
      18.367     0.999023        15891      1024.00
      18.847     0.999121        15893      1137.78
      19.263     0.999219        15894      1280.00
      19.919     0.999316        15896      1462.86
      20.207     0.999414        15897      1706.67
      20.495     0.999512        15899      2048.00
      20.703     0.999561        15900      2275.56
      20.703     0.999609        15900      2560.00
      20.975     0.999658        15901      2925.71
      22.255     0.999707        15902      3413.33
      23.679     0.999756        15903      4096.00
      23.679     0.999780        15903      4551.11
      23.679     0.999805        15903      5120.00
      24.223     0.999829        15904      5851.43
      24.223     0.999854        15904      6826.67
      24.447     0.999878        15905      8192.00
      24.447     0.999890        15905      9102.22
      24.447     0.999902        15905     10240.00
      24.447     0.999915        15905     11702.86
      24.447     0.999927        15905     13653.33
      25.311     0.999939        15906     16384.00
      25.311     1.000000        15906          inf
#[Mean    =        3.970, StdDeviation   =        1.771]
#[Max     =       25.296, Total count    =        15906]
#[Buckets =           27, SubBuckets     =         2048]
----------------------------------------------------------
  23887 requests in 30.00s, 4.90MB read
Requests/sec:    796.19
Transfer/sec:    167.17KB
