Running 30s test @ http://localhost:8080/wrk2-api/post/compose
  1 threads and 7 connections
  Thread calibration: mean lat.: 3.883ms, rate sampling interval: 11ms
  Thread Stats   Avg      Stdev     99%   +/- Stdev
    Latency     3.78ms    1.50ms   9.41ms   85.62%
    Req/Sec   722.41    250.51     1.30k    65.23%
  Latency Distribution (HdrHistogram - Recorded Latency)
 50.000%    3.21ms
 75.000%    4.14ms
 90.000%    5.79ms
 99.000%    9.41ms
 99.900%   13.98ms
 99.990%   17.97ms
 99.999%   19.10ms
100.000%   19.10ms

  Detailed Percentile spectrum:
       Value   Percentile   TotalCount 1/(1-Percentile)

       2.187     0.000000            1         1.00
       2.627     0.100000         1389         1.11
       2.777     0.200000         2764         1.25
       2.909     0.300000         4148         1.43
       3.053     0.400000         5524         1.67
       3.215     0.500000         6907         2.00
       3.313     0.550000         7586         2.22
       3.439     0.600000         8277         2.50
       3.599     0.650000         8971         2.86
       3.803     0.700000         9656         3.33
       4.139     0.750000        10344         4.00
       4.359     0.775000        10690         4.44
       4.623     0.800000        11035         5.00
       4.911     0.825000        11380         5.71
       5.191     0.850000        11726         6.67
       5.483     0.875000        12071         8.00
       5.631     0.887500        12242         8.89
       5.791     0.900000        12415        10.00
       5.967     0.912500        12594        11.43
       6.187     0.925000        12759        13.33
       6.443     0.937500        12936        16.00
       6.563     0.943750        13017        17.78
       6.787     0.950000        13104        20.00
       6.959     0.956250        13190        22.86
       7.215     0.962500        13276        26.67
       7.535     0.968750        13361        32.00
       7.731     0.971875        13405        35.56
       7.939     0.975000        13449        40.00
       8.123     0.978125        13492        45.71
       8.383     0.981250        13534        53.33
       8.679     0.984375        13577        64.00
       8.879     0.985938        13600        71.11
       9.039     0.987500        13620        80.00
       9.255     0.989062        13642        91.43
       9.479     0.990625        13663       106.67
       9.775     0.992188        13686       128.00
       9.975     0.992969        13697       142.22
      10.039     0.993750        13706       160.00
      10.199     0.994531        13717       182.86
      10.463     0.995313        13728       213.33
      10.687     0.996094        13739       256.00
      10.847     0.996484        13744       284.44
      11.111     0.996875        13749       320.00
      11.463     0.997266        13755       365.71
      11.935     0.997656        13760       426.67
      12.671     0.998047        13766       512.00
      12.727     0.998242        13768       568.89
      12.863     0.998437        13771       640.00
      13.543     0.998633        13774       731.43
      13.631     0.998828        13776       853.33
      14.423     0.999023        13779      1024.00
      14.599     0.999121        13780      1137.78
      14.807     0.999219        13782      1280.00
      15.375     0.999316        13783      1462.86
      15.535     0.999414        13785      1706.67
      15.559     0.999512        13786      2048.00
      15.559     0.999561        13786      2275.56
      15.567     0.999609        13787      2560.00
      16.151     0.999658        13788      2925.71
      16.151     0.999707        13788      3413.33
      16.367     0.999756        13789      4096.00
      16.367     0.999780        13789      4551.11
      16.671     0.999805        13790      5120.00
      16.671     0.999829        13790      5851.43
      16.671     0.999854        13790      6826.67
      17.967     0.999878        13791      8192.00
      17.967     0.999890        13791      9102.22
      17.967     0.999902        13791     10240.00
      17.967     0.999915        13791     11702.86
      17.967     0.999927        13791     13653.33
      19.103     0.999939        13792     16384.00
      19.103     1.000000        13792          inf
#[Mean    =        3.776, StdDeviation   =        1.504]
#[Max     =       19.088, Total count    =        13792]
#[Buckets =           27, SubBuckets     =         2048]
----------------------------------------------------------
  20767 requests in 30.00s, 4.26MB read
Requests/sec:    692.23
Transfer/sec:    145.34KB
