Running 30s test @ http://localhost:8080/wrk2-api/post/compose
  1 threads and 6 connections
  Thread calibration: mean lat.: 3.800ms, rate sampling interval: 11ms
  Thread Stats   Avg      Stdev     99%   +/- Stdev
    Latency     3.70ms    1.41ms   9.00ms   85.32%
    Req/Sec   623.28    225.72     1.18k    71.37%
  Latency Distribution (HdrHistogram - Recorded Latency)
 50.000%    3.17ms
 75.000%    3.94ms
 90.000%    5.67ms
 99.000%    9.00ms
 99.900%   13.11ms
 99.990%   17.69ms
 99.999%   20.37ms
100.000%   20.37ms

  Detailed Percentile spectrum:
       Value   Percentile   TotalCount 1/(1-Percentile)

       2.185     0.000000            1         1.00
       2.635     0.100000         1195         1.11
       2.789     0.200000         2385         1.25
       2.913     0.300000         3572         1.43
       3.033     0.400000         4769         1.67
       3.175     0.500000         5951         2.00
       3.261     0.550000         6554         2.22
       3.359     0.600000         7141         2.50
       3.485     0.650000         7732         2.86
       3.673     0.700000         8330         3.33
       3.945     0.750000         8925         4.00
       4.151     0.775000         9221         4.44
       4.399     0.800000         9518         5.00
       4.719     0.825000         9814         5.71
       5.031     0.850000        10112         6.67
       5.355     0.875000        10410         8.00
       5.503     0.887500        10556         8.89
       5.667     0.900000        10708        10.00
       5.831     0.912500        10856        11.43
       5.999     0.925000        11002        13.33
       6.231     0.937500        11152        16.00
       6.379     0.943750        11228        17.78
       6.523     0.950000        11302        20.00
       6.675     0.956250        11374        22.86
       6.875     0.962500        11448        26.67
       7.159     0.968750        11523        32.00
       7.323     0.971875        11560        35.56
       7.551     0.975000        11597        40.00
       7.751     0.978125        11634        45.71
       8.007     0.981250        11672        53.33
       8.247     0.984375        11711        64.00
       8.383     0.985938        11728        71.11
       8.615     0.987500        11746        80.00
       8.823     0.989062        11764        91.43
       9.135     0.990625        11783       106.67
       9.319     0.992188        11802       128.00
       9.535     0.992969        11811       142.22
       9.647     0.993750        11820       160.00
       9.775     0.994531        11829       182.86
      10.111     0.995313        11839       213.33
      10.439     0.996094        11848       256.00
      10.607     0.996484        11853       284.44
      10.743     0.996875        11859       320.00
      10.911     0.997266        11862       365.71
      11.319     0.997656        11867       426.67
      11.575     0.998047        11871       512.00
      11.767     0.998242        11874       568.89
      11.911     0.998437        11876       640.00
      12.183     0.998633        11878       731.43
      12.575     0.998828        11881       853.33
      13.415     0.999023        11883      1024.00
      13.591     0.999121        11884      1137.78
      14.063     0.999219        11885      1280.00
      14.087     0.999316        11886      1462.86
      14.743     0.999414        11888      1706.67
      15.183     0.999512        11889      2048.00
      15.183     0.999561        11889      2275.56
      15.487     0.999609        11890      2560.00
      15.487     0.999658        11890      2925.71
      15.511     0.999707        11891      3413.33
      15.759     0.999756        11892      4096.00
      15.759     0.999780        11892      4551.11
      15.759     0.999805        11892      5120.00
      15.759     0.999829        11892      5851.43
      17.695     0.999854        11893      6826.67
      17.695     0.999878        11893      8192.00
      17.695     0.999890        11893      9102.22
      17.695     0.999902        11893     10240.00
      17.695     0.999915        11893     11702.86
      20.367     0.999927        11894     13653.33
      20.367     1.000000        11894          inf
#[Mean    =        3.696, StdDeviation   =        1.410]
#[Max     =       20.352, Total count    =        11894]
#[Buckets =           27, SubBuckets     =         2048]
----------------------------------------------------------
  17889 requests in 30.00s, 3.67MB read
Requests/sec:    596.29
Transfer/sec:    125.20KB
