Running 30s test @ http://localhost:8080/wrk2-api/post/compose
  1 threads and 9 connections
  Thread calibration: mean lat.: 4.390ms, rate sampling interval: 13ms
  Thread Stats   Avg      Stdev     99%   +/- Stdev
    Latency     4.26ms    1.90ms  11.45ms   85.96%
    Req/Sec     0.93k   250.41     1.50k    69.37%
  Latency Distribution (HdrHistogram - Recorded Latency)
 50.000%    3.57ms
 75.000%    4.88ms
 90.000%    6.73ms
 99.000%   11.45ms
 99.900%   15.90ms
 99.990%   20.03ms
 99.999%   23.95ms
100.000%   23.95ms

  Detailed Percentile spectrum:
       Value   Percentile   TotalCount 1/(1-Percentile)

       2.069     0.000000            1         1.00
       2.729     0.100000         1799         1.11
       2.927     0.200000         3593         1.25
       3.111     0.300000         5375         1.43
       3.311     0.400000         7158         1.67
       3.567     0.500000         8958         2.00
       3.727     0.550000         9845         2.22
       3.917     0.600000        10745         2.50
       4.155     0.650000        11633         2.86
       4.463     0.700000        12536         3.33
       4.875     0.750000        13421         4.00
       5.115     0.775000        13870         4.44
       5.395     0.800000        14314         5.00
       5.683     0.825000        14764         5.71
       5.967     0.850000        15209         6.67
       6.307     0.875000        15659         8.00
       6.499     0.887500        15882         8.89
       6.731     0.900000        16104        10.00
       6.979     0.912500        16328        11.43
       7.275     0.925000        16552        13.33
       7.627     0.937500        16774        16.00
       7.851     0.943750        16886        17.78
       8.079     0.950000        16998        20.00
       8.343     0.956250        17111        22.86
       8.655     0.962500        17223        26.67
       9.071     0.968750        17334        32.00
       9.271     0.971875        17391        35.56
       9.495     0.975000        17447        40.00
       9.775     0.978125        17501        45.71
      10.119     0.981250        17559        53.33
      10.455     0.984375        17613        64.00
      10.671     0.985938        17641        71.11
      10.935     0.987500        17669        80.00
      11.271     0.989062        17697        91.43
      11.583     0.990625        17725       106.67
      11.951     0.992188        17753       128.00
      12.103     0.992969        17767       142.22
      12.439     0.993750        17781       160.00
      12.687     0.994531        17795       182.86
      12.991     0.995313        17809       213.33
      13.303     0.996094        17823       256.00
      13.423     0.996484        17830       284.44
      13.607     0.996875        17837       320.00
      13.759     0.997266        17844       365.71
      13.951     0.997656        17851       426.67
      14.303     0.998047        17858       512.00
      14.575     0.998242        17861       568.89
      15.087     0.998437        17865       640.00
      15.527     0.998633        17868       731.43
      15.679     0.998828        17872       853.33
      16.047     0.999023        17875      1024.00
      16.847     0.999121        17877      1137.78
      16.879     0.999219        17880      1280.00
      16.879     0.999316        17880      1462.86
      17.023     0.999414        17882      1706.67
      17.407     0.999512        17884      2048.00
      17.503     0.999561        17885      2275.56
      17.647     0.999609        17886      2560.00
      17.647     0.999658        17886      2925.71
      18.207     0.999707        17887      3413.33
      19.183     0.999756        17888      4096.00
      20.015     0.999780        17889      4551.11
      20.015     0.999805        17889      5120.00
      20.015     0.999829        17889      5851.43
      20.031     0.999854        17890      6826.67
      20.031     0.999878        17890      8192.00
      21.647     0.999890        17891      9102.22
      21.647     0.999902        17891     10240.00
      21.647     0.999915        17891     11702.86
      21.647     0.999927        17891     13653.33
      21.647     0.999939        17891     16384.00
      23.951     0.999945        17892     18204.44
      23.951     1.000000        17892          inf
#[Mean    =        4.258, StdDeviation   =        1.903]
#[Max     =       23.936, Total count    =        17892]
#[Buckets =           27, SubBuckets     =         2048]
----------------------------------------------------------
  26852 requests in 30.00s, 5.51MB read
Requests/sec:    895.07
Transfer/sec:    187.93KB
