Running 30s test @ http://localhost:8080/wrk2-api/post/compose
  1 threads and 12 connections
  Thread calibration: mean lat.: 6.238ms, rate sampling interval: 21ms
  Thread Stats   Avg      Stdev     99%   +/- Stdev
    Latency     5.85ms    4.07ms  20.91ms   89.80%
    Req/Sec     1.22k   209.57     1.65k    65.47%
  Latency Distribution (HdrHistogram - Recorded Latency)
 50.000%    4.61ms
 75.000%    6.80ms
 90.000%   10.03ms
 99.000%   20.91ms
 99.900%   46.69ms
 99.990%   64.10ms
 99.999%   66.11ms
100.000%   66.11ms

  Detailed Percentile spectrum:
       Value   Percentile   TotalCount 1/(1-Percentile)

       2.105     0.000000            1         1.00
       2.937     0.100000         2403         1.11
       3.289     0.200000         4786         1.25
       3.659     0.300000         7172         1.43
       4.071     0.400000         9560         1.67
       4.611     0.500000        11955         2.00
       4.931     0.550000        13143         2.22
       5.307     0.600000        14346         2.50
       5.731     0.650000        15533         2.86
       6.219     0.700000        16721         3.33
       6.799     0.750000        17917         4.00
       7.135     0.775000        18518         4.44
       7.519     0.800000        19110         5.00
       7.983     0.825000        19708         5.71
       8.519     0.850000        20312         6.67
       9.207     0.875000        20906         8.00
       9.599     0.887500        21211         8.89
      10.031     0.900000        21498        10.00
      10.535     0.912500        21799        11.43
      11.191     0.925000        22095        13.33
      11.951     0.937500        22394        16.00
      12.375     0.943750        22543        17.78
      12.871     0.950000        22693        20.00
      13.391     0.956250        22841        22.86
      14.151     0.962500        22991        26.67
      14.879     0.968750        23142        32.00
      15.479     0.971875        23215        35.56
      16.143     0.975000        23290        40.00
      16.847     0.978125        23364        45.71
      17.663     0.981250        23441        53.33
      18.543     0.984375        23513        64.00
      19.135     0.985938        23552        71.11
      19.823     0.987500        23590        80.00
      20.447     0.989062        23625        91.43
      21.247     0.990625        23663       106.67
      22.399     0.992188        23700       128.00
      23.103     0.992969        23719       142.22
      23.871     0.993750        23737       160.00
      24.735     0.994531        23756       182.86
      25.967     0.995313        23775       213.33
      27.039     0.996094        23793       256.00
      27.615     0.996484        23804       284.44
      30.239     0.996875        23812       320.00
      32.415     0.997266        23821       365.71
      36.415     0.997656        23831       426.67
      37.759     0.998047        23840       512.00
      38.399     0.998242        23845       568.89
      39.775     0.998437        23849       640.00
      42.975     0.998633        23854       731.43
      46.399     0.998828        23859       853.33
      47.199     0.999023        23863      1024.00
      49.727     0.999121        23866      1137.78
      50.751     0.999219        23868      1280.00
      53.791     0.999316        23870      1462.86
      55.775     0.999414        23873      1706.67
      56.383     0.999512        23875      2048.00
      56.543     0.999561        23876      2275.56
      56.831     0.999609        23877      2560.00
      56.895     0.999658        23878      2925.71
      58.879     0.999707        23880      3413.33
      59.327     0.999756        23881      4096.00
      59.327     0.999780        23881      4551.11
      61.215     0.999805        23882      5120.00
      61.215     0.999829        23882      5851.43
      63.359     0.999854        23883      6826.67
      64.095     0.999878        23884      8192.00
      64.095     0.999890        23884      9102.22
      64.095     0.999902        23884     10240.00
      64.095     0.999915        23884     11702.86
      64.895     0.999927        23885     13653.33
      64.895     0.999939        23885     16384.00
      64.895     0.999945        23885     18204.44
      64.895     0.999951        23885     20480.00
      64.895     0.999957        23885     23405.71
      66.111     0.999963        23886     27306.67
      66.111     1.000000        23886          inf
#[Mean    =        5.850, StdDeviation   =        4.071]
#[Max     =       66.048, Total count    =        23886]
#[Buckets =           27, SubBuckets     =         2048]
----------------------------------------------------------
  35804 requests in 30.00s, 7.34MB read
Requests/sec:   1193.42
Transfer/sec:    250.57KB
