Running 30s test @ http://localhost:8080/wrk2-api/post/compose
  1 threads and 6 connections
  Thread calibration: mean lat.: 6.650ms, rate sampling interval: 24ms
  Thread Stats   Avg      Stdev     99%   +/- Stdev
    Latency     6.03ms    3.75ms  19.90ms   85.86%
    Req/Sec   607.52    132.40     0.87k    68.31%
  Latency Distribution (HdrHistogram - Recorded Latency)
 50.000%    4.88ms
 75.000%    7.27ms
 90.000%   10.79ms
 99.000%   19.90ms
 99.900%   29.07ms
 99.990%   38.30ms
 99.999%   43.33ms
100.000%   43.33ms

  Detailed Percentile spectrum:
       Value   Percentile   TotalCount 1/(1-Percentile)

       2.011     0.000000            1         1.00
       2.819     0.100000         1191         1.11
       3.265     0.200000         2383         1.25
       3.715     0.300000         3569         1.43
       4.263     0.400000         4760         1.67
       4.879     0.500000         5952         2.00
       5.251     0.550000         6545         2.22
       5.635     0.600000         7139         2.50
       6.103     0.650000         7733         2.86
       6.615     0.700000         8328         3.33
       7.267     0.750000         8923         4.00
       7.647     0.775000         9219         4.44
       8.139     0.800000         9516         5.00
       8.615     0.825000         9814         5.71
       9.279     0.850000        10114         6.67
       9.975     0.875000        10408         8.00
      10.351     0.887500        10557         8.89
      10.791     0.900000        10708        10.00
      11.231     0.912500        10854        11.43
      11.807     0.925000        11002        13.33
      12.527     0.937500        11151        16.00
      12.999     0.943750        11225        17.78
      13.519     0.950000        11300        20.00
      14.119     0.956250        11375        22.86
      14.679     0.962500        11449        26.67
      15.383     0.968750        11523        32.00
      15.711     0.971875        11560        35.56
      16.103     0.975000        11597        40.00
      16.671     0.978125        11634        45.71
      17.311     0.981250        11672        53.33
      18.271     0.984375        11709        64.00
      18.687     0.985938        11727        71.11
      19.087     0.987500        11746        80.00
      19.487     0.989062        11764        91.43
      20.063     0.990625        11783       106.67
      20.879     0.992188        11802       128.00
      21.423     0.992969        11811       142.22
      22.159     0.993750        11820       160.00
      22.847     0.994531        11829       182.86
      23.855     0.995313        11839       213.33
      24.511     0.996094        11848       256.00
      25.119     0.996484        11853       284.44
      25.407     0.996875        11858       320.00
      25.679     0.997266        11862       365.71
      26.015     0.997656        11867       426.67
      26.495     0.998047        11871       512.00
      27.343     0.998242        11874       568.89
      27.599     0.998437        11876       640.00
      28.431     0.998633        11878       731.43
      28.815     0.998828        11881       853.33
      29.887     0.999023        11883      1024.00
      29.951     0.999121        11884      1137.78
      30.239     0.999219        11885      1280.00
      30.319     0.999316        11886      1462.86
      31.679     0.999414        11888      1706.67
      33.663     0.999512        11889      2048.00
      33.663     0.999561        11889      2275.56
      34.431     0.999609        11890      2560.00
      34.431     0.999658        11890      2925.71
      35.103     0.999707        11891      3413.33
      35.615     0.999756        11892      4096.00
      35.615     0.999780        11892      4551.11
      35.615     0.999805        11892      5120.00
      35.615     0.999829        11892      5851.43
      38.303     0.999854        11893      6826.67
      38.303     0.999878        11893      8192.00
      38.303     0.999890        11893      9102.22
      38.303     0.999902        11893     10240.00
      38.303     0.999915        11893     11702.86
      43.327     0.999927        11894     13653.33
      43.327     1.000000        11894          inf
#[Mean    =        6.033, StdDeviation   =        3.751]
#[Max     =       43.296, Total count    =        11894]
#[Buckets =           27, SubBuckets     =         2048]
----------------------------------------------------------
  17889 requests in 30.00s, 3.67MB read
Requests/sec:    596.31
Transfer/sec:    125.20KB
