Running 30s test @ http://localhost:8080/wrk2-api/post/compose
  1 threads and 13 connections
  Thread calibration: mean lat.: 2282.192ms, rate sampling interval: 7872ms
  Thread Stats   Avg      Stdev     99%   +/- Stdev
    Latency     4.97s   799.85ms   6.80s    67.17%
    Req/Sec   693.50      4.50   698.00    100.00%
  Latency Distribution (HdrHistogram - Recorded Latency)
 50.000%    4.82s 
 75.000%    5.34s 
 90.000%    6.31s 
 99.000%    6.80s 
 99.900%    6.97s 
 99.990%    7.02s 
 99.999%    7.02s 
100.000%    7.02s 

  Detailed Percentile spectrum:
       Value   Percentile   TotalCount 1/(1-Percentile)

    3082.239     0.000000            1         1.00
    4079.615     0.100000         1387         1.11
    4304.895     0.200000         2773         1.25
    4485.119     0.300000         4163         1.43
    4661.247     0.400000         5546         1.67
    4816.895     0.500000         6936         2.00
    4886.527     0.550000         7641         2.22
    4960.255     0.600000         8320         2.50
    5050.367     0.650000         9020         2.86
    5169.151     0.700000         9717         3.33
    5341.183     0.750000        10408         4.00
    5468.159     0.775000        10748         4.44
    5697.535     0.800000        11091         5.00
    5922.815     0.825000        11440         5.71
    6103.039     0.850000        11792         6.67
    6217.727     0.875000        12133         8.00
    6266.879     0.887500        12314         8.89
    6311.935     0.900000        12481        10.00
    6361.087     0.912500        12651        11.43
    6418.431     0.925000        12831        13.33
    6475.775     0.937500        13010        16.00
    6504.447     0.943750        13083        17.78
    6537.215     0.950000        13172        20.00
    6569.983     0.956250        13265        22.86
    6602.751     0.962500        13342        26.67
    6643.711     0.968750        13429        32.00
    6664.191     0.971875        13473        35.56
    6684.671     0.975000        13517        40.00
    6701.055     0.978125        13560        45.71
    6725.631     0.981250        13604        53.33
    6746.111     0.984375        13648        64.00
    6758.399     0.985938        13671        71.11
    6770.687     0.987500        13691        80.00
    6787.071     0.989062        13711        91.43
    6807.551     0.990625        13734       106.67
    6828.031     0.992188        13755       128.00
    6840.319     0.992969        13767       142.22
    6848.511     0.993750        13775       160.00
    6868.991     0.994531        13788       182.86
    6881.279     0.995313        13800       213.33
    6897.663     0.996094        13808       256.00
    6905.855     0.996484        13813       284.44
    6914.047     0.996875        13820       320.00
    6918.143     0.997266        13824       365.71
    6930.431     0.997656        13830       426.67
    6942.719     0.998047        13835       512.00
    6946.815     0.998242        13839       568.89
    6955.007     0.998437        13841       640.00
    6959.103     0.998633        13845       731.43
    6959.103     0.998828        13845       853.33
    6971.391     0.999023        13849      1024.00
    6971.391     0.999121        13849      1137.78
    6975.487     0.999219        13851      1280.00
    6979.583     0.999316        13852      1462.86
    6987.775     0.999414        13853      1706.67
    6991.871     0.999512        13855      2048.00
    6991.871     0.999561        13855      2275.56
    6995.967     0.999609        13856      2560.00
    7000.063     0.999658        13857      2925.71
    7000.063     0.999707        13857      3413.33
    7012.351     0.999756        13859      4096.00
    7012.351     0.999780        13859      4551.11
    7012.351     0.999805        13859      5120.00
    7012.351     0.999829        13859      5851.43
    7012.351     0.999854        13859      6826.67
    7016.447     0.999878        13861      8192.00
    7016.447     1.000000        13861          inf
#[Mean    =     4969.329, StdDeviation   =      799.853]
#[Max     =     7012.352, Total count    =        13861]
#[Buckets =           27, SubBuckets     =         2048]
----------------------------------------------------------
  20886 requests in 30.00s, 4.28MB read
Requests/sec:    696.20
Transfer/sec:    146.18KB
