Running 30s test @ http://localhost:8080/wrk2-api/post/compose
  1 threads and 4 connections
  Thread calibration: mean lat.: 4.371ms, rate sampling interval: 13ms
  Thread Stats   Avg      Stdev     99%   +/- Stdev
    Latency     4.07ms    1.89ms  11.00ms   85.73%
    Req/Sec   411.17    162.77   769.00     64.42%
  Latency Distribution (HdrHistogram - Recorded Latency)
 50.000%    3.44ms
 75.000%    4.64ms
 90.000%    6.50ms
 99.000%   11.00ms
 99.900%   16.64ms
 99.990%   22.74ms
 99.999%   26.64ms
100.000%   26.64ms

  Detailed Percentile spectrum:
       Value   Percentile   TotalCount 1/(1-Percentile)

       2.004     0.000000            1         1.00
       2.509     0.100000          797         1.11
       2.729     0.200000         1586         1.25
       2.939     0.300000         2377         1.43
       3.163     0.400000         3165         1.67
       3.445     0.500000         3956         2.00
       3.609     0.550000         4352         2.22
       3.815     0.600000         4751         2.50
       4.047     0.650000         5144         2.86
       4.311     0.700000         5541         3.33
       4.639     0.750000         5938         4.00
       4.867     0.775000         6132         4.44
       5.143     0.800000         6335         5.00
       5.443     0.825000         6529         5.71
       5.739     0.850000         6728         6.67
       6.071     0.875000         6923         8.00
       6.279     0.887500         7022         8.89
       6.499     0.900000         7121        10.00
       6.703     0.912500         7220        11.43
       6.975     0.925000         7320        13.33
       7.255     0.937500         7420        16.00
       7.487     0.943750         7467        17.78
       7.715     0.950000         7519        20.00
       7.967     0.956250         7567        22.86
       8.239     0.962500         7616        26.67
       8.591     0.968750         7667        32.00
       8.767     0.971875         7690        35.56
       9.023     0.975000         7715        40.00
       9.327     0.978125         7740        45.71
       9.735     0.981250         7764        53.33
      10.127     0.984375         7789        64.00
      10.311     0.985938         7801        71.11
      10.495     0.987500         7814        80.00
      10.743     0.989062         7826        91.43
      11.135     0.990625         7838       106.67
      11.695     0.992188         7851       128.00
      12.023     0.992969         7857       142.22
      12.319     0.993750         7863       160.00
      12.511     0.994531         7869       182.86
      12.727     0.995313         7875       213.33
      13.055     0.996094         7882       256.00
      13.503     0.996484         7885       284.44
      13.687     0.996875         7888       320.00
      14.023     0.997266         7891       365.71
      14.367     0.997656         7894       426.67
      15.159     0.998047         7897       512.00
      15.527     0.998242         7899       568.89
      15.759     0.998437         7900       640.00
      16.295     0.998633         7902       731.43
      16.343     0.998828         7903       853.33
      16.719     0.999023         7905      1024.00
      17.951     0.999121         7906      1137.78
      17.951     0.999219         7906      1280.00
      18.047     0.999316         7907      1462.86
      18.687     0.999414         7908      1706.67
      20.319     0.999512         7909      2048.00
      20.319     0.999561         7909      2275.56
      20.319     0.999609         7909      2560.00
      20.783     0.999658         7910      2925.71
      20.783     0.999707         7910      3413.33
      22.735     0.999756         7911      4096.00
      22.735     0.999780         7911      4551.11
      22.735     0.999805         7911      5120.00
      22.735     0.999829         7911      5851.43
      22.735     0.999854         7911      6826.67
      26.639     0.999878         7912      8192.00
      26.639     1.000000         7912          inf
#[Mean    =        4.067, StdDeviation   =        1.890]
#[Max     =       26.624, Total count    =         7912]
#[Buckets =           27, SubBuckets     =         2048]
----------------------------------------------------------
  11916 requests in 30.00s, 2.44MB read
Requests/sec:    397.20
Transfer/sec:     83.40KB
