Running 30s test @ http://localhost:8080/wrk2-api/post/compose
  1 threads and 8 connections
  Thread calibration: mean lat.: 248.537ms, rate sampling interval: 902ms
  Thread Stats   Avg      Stdev     99%   +/- Stdev
    Latency   707.31ms  489.81ms   1.92s    69.08%
    Req/Sec   759.18     14.11   794.00     81.82%
  Latency Distribution (HdrHistogram - Recorded Latency)
 50.000%  600.06ms
 75.000%  965.12ms
 90.000%    1.50s 
 99.000%    1.92s 
 99.900%    2.04s 
 99.990%    2.07s 
 99.999%    2.08s 
100.000%    2.08s 

  Detailed Percentile spectrum:
       Value   Percentile   TotalCount 1/(1-Percentile)

       5.487     0.000000            1         1.00
     181.631     0.100000         1518         1.11
     258.687     0.200000         3035         1.25
     357.631     0.300000         4552         1.43
     501.503     0.400000         6070         1.67
     600.063     0.500000         7589         2.00
     666.111     0.550000         8346         2.22
     743.935     0.600000         9105         2.50
     792.575     0.650000         9864         2.86
     867.839     0.700000        10621         3.33
     965.119     0.750000        11381         4.00
    1014.783     0.775000        11765         4.44
    1080.319     0.800000        12138         5.00
    1168.383     0.825000        12519         5.71
    1317.887     0.850000        12900         6.67
    1420.287     0.875000        13276         8.00
    1469.439     0.887500        13468         8.89
    1498.111     0.900000        13662        10.00
    1529.855     0.912500        13845        11.43
    1583.103     0.925000        14039        13.33
    1665.023     0.937500        14227        16.00
    1702.911     0.943750        14322        17.78
    1756.159     0.950000        14414        20.00
    1780.735     0.956250        14510        22.86
    1804.287     0.962500        14606        26.67
    1842.175     0.968750        14698        32.00
    1854.463     0.971875        14750        35.56
    1863.679     0.975000        14800        40.00
    1869.823     0.978125        14841        45.71
    1883.135     0.981250        14892        53.33
    1897.471     0.984375        14937        64.00
    1903.615     0.985938        14961        71.11
    1909.759     0.987500        14984        80.00
    1919.999     0.989062        15009        91.43
    1926.143     0.990625        15031       106.67
    1936.383     0.992188        15054       128.00
    1942.527     0.992969        15066       142.22
    1948.671     0.993750        15078       160.00
    1956.863     0.994531        15090       182.86
    1961.983     0.995313        15101       213.33
    1971.199     0.996094        15113       256.00
    1977.343     0.996484        15120       284.44
    1985.535     0.996875        15126       320.00
    1991.679     0.997266        15132       365.71
    1996.799     0.997656        15137       426.67
    2004.991     0.998047        15143       512.00
    2008.063     0.998242        15146       568.89
    2018.303     0.998437        15149       640.00
    2022.399     0.998633        15152       731.43
    2028.543     0.998828        15155       853.33
    2037.759     0.999023        15158      1024.00
    2041.855     0.999121        15159      1137.78
    2043.903     0.999219        15161      1280.00
    2046.975     0.999316        15162      1462.86
    2050.047     0.999414        15164      1706.67
    2051.071     0.999512        15165      2048.00
    2057.215     0.999561        15166      2275.56
    2059.263     0.999609        15167      2560.00
    2059.263     0.999658        15167      2925.71
    2064.383     0.999707        15168      3413.33
    2067.455     0.999756        15170      4096.00
    2067.455     0.999780        15170      4551.11
    2067.455     0.999805        15170      5120.00
    2067.455     0.999829        15170      5851.43
    2067.455     0.999854        15170      6826.67
    2074.623     0.999878        15171      8192.00
    2074.623     0.999890        15171      9102.22
    2074.623     0.999902        15171     10240.00
    2074.623     0.999915        15171     11702.86
    2074.623     0.999927        15171     13653.33
    2082.815     0.999939        15172     16384.00
    2082.815     1.000000        15172          inf
#[Mean    =      707.306, StdDeviation   =      489.806]
#[Max     =     2081.792, Total count    =        15172]
#[Buckets =           27, SubBuckets     =         2048]
----------------------------------------------------------
  22845 requests in 30.00s, 4.68MB read
Requests/sec:    761.51
Transfer/sec:    159.89KB
