Running 30s test @ http://localhost:8080/wrk2-api/post/compose
  1 threads and 5 connections
  Thread calibration: mean lat.: 5.230ms, rate sampling interval: 17ms
  Thread Stats   Avg      Stdev     99%   +/- Stdev
    Latency     4.97ms    2.76ms  15.68ms   87.41%
    Req/Sec   514.36    147.48   823.00     67.41%
  Latency Distribution (HdrHistogram - Recorded Latency)
 50.000%    4.09ms
 75.000%    5.87ms
 90.000%    8.26ms
 99.000%   15.68ms
 99.900%   24.21ms
 99.990%   29.44ms
 99.999%   29.73ms
100.000%   29.73ms

  Detailed Percentile spectrum:
       Value   Percentile   TotalCount 1/(1-Percentile)

       1.974     0.000000            1         1.00
       2.691     0.100000         1008         1.11
       3.007     0.200000         2000         1.25
       3.323     0.300000         3006         1.43
       3.665     0.400000         4000         1.67
       4.085     0.500000         5000         2.00
       4.347     0.550000         5502         2.22
       4.655     0.600000         6003         2.50
       5.011     0.650000         6503         2.86
       5.395     0.700000         7001         3.33
       5.867     0.750000         7501         4.00
       6.127     0.775000         7750         4.44
       6.439     0.800000         8004         5.00
       6.787     0.825000         8253         5.71
       7.183     0.850000         8500         6.67
       7.643     0.875000         8751         8.00
       7.911     0.887500         8875         8.89
       8.263     0.900000         9001        10.00
       8.591     0.912500         9126        11.43
       9.031     0.925000         9250        13.33
       9.567     0.937500         9375        16.00
       9.839     0.943750         9437        17.78
      10.199     0.950000         9500        20.00
      10.687     0.956250         9562        22.86
      11.143     0.962500         9626        26.67
      11.783     0.968750         9687        32.00
      12.111     0.971875         9719        35.56
      12.495     0.975000         9750        40.00
      12.855     0.978125         9781        45.71
      13.487     0.981250         9812        53.33
      14.055     0.984375         9843        64.00
      14.351     0.985938         9859        71.11
      14.815     0.987500         9875        80.00
      15.399     0.989062         9891        91.43
      15.943     0.990625         9906       106.67
      16.831     0.992188         9923       128.00
      17.071     0.992969         9929       142.22
      17.311     0.993750         9937       160.00
      17.759     0.994531         9945       182.86
      18.719     0.995313         9953       213.33
      19.151     0.996094         9960       256.00
      19.823     0.996484         9965       284.44
      20.159     0.996875         9968       320.00
      20.415     0.997266         9972       365.71
      21.407     0.997656         9977       426.67
      22.063     0.998047         9980       512.00
      22.207     0.998242         9982       568.89
      22.735     0.998437         9984       640.00
      23.103     0.998633         9986       731.43
      23.759     0.998828         9988       853.33
      24.239     0.999023         9990      1024.00
      24.287     0.999121         9991      1137.78
      24.559     0.999219         9992      1280.00
      24.703     0.999316         9993      1462.86
      26.015     0.999414         9994      1706.67
      26.607     0.999512         9995      2048.00
      26.607     0.999561         9995      2275.56
      27.599     0.999609         9996      2560.00
      27.599     0.999658         9996      2925.71
      28.239     0.999707         9997      3413.33
      28.239     0.999756         9997      4096.00
      28.239     0.999780         9997      4551.11
      29.439     0.999805         9998      5120.00
      29.439     0.999829         9998      5851.43
      29.439     0.999854         9998      6826.67
      29.439     0.999878         9998      8192.00
      29.439     0.999890         9998      9102.22
      29.727     0.999902         9999     10240.00
      29.727     1.000000         9999          inf
#[Mean    =        4.968, StdDeviation   =        2.761]
#[Max     =       29.712, Total count    =         9999]
#[Buckets =           27, SubBuckets     =         2048]
----------------------------------------------------------
  14981 requests in 30.00s, 3.07MB read
Requests/sec:    499.36
Transfer/sec:    104.85KB
