Running 30s test @ http://localhost:8080/wrk2-api/post/compose
  1 threads and 12 connections
  Thread calibration: mean lat.: 2034.594ms, rate sampling interval: 6955ms
  Thread Stats   Avg      Stdev     99%   +/- Stdev
    Latency     4.67s   839.94ms   6.36s    63.65%
    Req/Sec   707.00      3.00   710.00    100.00%
  Latency Distribution (HdrHistogram - Recorded Latency)
 50.000%    4.64s 
 75.000%    5.26s 
 90.000%    5.87s 
 99.000%    6.36s 
 99.900%    6.49s 
 99.990%    6.55s 
 99.999%    6.56s 
100.000%    6.56s 

  Detailed Percentile spectrum:
       Value   Percentile   TotalCount 1/(1-Percentile)

    2867.199     0.000000            1         1.00
    3497.983     0.100000         1408         1.11
    3895.295     0.200000         2809         1.25
    4184.063     0.300000         4224         1.43
    4378.623     0.400000         5624         1.67
    4636.671     0.500000         7034         2.00
    4796.415     0.550000         7728         2.22
    4919.295     0.600000         8428         2.50
    5025.791     0.650000         9126         2.86
    5136.383     0.700000         9844         3.33
    5259.263     0.750000        10534         4.00
    5345.279     0.775000        10890         4.44
    5431.295     0.800000        11231         5.00
    5529.599     0.825000        11599         5.71
    5623.807     0.850000        11942         6.67
    5730.303     0.875000        12285         8.00
    5799.935     0.887500        12465         8.89
    5873.663     0.900000        12641        10.00
    5939.199     0.912500        12811        11.43
    6008.831     0.925000        12994        13.33
    6078.463     0.937500        13173        16.00
    6107.135     0.943750        13251        17.78
    6139.903     0.950000        13343        20.00
    6164.479     0.956250        13422        22.86
    6193.151     0.962500        13511        26.67
    6221.823     0.968750        13599        32.00
    6242.303     0.971875        13654        35.56
    6258.687     0.975000        13691        40.00
    6275.071     0.978125        13737        45.71
    6291.455     0.981250        13773        53.33
    6316.031     0.984375        13818        64.00
    6328.319     0.985938        13845        71.11
    6340.607     0.987500        13870        80.00
    6352.895     0.989062        13887        91.43
    6365.183     0.990625        13906       106.67
    6381.567     0.992188        13933       128.00
    6389.759     0.992969        13940       142.22
    6393.855     0.993750        13949       160.00
    6406.143     0.994531        13960       182.86
    6414.335     0.995313        13973       213.33
    6426.623     0.996094        13982       256.00
    6434.815     0.996484        13990       284.44
    6438.911     0.996875        13993       320.00
    6447.103     0.997266        14002       365.71
    6451.199     0.997656        14004       426.67
    6459.391     0.998047        14009       512.00
    6463.487     0.998242        14012       568.89
    6471.679     0.998437        14017       640.00
    6471.679     0.998633        14017       731.43
    6479.871     0.998828        14020       853.33
    6488.063     0.999023        14023      1024.00
    6492.159     0.999121        14025      1137.78
    6496.255     0.999219        14026      1280.00
    6500.351     0.999316        14027      1462.86
    6504.447     0.999414        14029      1706.67
    6512.639     0.999512        14031      2048.00
    6512.639     0.999561        14031      2275.56
    6512.639     0.999609        14031      2560.00
    6524.927     0.999658        14032      2925.71
    6524.927     0.999707        14032      3413.33
    6529.023     0.999756        14033      4096.00
    6529.023     0.999780        14033      4551.11
    6545.407     0.999805        14035      5120.00
    6545.407     0.999829        14035      5851.43
    6545.407     0.999854        14035      6826.67
    6545.407     0.999878        14035      8192.00
    6545.407     0.999890        14035      9102.22
    6545.407     0.999902        14035     10240.00
    6545.407     0.999915        14035     11702.86
    6545.407     0.999927        14035     13653.33
    6557.695     0.999939        14036     16384.00
    6557.695     1.000000        14036          inf
#[Mean    =     4667.918, StdDeviation   =      839.941]
#[Max     =     6553.600, Total count    =        14036]
#[Buckets =           27, SubBuckets     =         2048]
----------------------------------------------------------
  21187 requests in 30.00s, 4.34MB read
Requests/sec:    706.17
Transfer/sec:    148.27KB
