Running 30s test @ http://localhost:8080/wrk2-api/post/compose
  1 threads and 1 connections
  Thread calibration: mean lat.: 3.222ms, rate sampling interval: 10ms
  Thread Stats   Avg      Stdev     99%   +/- Stdev
    Latency     3.20ms    1.23ms   7.87ms   86.15%
    Req/Sec   103.42     99.06   333.00     49.19%
  Latency Distribution (HdrHistogram - Recorded Latency)
 50.000%    2.76ms
 75.000%    3.29ms
 90.000%    4.99ms
 99.000%    7.87ms
 99.900%   11.53ms
 99.990%   12.02ms
 99.999%   12.02ms
100.000%   12.02ms

  Detailed Percentile spectrum:
       Value   Percentile   TotalCount 1/(1-Percentile)

       2.004     0.000000            1         1.00
       2.321     0.100000          200         1.11
       2.441     0.200000          394         1.25
       2.541     0.300000          592         1.43
       2.651     0.400000          788         1.67
       2.763     0.500000          982         2.00
       2.837     0.550000         1081         2.22
       2.915     0.600000         1180         2.50
       3.007     0.650000         1281         2.86
       3.129     0.700000         1375         3.33
       3.285     0.750000         1473         4.00
       3.419     0.775000         1523         4.44
       3.617     0.800000         1572         5.00
       3.853     0.825000         1621         5.71
       4.243     0.850000         1670         6.67
       4.691     0.875000         1719         8.00
       4.851     0.887500         1745         8.89
       4.995     0.900000         1769        10.00
       5.111     0.912500         1793        11.43
       5.279     0.925000         1817        13.33
       5.467     0.937500         1842        16.00
       5.567     0.943750         1854        17.78
       5.663     0.950000         1866        20.00
       5.883     0.956250         1879        22.86
       6.051     0.962500         1891        26.67
       6.419     0.968750         1903        32.00
       6.615     0.971875         1909        35.56
       6.819     0.975000         1915        40.00
       6.975     0.978125         1922        45.71
       7.111     0.981250         1928        53.33
       7.339     0.984375         1934        64.00
       7.479     0.985938         1937        71.11
       7.619     0.987500         1940        80.00
       7.839     0.989062         1943        91.43
       7.919     0.990625         1946       106.67
       8.043     0.992188         1949       128.00
       8.167     0.992969         1951       142.22
       8.295     0.993750         1952       160.00
       8.647     0.994531         1954       182.86
       9.199     0.995313         1955       213.33
       9.439     0.996094         1957       256.00
       9.663     0.996484         1958       284.44
       9.663     0.996875         1958       320.00
      10.135     0.997266         1959       365.71
      10.695     0.997656         1960       426.67
      10.991     0.998047         1961       512.00
      10.991     0.998242         1961       568.89
      10.991     0.998437         1961       640.00
      11.535     0.998633         1962       731.43
      11.535     0.998828         1962       853.33
      11.551     0.999023         1963      1024.00
      11.551     0.999121         1963      1137.78
      11.551     0.999219         1963      1280.00
      11.551     0.999316         1963      1462.86
      11.551     0.999414         1963      1706.67
      12.015     0.999512         1964      2048.00
      12.015     1.000000         1964          inf
#[Mean    =        3.204, StdDeviation   =        1.232]
#[Max     =       12.008, Total count    =         1964]
#[Buckets =           27, SubBuckets     =         2048]
----------------------------------------------------------
  3000 requests in 30.00s, 629.88KB read
Requests/sec:     99.99
Transfer/sec:     20.99KB
