Running 30s test @ http://localhost:8080/wrk2-api/post/compose
  1 threads and 7 connections
  Thread calibration: mean lat.: 11.673ms, rate sampling interval: 48ms
  Thread Stats   Avg      Stdev     99%   +/- Stdev
    Latency    11.85ms   10.63ms  56.13ms   88.43%
    Req/Sec   697.06     82.68   812.00     68.51%
  Latency Distribution (HdrHistogram - Recorded Latency)
 50.000%    8.29ms
 75.000%   14.24ms
 90.000%   24.14ms
 99.000%   56.13ms
 99.900%   77.89ms
 99.990%   87.93ms
 99.999%   93.25ms
100.000%   93.25ms

  Detailed Percentile spectrum:
       Value   Percentile   TotalCount 1/(1-Percentile)

       2.013     0.000000            1         1.00
       3.675     0.100000         1383         1.11
       4.747     0.200000         2763         1.25
       5.775     0.300000         4138         1.43
       6.923     0.400000         5519         1.67
       8.287     0.500000         6898         2.00
       9.159     0.550000         7590         2.22
      10.127     0.600000         8276         2.50
      11.247     0.650000         8967         2.86
      12.607     0.700000         9658         3.33
      14.239     0.750000        10345         4.00
      15.231     0.775000        10693         4.44
      16.399     0.800000        11038         5.00
      17.807     0.825000        11382         5.71
      19.471     0.850000        11726         6.67
      21.551     0.875000        12071         8.00
      22.831     0.887500        12242         8.89
      24.143     0.900000        12414        10.00
      26.175     0.912500        12587        11.43
      28.127     0.925000        12759        13.33
      30.687     0.937500        12931        16.00
      32.063     0.943750        13018        17.78
      33.887     0.950000        13104        20.00
      35.391     0.956250        13191        22.86
      37.471     0.962500        13276        26.67
      40.031     0.968750        13365        32.00
      41.407     0.971875        13406        35.56
      43.199     0.975000        13450        40.00
      45.375     0.978125        13492        45.71
      47.135     0.981250        13535        53.33
      49.343     0.984375        13578        64.00
      50.943     0.985938        13600        71.11
      52.447     0.987500        13621        80.00
      54.975     0.989062        13643        91.43
      57.055     0.990625        13664       106.67
      59.295     0.992188        13686       128.00
      60.735     0.992969        13697       142.22
      62.751     0.993750        13707       160.00
      63.935     0.994531        13718       182.86
      66.175     0.995313        13729       213.33
      68.031     0.996094        13741       256.00
      68.415     0.996484        13745       284.44
      69.567     0.996875        13750       320.00
      70.655     0.997266        13756       365.71
      71.359     0.997656        13761       426.67
      71.807     0.998047        13767       512.00
      72.447     0.998242        13769       568.89
      75.199     0.998437        13772       640.00
      76.223     0.998633        13775       731.43
      77.183     0.998828        13777       853.33
      78.079     0.999023        13780      1024.00
      78.271     0.999121        13781      1137.78
      79.167     0.999219        13783      1280.00
      79.615     0.999316        13784      1462.86
      80.063     0.999414        13785      1706.67
      80.319     0.999512        13787      2048.00
      80.319     0.999561        13787      2275.56
      80.959     0.999609        13788      2560.00
      81.087     0.999658        13789      2925.71
      81.087     0.999707        13789      3413.33
      83.583     0.999756        13790      4096.00
      83.583     0.999780        13790      4551.11
      85.119     0.999805        13791      5120.00
      85.119     0.999829        13791      5851.43
      85.119     0.999854        13791      6826.67
      87.935     0.999878        13792      8192.00
      87.935     0.999890        13792      9102.22
      87.935     0.999902        13792     10240.00
      87.935     0.999915        13792     11702.86
      87.935     0.999927        13792     13653.33
      93.247     0.999939        13793     16384.00
      93.247     1.000000        13793          inf
#[Mean    =       11.854, StdDeviation   =       10.625]
#[Max     =       93.184, Total count    =        13793]
#[Buckets =           27, SubBuckets     =         2048]
----------------------------------------------------------
  20759 requests in 30.00s, 4.26MB read
Requests/sec:    691.96
Transfer/sec:    145.29KB
