Running 30s test @ http://localhost:8080/wrk2-api/post/compose
  1 threads and 14 connections
  Thread calibration: mean lat.: 2459.084ms, rate sampling interval: 8343ms
  Thread Stats   Avg      Stdev     99%   +/- Stdev
    Latency     5.08s     1.04s    7.99s    72.35%
    Req/Sec   699.50      0.50   700.00    100.00%
  Latency Distribution (HdrHistogram - Recorded Latency)
 50.000%    4.76s 
 75.000%    5.57s 
 90.000%    6.66s 
 99.000%    7.99s 
 99.900%    8.19s 
 99.990%    8.27s 
 99.999%    8.29s 
100.000%    8.29s 

  Detailed Percentile spectrum:
       Value   Percentile   TotalCount 1/(1-Percentile)

    3244.031     0.000000            1         1.00
    4040.703     0.100000         1404         1.11
    4239.359     0.200000         2822         1.25
    4386.815     0.300000         4209         1.43
    4542.463     0.400000         5606         1.67
    4759.551     0.500000         6990         2.00
    4907.007     0.550000         7689         2.22
    5058.559     0.600000         8416         2.50
    5206.015     0.650000         9092         2.86
    5382.143     0.700000         9802         3.33
    5566.463     0.750000        10486         4.00
    5804.031     0.775000        10839         4.44
    5980.159     0.800000        11181         5.00
    6119.423     0.825000        11536         5.71
    6311.935     0.850000        11884         6.67
    6504.447     0.875000        12237         8.00
    6582.271     0.887500        12411         8.89
    6660.095     0.900000        12585        10.00
    6733.823     0.912500        12755        11.43
    6819.839     0.925000        12937        13.33
    6938.623     0.937500        13103        16.00
    7049.215     0.943750        13193        17.78
    7282.687     0.950000        13278        20.00
    7442.431     0.956250        13365        22.86
    7557.119     0.962500        13452        26.67
    7655.423     0.968750        13542        32.00
    7700.479     0.971875        13584        35.56
    7749.631     0.975000        13628        40.00
    7798.783     0.978125        13672        45.71
    7847.935     0.981250        13716        53.33
    7897.087     0.984375        13758        64.00
    7921.663     0.985938        13780        71.11
    7950.335     0.987500        13804        80.00
    7970.815     0.989062        13825        91.43
    7999.487     0.990625        13846       106.67
    8019.967     0.992188        13868       128.00
    8036.351     0.992969        13882       142.22
    8048.639     0.993750        13889       160.00
    8060.927     0.994531        13900       182.86
    8085.503     0.995313        13913       213.33
    8101.887     0.996094        13926       256.00
    8105.983     0.996484        13929       284.44
    8118.271     0.996875        13933       320.00
    8126.463     0.997266        13939       365.71
    8134.655     0.997656        13944       426.67
    8146.943     0.998047        13950       512.00
    8155.135     0.998242        13952       568.89
    8167.423     0.998437        13956       640.00
    8171.519     0.998633        13958       731.43
    8187.903     0.998828        13962       853.33
    8191.999     0.999023        13963      1024.00
    8196.095     0.999121        13964      1137.78
    8208.383     0.999219        13966      1280.00
    8212.479     0.999316        13967      1462.86
    8224.767     0.999414        13968      1706.67
    8232.959     0.999512        13971      2048.00
    8232.959     0.999561        13971      2275.56
    8232.959     0.999609        13971      2560.00
    8237.055     0.999658        13972      2925.71
    8237.055     0.999707        13972      3413.33
    8257.535     0.999756        13973      4096.00
    8257.535     0.999780        13973      4551.11
    8261.631     0.999805        13974      5120.00
    8261.631     0.999829        13974      5851.43
    8261.631     0.999854        13974      6826.67
    8273.919     0.999878        13975      8192.00
    8273.919     0.999890        13975      9102.22
    8273.919     0.999902        13975     10240.00
    8273.919     0.999915        13975     11702.86
    8273.919     0.999927        13975     13653.33
    8294.399     0.999939        13976     16384.00
    8294.399     1.000000        13976          inf
#[Mean    =     5075.046, StdDeviation   =     1036.078]
#[Max     =     8290.304, Total count    =        13976]
#[Buckets =           27, SubBuckets     =         2048]
----------------------------------------------------------
  20957 requests in 30.00s, 4.30MB read
Requests/sec:    698.57
Transfer/sec:    146.67KB
