Running 30s test @ http://localhost:8080/wrk2-api/post/compose
  1 threads and 2 connections
  Thread calibration: mean lat.: 3.418ms, rate sampling interval: 10ms
  Thread Stats   Avg      Stdev     99%   +/- Stdev
    Latency     3.38ms    1.47ms   8.79ms   86.99%
    Req/Sec   209.78    136.79   555.00     74.45%
  Latency Distribution (HdrHistogram - Recorded Latency)
 50.000%    2.87ms
 75.000%    3.58ms
 90.000%    5.24ms
 99.000%    8.79ms
 99.900%   15.80ms
 99.990%   19.74ms
 99.999%   19.74ms
100.000%   19.74ms

  Detailed Percentile spectrum:
       Value   Percentile   TotalCount 1/(1-Percentile)

       2.019     0.000000            1         1.00
       2.359     0.100000          407         1.11
       2.493     0.200000          809         1.25
       2.613     0.300000         1197         1.43
       2.737     0.400000         1598         1.67
       2.871     0.500000         1999         2.00
       2.953     0.550000         2198         2.22
       3.041     0.600000         2395         2.50
       3.173     0.650000         2595         2.86
       3.329     0.700000         2793         3.33
       3.579     0.750000         2994         4.00
       3.723     0.775000         3092         4.44
       3.921     0.800000         3193         5.00
       4.215     0.825000         3291         5.71
       4.579     0.850000         3391         6.67
       4.919     0.875000         3491         8.00
       5.075     0.887500         3541         8.89
       5.243     0.900000         3591        10.00
       5.411     0.912500         3641        11.43
       5.631     0.925000         3691        13.33
       5.835     0.937500         3740        16.00
       5.951     0.943750         3765        17.78
       6.071     0.950000         3791        20.00
       6.279     0.956250         3815        22.86
       6.547     0.962500         3840        26.67
       6.995     0.968750         3865        32.00
       7.123     0.971875         3877        35.56
       7.263     0.975000         3890        40.00
       7.491     0.978125         3902        45.71
       7.907     0.981250         3915        53.33
       8.179     0.984375         3927        64.00
       8.375     0.985938         3933        71.11
       8.535     0.987500         3940        80.00
       8.615     0.989062         3946        91.43
       8.879     0.990625         3952       106.67
       9.047     0.992188         3958       128.00
       9.679     0.992969         3961       142.22
      10.079     0.993750         3965       160.00
      10.471     0.994531         3968       182.86
      10.951     0.995313         3971       213.33
      11.007     0.996094         3974       256.00
      11.335     0.996484         3975       284.44
      11.487     0.996875         3977       320.00
      12.463     0.997266         3979       365.71
      13.079     0.997656         3980       426.67
      14.583     0.998047         3982       512.00
      14.583     0.998242         3982       568.89
      15.383     0.998437         3983       640.00
      15.631     0.998633         3984       731.43
      15.799     0.998828         3985       853.33
      16.431     0.999023         3986      1024.00
      16.431     0.999121         3986      1137.78
      16.431     0.999219         3986      1280.00
      17.919     0.999316         3987      1462.86
      17.919     0.999414         3987      1706.67
      19.039     0.999512         3988      2048.00
      19.039     0.999561         3988      2275.56
      19.039     0.999609         3988      2560.00
      19.039     0.999658         3988      2925.71
      19.039     0.999707         3988      3413.33
      19.743     0.999756         3989      4096.00
      19.743     1.000000         3989          inf
#[Mean    =        3.383, StdDeviation   =        1.472]
#[Max     =       19.728, Total count    =         3989]
#[Buckets =           27, SubBuckets     =         2048]
----------------------------------------------------------
  5992 requests in 30.00s, 1.23MB read
Requests/sec:    199.71
Transfer/sec:     41.93KB
