Running 30s test @ http://localhost:8080/wrk2-api/post/compose
  1 threads and 3 connections
  Thread calibration: mean lat.: 3.749ms, rate sampling interval: 11ms
  Thread Stats   Avg      Stdev     99%   +/- Stdev
    Latency     3.69ms    1.63ms   9.81ms   87.23%
    Req/Sec   311.93    159.10   700.00     68.38%
  Latency Distribution (HdrHistogram - Recorded Latency)
 50.000%    3.13ms
 75.000%    4.05ms
 90.000%    5.66ms
 99.000%    9.81ms
 99.900%   15.68ms
 99.990%   18.98ms
 99.999%   22.50ms
100.000%   22.50ms

  Detailed Percentile spectrum:
       Value   Percentile   TotalCount 1/(1-Percentile)

       2.053     0.000000            2         1.00
       2.451     0.100000          596         1.11
       2.613     0.200000         1194         1.25
       2.767     0.300000         1793         1.43
       2.935     0.400000         2392         1.67
       3.129     0.500000         2980         2.00
       3.245     0.550000         3279         2.22
       3.395     0.600000         3580         2.50
       3.561     0.650000         3878         2.86
       3.759     0.700000         4173         3.33
       4.055     0.750000         4470         4.00
       4.247     0.775000         4624         4.44
       4.459     0.800000         4768         5.00
       4.747     0.825000         4917         5.71
       5.007     0.850000         5067         6.67
       5.327     0.875000         5216         8.00
       5.499     0.887500         5289         8.89
       5.667     0.900000         5367        10.00
       5.863     0.912500         5439        11.43
       6.099     0.925000         5514        13.33
       6.399     0.937500         5587        16.00
       6.647     0.943750         5624        17.78
       6.855     0.950000         5662        20.00
       7.095     0.956250         5699        22.86
       7.351     0.962500         5736        26.67
       7.659     0.968750         5773        32.00
       7.823     0.971875         5792        35.56
       8.039     0.975000         5811        40.00
       8.319     0.978125         5829        45.71
       8.695     0.981250         5849        53.33
       9.023     0.984375         5866        64.00
       9.287     0.985938         5876        71.11
       9.423     0.987500         5885        80.00
       9.743     0.989062         5894        91.43
       9.943     0.990625         5904       106.67
      10.391     0.992188         5914       128.00
      10.895     0.992969         5918       142.22
      11.127     0.993750         5922       160.00
      11.479     0.994531         5927       182.86
      11.735     0.995313         5932       213.33
      12.047     0.996094         5936       256.00
      12.815     0.996484         5939       284.44
      13.375     0.996875         5941       320.00
      13.799     0.997266         5943       365.71
      13.983     0.997656         5946       426.67
      14.079     0.998047         5948       512.00
      14.399     0.998242         5949       568.89
      14.535     0.998437         5950       640.00
      14.727     0.998633         5951       731.43
      15.679     0.998828         5953       853.33
      15.735     0.999023         5954      1024.00
      15.735     0.999121         5954      1137.78
      15.791     0.999219         5955      1280.00
      15.791     0.999316         5955      1462.86
      15.919     0.999414         5956      1706.67
      17.199     0.999512         5957      2048.00
      17.199     0.999561         5957      2275.56
      17.199     0.999609         5957      2560.00
      17.199     0.999658         5957      2925.71
      18.975     0.999707         5958      3413.33
      18.975     0.999756         5958      4096.00
      18.975     0.999780         5958      4551.11
      18.975     0.999805         5958      5120.00
      18.975     0.999829         5958      5851.43
      22.495     0.999854         5959      6826.67
      22.495     1.000000         5959          inf
#[Mean    =        3.685, StdDeviation   =        1.626]
#[Max     =       22.480, Total count    =         5959]
#[Buckets =           27, SubBuckets     =         2048]
----------------------------------------------------------
  8959 requests in 30.00s, 1.84MB read
Requests/sec:    298.59
Transfer/sec:     62.69KB
