Running 30s test @ http://localhost:8080/wrk2-api/post/compose
  1 threads and 10 connections
  Thread calibration: mean lat.: 1377.191ms, rate sampling interval: 4845ms
  Thread Stats   Avg      Stdev     99%   +/- Stdev
    Latency     4.97s     1.17s    7.44s    62.58%
    Req/Sec   728.50      9.23   738.00     75.00%
  Latency Distribution (HdrHistogram - Recorded Latency)
 50.000%    5.13s 
 75.000%    5.66s 
 90.000%    6.55s 
 99.000%    7.44s 
 99.900%    7.60s 
 99.990%    7.72s 
 99.999%    7.73s 
100.000%    7.73s 

  Detailed Percentile spectrum:
       Value   Percentile   TotalCount 1/(1-Percentile)

    2367.487     0.000000            1         1.00
    3256.319     0.100000         1460         1.11
    3809.279     0.200000         2917         1.25
    4354.047     0.300000         4373         1.43
    4743.167     0.400000         5838         1.67
    5128.191     0.500000         7293         2.00
    5242.879     0.550000         8025         2.22
    5345.279     0.600000         8753         2.50
    5439.487     0.650000         9483         2.86
    5558.271     0.700000        10223         3.33
    5664.767     0.750000        10943         4.00
    5754.879     0.775000        11297         4.44
    5926.911     0.800000        11660         5.00
    6131.711     0.825000        12022         5.71
    6340.607     0.850000        12390         6.67
    6447.103     0.875000        12752         8.00
    6492.159     0.887500        12939         8.89
    6549.503     0.900000        13120        10.00
    6610.943     0.912500        13307        11.43
    6688.767     0.925000        13478        13.33
    6774.783     0.937500        13670        16.00
    6803.455     0.943750        13749        17.78
    6840.319     0.950000        13849        20.00
    6877.183     0.956250        13936        22.86
    6918.143     0.962500        14032        26.67
    6955.007     0.968750        14114        32.00
    6979.583     0.971875        14159        35.56
    7012.351     0.975000        14208        40.00
    7057.407     0.978125        14251        45.71
    7184.383     0.981250        14295        53.33
    7376.895     0.984375        14342        64.00
    7405.567     0.985938        14367        71.11
    7417.855     0.987500        14388        80.00
    7430.143     0.989062        14413        91.43
    7442.431     0.990625        14435       106.67
    7458.815     0.992188        14457       128.00
    7467.007     0.992969        14469       142.22
    7471.103     0.993750        14477       160.00
    7487.487     0.994531        14490       182.86
    7495.679     0.995313        14501       213.33
    7507.967     0.996094        14512       256.00
    7520.255     0.996484        14519       284.44
    7532.543     0.996875        14524       320.00
    7553.023     0.997266        14531       365.71
    7561.215     0.997656        14535       426.67
    7569.407     0.998047        14542       512.00
    7573.503     0.998242        14545       568.89
    7577.599     0.998437        14550       640.00
    7577.599     0.998633        14550       731.43
    7581.695     0.998828        14552       853.33
    7602.175     0.999023        14554      1024.00
    7634.943     0.999121        14556      1137.78
    7647.231     0.999219        14557      1280.00
    7663.615     0.999316        14559      1462.86
    7667.711     0.999414        14562      1706.67
    7667.711     0.999512        14562      2048.00
    7667.711     0.999561        14562      2275.56
    7684.095     0.999609        14563      2560.00
    7688.191     0.999658        14564      2925.71
    7688.191     0.999707        14564      3413.33
    7704.575     0.999756        14565      4096.00
    7704.575     0.999780        14565      4551.11
    7712.767     0.999805        14566      5120.00
    7712.767     0.999829        14566      5851.43
    7712.767     0.999854        14566      6826.67
    7720.959     0.999878        14567      8192.00
    7720.959     0.999890        14567      9102.22
    7720.959     0.999902        14567     10240.00
    7720.959     0.999915        14567     11702.86
    7720.959     0.999927        14567     13653.33
    7725.055     0.999939        14568     16384.00
    7725.055     1.000000        14568          inf
#[Mean    =     4966.371, StdDeviation   =     1165.154]
#[Max     =     7720.960, Total count    =        14568]
#[Buckets =           27, SubBuckets     =         2048]
----------------------------------------------------------
  21835 requests in 30.00s, 4.48MB read
Requests/sec:    727.83
Transfer/sec:    152.82KB
