Running 30s test @ http://localhost:8080/wrk2-api/post/compose
  1 threads and 11 connections
  Thread calibration: mean lat.: 1779.929ms, rate sampling interval: 6258ms
  Thread Stats   Avg      Stdev     99%   +/- Stdev
    Latency     4.70s   970.68ms   6.81s    64.75%
    Req/Sec   708.67      7.41   717.00     66.67%
  Latency Distribution (HdrHistogram - Recorded Latency)
 50.000%    4.69s 
 75.000%    5.41s 
 90.000%    6.03s 
 99.000%    6.81s 
 99.900%    7.18s 
 99.990%    7.38s 
 99.999%    7.40s 
100.000%    7.40s 

  Detailed Percentile spectrum:
       Value   Percentile   TotalCount 1/(1-Percentile)

    2631.679     0.000000            1         1.00
    3473.407     0.100000         1419         1.11
    3817.471     0.200000         2837         1.25
    4032.511     0.300000         4256         1.43
    4345.855     0.400000         5676         1.67
    4685.823     0.500000         7085         2.00
    4837.375     0.550000         7803         2.22
    4947.967     0.600000         8501         2.50
    5070.847     0.650000         9215         2.86
    5214.207     0.700000         9924         3.33
    5410.815     0.750000        10635         4.00
    5517.311     0.775000        10978         4.44
    5631.999     0.800000        11338         5.00
    5722.111     0.825000        11690         5.71
    5804.031     0.850000        12044         6.67
    5902.335     0.875000        12397         8.00
    5959.679     0.887500        12582         8.89
    6025.215     0.900000        12755        10.00
    6094.847     0.912500        12927        11.43
    6193.151     0.925000        13109        13.33
    6291.455     0.937500        13279        16.00
    6344.703     0.943750        13369        17.78
    6402.047     0.950000        13460        20.00
    6463.487     0.956250        13554        22.86
    6512.639     0.962500        13634        26.67
    6565.887     0.968750        13730        32.00
    6590.463     0.971875        13767        35.56
    6619.135     0.975000        13817        40.00
    6643.711     0.978125        13855        45.71
    6676.479     0.981250        13901        53.33
    6713.343     0.984375        13945        64.00
    6737.919     0.985938        13969        71.11
    6758.399     0.987500        13987        80.00
    6791.167     0.989062        14011        91.43
    6828.031     0.990625        14033       106.67
    6873.087     0.992188        14056       128.00
    6893.567     0.992969        14067       142.22
    6909.951     0.993750        14076       160.00
    6938.623     0.994531        14088       182.86
    6963.199     0.995313        14098       213.33
    6979.583     0.996094        14109       256.00
    6995.967     0.996484        14115       284.44
    7008.255     0.996875        14121       320.00
    7028.735     0.997266        14126       365.71
    7041.023     0.997656        14131       426.67
    7057.407     0.998047        14137       512.00
    7077.887     0.998242        14140       568.89
    7094.271     0.998437        14142       640.00
    7114.751     0.998633        14146       731.43
    7135.231     0.998828        14148       853.33
    7188.479     0.999023        14151      1024.00
    7213.055     0.999121        14152      1137.78
    7233.535     0.999219        14153      1280.00
    7254.015     0.999316        14155      1462.86
    7278.591     0.999414        14156      1706.67
    7303.167     0.999512        14158      2048.00
    7303.167     0.999561        14158      2275.56
    7319.551     0.999609        14159      2560.00
    7331.839     0.999658        14160      2925.71
    7331.839     0.999707        14160      3413.33
    7340.031     0.999756        14161      4096.00
    7340.031     0.999780        14161      4551.11
    7356.415     0.999805        14162      5120.00
    7356.415     0.999829        14162      5851.43
    7356.415     0.999854        14162      6826.67
    7376.895     0.999878        14163      8192.00
    7376.895     0.999890        14163      9102.22
    7376.895     0.999902        14163     10240.00
    7376.895     0.999915        14163     11702.86
    7376.895     0.999927        14163     13653.33
    7397.375     0.999939        14164     16384.00
    7397.375     1.000000        14164          inf
#[Mean    =     4699.567, StdDeviation   =      970.683]
#[Max     =     7393.280, Total count    =        14164]
#[Buckets =           27, SubBuckets     =         2048]
----------------------------------------------------------
  21265 requests in 30.00s, 4.36MB read
Requests/sec:    708.84
Transfer/sec:    148.83KB
