Running 30s test @ http://localhost:8080/wrk2-api/post/compose
  1 threads and 9 connections
  Thread calibration: mean lat.: 1014.496ms, rate sampling interval: 3598ms
  Thread Stats   Avg      Stdev     99%   +/- Stdev
    Latency     3.81s     1.08s    5.78s    58.38%
    Req/Sec   725.00      3.85   730.00     60.00%
  Latency Distribution (HdrHistogram - Recorded Latency)
 50.000%    3.93s 
 75.000%    4.66s 
 90.000%    5.23s 
 99.000%    5.78s 
 99.900%    5.98s 
 99.990%    6.01s 
 99.999%    6.02s 
100.000%    6.02s 

  Detailed Percentile spectrum:
       Value   Percentile   TotalCount 1/(1-Percentile)

    1795.071     0.000000            1         1.00
    2310.143     0.100000         1455         1.11
    2666.495     0.200000         2909         1.25
    3041.279     0.300000         4358         1.43
    3461.119     0.400000         5803         1.67
    3928.063     0.500000         7258         2.00
    4104.191     0.550000         7988         2.22
    4272.127     0.600000         8708         2.50
    4399.103     0.650000         9445         2.86
    4526.079     0.700000        10161         3.33
    4657.151     0.750000        10881         4.00
    4751.359     0.775000        11252         4.44
    4853.759     0.800000        11611         5.00
    4947.967     0.825000        11987         5.71
    5046.271     0.850000        12334         6.67
    5165.055     0.875000        12712         8.00
    5201.919     0.887500        12896         8.89
    5230.591     0.900000        13068        10.00
    5267.455     0.912500        13259        11.43
    5312.511     0.925000        13419        13.33
    5357.567     0.937500        13614        16.00
    5382.143     0.943750        13693        17.78
    5414.911     0.950000        13784        20.00
    5455.871     0.956250        13874        22.86
    5496.831     0.962500        13965        26.67
    5550.079     0.968750        14053        32.00
    5578.751     0.971875        14101        35.56
    5603.327     0.975000        14144        40.00
    5623.807     0.978125        14189        45.71
    5656.575     0.981250        14236        53.33
    5693.439     0.984375        14280        64.00
    5718.015     0.985938        14307        71.11
    5734.399     0.987500        14327        80.00
    5763.071     0.989062        14349        91.43
    5783.551     0.990625        14373       106.67
    5804.031     0.992188        14396       128.00
    5828.607     0.992969        14405       142.22
    5857.279     0.993750        14422       160.00
    5873.663     0.994531        14427       182.86
    5906.431     0.995313        14441       213.33
    5926.911     0.996094        14452       256.00
    5931.007     0.996484        14458       284.44
    5935.103     0.996875        14461       320.00
    5943.295     0.997266        14468       365.71
    5959.679     0.997656        14473       426.67
    5963.775     0.998047        14481       512.00
    5963.775     0.998242        14481       568.89
    5971.967     0.998437        14484       640.00
    5976.063     0.998633        14488       731.43
    5984.255     0.998828        14491       853.33
    5988.351     0.999023        14492      1024.00
    5992.447     0.999121        14496      1137.78
    5992.447     0.999219        14496      1280.00
    5996.543     0.999316        14499      1462.86
    5996.543     0.999414        14499      1706.67
    5996.543     0.999512        14499      2048.00
    6000.639     0.999561        14500      2275.56
    6004.735     0.999609        14504      2560.00
    6004.735     0.999658        14504      2925.71
    6004.735     0.999707        14504      3413.33
    6004.735     0.999756        14504      4096.00
    6004.735     0.999780        14504      4551.11
    6004.735     0.999805        14504      5120.00
    6004.735     0.999829        14504      5851.43
    6004.735     0.999854        14504      6826.67
    6012.927     0.999878        14505      8192.00
    6012.927     0.999890        14505      9102.22
    6012.927     0.999902        14505     10240.00
    6012.927     0.999915        14505     11702.86
    6012.927     0.999927        14505     13653.33
    6021.119     0.999939        14506     16384.00
    6021.119     1.000000        14506          inf
#[Mean    =     3805.561, StdDeviation   =     1079.589]
#[Max     =     6017.024, Total count    =        14506]
#[Buckets =           27, SubBuckets     =         2048]
----------------------------------------------------------
  21709 requests in 30.00s, 4.45MB read
Requests/sec:    723.62
Transfer/sec:    151.93KB
