2021-02-23 11:57:07,239 - INFO Starting service, mq host: 'localhost', input: 'computeTask', output: 'sink'
2021-02-23 11:57:07,247 - INFO  compute Waiting for Requests. To exit press CTRL+C
INFO:log_computetask: compute Waiting for Requests. To exit press CTRL+C
2021-02-23 11:57:16,108 - INFO compute fin req ts: 1614077836.1080112 totDur: 0.032546043395996094 txDur: 0.002683877944946289 wait: 0.0006382465362548828 iter: 1100000
INFO:log_computetask:compute fin req ts: 1614077836.1080112 totDur: 0.032546043395996094 txDur: 0.002683877944946289 wait: 0.0006382465362548828 iter: 1100000
2021-02-23 11:57:20,114 - INFO compute fin req ts: 1614077840.114948 totDur: 0.03733992576599121 txDur: 0.002148151397705078 wait: 0.00039505958557128906 iter: 1100000
INFO:log_computetask:compute fin req ts: 1614077840.114948 totDur: 0.03733992576599121 txDur: 0.002148151397705078 wait: 0.00039505958557128906 iter: 1100000
2021-02-23 11:57:24,109 - INFO compute fin req ts: 1614077844.1099513 totDur: 0.030862808227539062 txDur: 0.002316713333129883 wait: 0.00042819976806640625 iter: 1100000
INFO:log_computetask:compute fin req ts: 1614077844.1099513 totDur: 0.030862808227539062 txDur: 0.002316713333129883 wait: 0.00042819976806640625 iter: 1100000
2021-02-23 11:57:28,109 - INFO compute fin req ts: 1614077848.1096315 totDur: 0.030919551849365234 txDur: 0.0020215511322021484 wait: 0.00043487548828125 iter: 1100000
INFO:log_computetask:compute fin req ts: 1614077848.1096315 totDur: 0.030919551849365234 txDur: 0.0020215511322021484 wait: 0.00043487548828125 iter: 1100000
2021-02-23 11:57:32,109 - INFO compute fin req ts: 1614077852.1093872 totDur: 0.03184914588928223 txDur: 0.0019254684448242188 wait: 0.00039577484130859375 iter: 1100000
INFO:log_computetask:compute fin req ts: 1614077852.1093872 totDur: 0.03184914588928223 txDur: 0.0019254684448242188 wait: 0.00039577484130859375 iter: 1100000
2021-02-23 11:57:36,113 - INFO compute fin req ts: 1614077856.1137958 totDur: 0.035271406173706055 txDur: 0.0018002986907958984 wait: 0.0003974437713623047 iter: 1100000
INFO:log_computetask:compute fin req ts: 1614077856.1137958 totDur: 0.035271406173706055 txDur: 0.0018002986907958984 wait: 0.0003974437713623047 iter: 1100000
2021-02-23 11:57:40,114 - INFO compute fin req ts: 1614077860.1141155 totDur: 0.03600764274597168 txDur: 0.0016872882843017578 wait: 0.00041222572326660156 iter: 1100000
INFO:log_computetask:compute fin req ts: 1614077860.1141155 totDur: 0.03600764274597168 txDur: 0.0016872882843017578 wait: 0.00041222572326660156 iter: 1100000
2021-02-23 11:57:44,103 - INFO compute fin req ts: 1614077864.1034238 totDur: 0.027392864227294922 txDur: 0.0008044242858886719 wait: 0.00015163421630859375 iter: 1100000
INFO:log_computetask:compute fin req ts: 1614077864.1034238 totDur: 0.027392864227294922 txDur: 0.0008044242858886719 wait: 0.00015163421630859375 iter: 1100000
2021-02-23 11:57:48,139 - INFO compute fin req ts: 1614077868.1390164 totDur: 0.06090593338012695 txDur: 0.0015020370483398438 wait: 0.0003285408020019531 iter: 1100000
INFO:log_computetask:compute fin req ts: 1614077868.1390164 totDur: 0.06090593338012695 txDur: 0.0015020370483398438 wait: 0.0003285408020019531 iter: 1100000
2021-02-23 11:57:52,108 - INFO compute fin req ts: 1614077872.108887 totDur: 0.030437946319580078 txDur: 0.0018579959869384766 wait: 0.0004525184631347656 iter: 1100000
INFO:log_computetask:compute fin req ts: 1614077872.108887 totDur: 0.030437946319580078 txDur: 0.0018579959869384766 wait: 0.0004525184631347656 iter: 1100000
2021-02-23 11:57:56,110 - INFO compute fin req ts: 1614077876.1106815 totDur: 0.032128334045410156 txDur: 0.0018048286437988281 wait: 0.0004048347473144531 iter: 1100000
INFO:log_computetask:compute fin req ts: 1614077876.1106815 totDur: 0.032128334045410156 txDur: 0.0018048286437988281 wait: 0.0004048347473144531 iter: 1100000
2021-02-23 11:58:00,108 - INFO compute fin req ts: 1614077880.1084514 totDur: 0.029951810836791992 txDur: 0.0017893314361572266 wait: 0.0004138946533203125 iter: 1100000
INFO:log_computetask:compute fin req ts: 1614077880.1084514 totDur: 0.029951810836791992 txDur: 0.0017893314361572266 wait: 0.0004138946533203125 iter: 1100000
2021-02-23 11:58:07,117 - INFO compute fin req ts: 1614077887.1171067 totDur: 0.03673052787780762 txDur: 0.0018711090087890625 wait: 0.0004062652587890625 iter: 1100000
INFO:log_computetask:compute fin req ts: 1614077887.1171067 totDur: 0.03673052787780762 txDur: 0.0018711090087890625 wait: 0.0004062652587890625 iter: 1100000
2021-02-23 11:58:14,116 - INFO compute fin req ts: 1614077894.1162488 totDur: 0.034700870513916016 txDur: 0.0018491744995117188 wait: 0.00038886070251464844 iter: 1100000
INFO:log_computetask:compute fin req ts: 1614077894.1162488 totDur: 0.034700870513916016 txDur: 0.0018491744995117188 wait: 0.00038886070251464844 iter: 1100000
